2022-07-15 22:19:56.875  INFO trungnd2-System-Product-Name --- [           main] v.i.a.r.Main                             : Starting Main using Java 11.0.15 on trungnd2-System-Product-Name with PID 12215 (/home/trungnd2/Documents/project/new/_insee/AdminServer/target/classes started by trungnd2 in /home/trungnd2/Documents/project/new/_insee)
2022-07-15 22:19:56.896  INFO trungnd2-System-Product-Name --- [           main] v.i.a.r.Main                             : The following profiles are active: local
2022-07-15 22:19:57.580  INFO trungnd2-System-Product-Name --- [           main] .s.d.r.c.RepositoryConfigurationDelegate : Bootstrapping Spring Data JPA repositories in DEFAULT mode.
2022-07-15 22:19:57.670  INFO trungnd2-System-Product-Name --- [           main] .s.d.r.c.RepositoryConfigurationDelegate : Finished Spring Data repository scanning in 72 ms. Found 16 JPA repository interfaces.
2022-07-15 22:19:58.238  INFO trungnd2-System-Product-Name --- [           main] trationDelegate$BeanPostProcessorChecker : Bean 'org.springframework.hateoas.config.HateoasConfiguration' of type [org.springframework.hateoas.config.HateoasConfiguration] is not eligible for getting processed by all BeanPostProcessors (for example: not eligible for auto-proxying)
2022-07-15 22:19:58.244  INFO trungnd2-System-Product-Name --- [           main] trationDelegate$BeanPostProcessorChecker : Bean 'relProviderPluginRegistry' of type [org.springframework.plugin.core.support.PluginRegistryFactoryBean] is not eligible for getting processed by all BeanPostProcessors (for example: not eligible for auto-proxying)
2022-07-15 22:19:58.256  INFO trungnd2-System-Product-Name --- [           main] trationDelegate$BeanPostProcessorChecker : Bean 'relProviderPluginRegistry' of type [org.springframework.plugin.core.OrderAwarePluginRegistry] is not eligible for getting processed by all BeanPostProcessors (for example: not eligible for auto-proxying)
2022-07-15 22:19:58.264  INFO trungnd2-System-Product-Name --- [           main] trationDelegate$BeanPostProcessorChecker : Bean '_relProvider' of type [org.springframework.hateoas.server.core.DelegatingLinkRelationProvider] is not eligible for getting processed by all BeanPostProcessors (for example: not eligible for auto-proxying)
2022-07-15 22:19:58.275  INFO trungnd2-System-Product-Name --- [           main] trationDelegate$BeanPostProcessorChecker : Bean 'messageResolver' of type [org.springframework.hateoas.mediatype.MessageSourceResolver] is not eligible for getting processed by all BeanPostProcessors (for example: not eligible for auto-proxying)
2022-07-15 22:19:58.277  INFO trungnd2-System-Product-Name --- [           main] trationDelegate$BeanPostProcessorChecker : Bean 'org.springframework.data.web.config.SpringDataJacksonConfiguration' of type [org.springframework.data.web.config.SpringDataJacksonConfiguration] is not eligible for getting processed by all BeanPostProcessors (for example: not eligible for auto-proxying)
2022-07-15 22:19:58.280  INFO trungnd2-System-Product-Name --- [           main] trationDelegate$BeanPostProcessorChecker : Bean 'jacksonGeoModule' of type [org.springframework.data.geo.GeoModule] is not eligible for getting processed by all BeanPostProcessors (for example: not eligible for auto-proxying)
2022-07-15 22:19:58.294  INFO trungnd2-System-Product-Name --- [           main] trationDelegate$BeanPostProcessorChecker : Bean 'org.springframework.boot.autoconfigure.data.rest.RepositoryRestMvcAutoConfiguration' of type [org.springframework.boot.autoconfigure.data.rest.RepositoryRestMvcAutoConfiguration] is not eligible for getting processed by all BeanPostProcessors (for example: not eligible for auto-proxying)
2022-07-15 22:19:58.296  INFO trungnd2-System-Product-Name --- [           main] trationDelegate$BeanPostProcessorChecker : Bean 'org.springframework.boot.autoconfigure.jackson.JacksonAutoConfiguration$JacksonObjectMapperBuilderConfiguration' of type [org.springframework.boot.autoconfigure.jackson.JacksonAutoConfiguration$JacksonObjectMapperBuilderConfiguration] is not eligible for getting processed by all BeanPostProcessors (for example: not eligible for auto-proxying)
2022-07-15 22:19:58.299  INFO trungnd2-System-Product-Name --- [           main] trationDelegate$BeanPostProcessorChecker : Bean 'org.springframework.boot.autoconfigure.jackson.JacksonAutoConfiguration$Jackson2ObjectMapperBuilderCustomizerConfiguration' of type [org.springframework.boot.autoconfigure.jackson.JacksonAutoConfiguration$Jackson2ObjectMapperBuilderCustomizerConfiguration] is not eligible for getting processed by all BeanPostProcessors (for example: not eligible for auto-proxying)
2022-07-15 22:19:58.314  INFO trungnd2-System-Product-Name --- [           main] trationDelegate$BeanPostProcessorChecker : Bean 'spring.jackson-org.springframework.boot.autoconfigure.jackson.JacksonProperties' of type [org.springframework.boot.autoconfigure.jackson.JacksonProperties] is not eligible for getting processed by all BeanPostProcessors (for example: not eligible for auto-proxying)
2022-07-15 22:19:58.315  INFO trungnd2-System-Product-Name --- [           main] trationDelegate$BeanPostProcessorChecker : Bean 'standardJacksonObjectMapperBuilderCustomizer' of type [org.springframework.boot.autoconfigure.jackson.JacksonAutoConfiguration$Jackson2ObjectMapperBuilderCustomizerConfiguration$StandardJackson2ObjectMapperBuilderCustomizer] is not eligible for getting processed by all BeanPostProcessors (for example: not eligible for auto-proxying)
2022-07-15 22:19:58.318  INFO trungnd2-System-Product-Name --- [           main] trationDelegate$BeanPostProcessorChecker : Bean 'org.springframework.boot.autoconfigure.jackson.JacksonAutoConfiguration$ParameterNamesModuleConfiguration' of type [org.springframework.boot.autoconfigure.jackson.JacksonAutoConfiguration$ParameterNamesModuleConfiguration] is not eligible for getting processed by all BeanPostProcessors (for example: not eligible for auto-proxying)
2022-07-15 22:19:58.319  INFO trungnd2-System-Product-Name --- [           main] trationDelegate$BeanPostProcessorChecker : Bean 'parameterNamesModule' of type [com.fasterxml.jackson.module.paramnames.ParameterNamesModule] is not eligible for getting processed by all BeanPostProcessors (for example: not eligible for auto-proxying)
2022-07-15 22:19:58.320  INFO trungnd2-System-Product-Name --- [           main] trationDelegate$BeanPostProcessorChecker : Bean 'org.springframework.boot.autoconfigure.jackson.JacksonAutoConfiguration' of type [org.springframework.boot.autoconfigure.jackson.JacksonAutoConfiguration] is not eligible for getting processed by all BeanPostProcessors (for example: not eligible for auto-proxying)
2022-07-15 22:19:58.331  INFO trungnd2-System-Product-Name --- [           main] trationDelegate$BeanPostProcessorChecker : Bean 'jsonComponentModule' of type [org.springframework.boot.jackson.JsonComponentModule] is not eligible for getting processed by all BeanPostProcessors (for example: not eligible for auto-proxying)
2022-07-15 22:19:58.333  INFO trungnd2-System-Product-Name --- [           main] trationDelegate$BeanPostProcessorChecker : Bean 'jacksonObjectMapperBuilder' of type [org.springframework.http.converter.json.Jackson2ObjectMapperBuilder] is not eligible for getting processed by all BeanPostProcessors (for example: not eligible for auto-proxying)
2022-07-15 22:19:58.339  INFO trungnd2-System-Product-Name --- [           main] trationDelegate$BeanPostProcessorChecker : Bean 'spring.data.rest-org.springframework.boot.autoconfigure.data.rest.RepositoryRestProperties' of type [org.springframework.boot.autoconfigure.data.rest.RepositoryRestProperties] is not eligible for getting processed by all BeanPostProcessors (for example: not eligible for auto-proxying)
2022-07-15 22:19:58.340  INFO trungnd2-System-Product-Name --- [           main] trationDelegate$BeanPostProcessorChecker : Bean 'springBootRepositoryRestConfigurer' of type [org.springframework.boot.autoconfigure.data.rest.SpringBootRepositoryRestConfigurer] is not eligible for getting processed by all BeanPostProcessors (for example: not eligible for auto-proxying)
2022-07-15 22:19:58.341  INFO trungnd2-System-Product-Name --- [           main] trationDelegate$BeanPostProcessorChecker : Bean 'configurerDelegate' of type [org.springframework.data.rest.webmvc.config.RepositoryRestConfigurerDelegate] is not eligible for getting processed by all BeanPostProcessors (for example: not eligible for auto-proxying)
2022-07-15 22:19:58.347  INFO trungnd2-System-Product-Name --- [           main] trationDelegate$BeanPostProcessorChecker : Bean 'org.springframework.boot.autoconfigure.http.HttpMessageConvertersAutoConfiguration$StringHttpMessageConverterConfiguration' of type [org.springframework.boot.autoconfigure.http.HttpMessageConvertersAutoConfiguration$StringHttpMessageConverterConfiguration] is not eligible for getting processed by all BeanPostProcessors (for example: not eligible for auto-proxying)
2022-07-15 22:19:58.354  INFO trungnd2-System-Product-Name --- [           main] trationDelegate$BeanPostProcessorChecker : Bean 'stringHttpMessageConverter' of type [org.springframework.http.converter.StringHttpMessageConverter] is not eligible for getting processed by all BeanPostProcessors (for example: not eligible for auto-proxying)
2022-07-15 22:19:58.357  INFO trungnd2-System-Product-Name --- [           main] trationDelegate$BeanPostProcessorChecker : Bean 'org.springframework.boot.autoconfigure.http.JacksonHttpMessageConvertersConfiguration$MappingJackson2HttpMessageConverterConfiguration' of type [org.springframework.boot.autoconfigure.http.JacksonHttpMessageConvertersConfiguration$MappingJackson2HttpMessageConverterConfiguration] is not eligible for getting processed by all BeanPostProcessors (for example: not eligible for auto-proxying)
2022-07-15 22:19:58.359  INFO trungnd2-System-Product-Name --- [           main] trationDelegate$BeanPostProcessorChecker : Bean 'beanConfig' of type [vn.insee.config.BeanConfig$$EnhancerBySpringCGLIB$$61add130] is not eligible for getting processed by all BeanPostProcessors (for example: not eligible for auto-proxying)
2022-07-15 22:19:58.403  INFO trungnd2-System-Product-Name --- [           main] trationDelegate$BeanPostProcessorChecker : Bean 'objectMapper' of type [com.fasterxml.jackson.databind.ObjectMapper] is not eligible for getting processed by all BeanPostProcessors (for example: not eligible for auto-proxying)
2022-07-15 22:19:58.429  INFO trungnd2-System-Product-Name --- [           main] trationDelegate$BeanPostProcessorChecker : Bean 'mappingJackson2HttpMessageConverter' of type [org.springframework.http.converter.json.MappingJackson2HttpMessageConverter] is not eligible for getting processed by all BeanPostProcessors (for example: not eligible for auto-proxying)
2022-07-15 22:19:58.431  INFO trungnd2-System-Product-Name --- [           main] trationDelegate$BeanPostProcessorChecker : Bean 'org.springframework.data.rest.webmvc.config.RepositoryRestMvcConfiguration' of type [org.springframework.data.rest.webmvc.config.RepositoryRestMvcConfiguration] is not eligible for getting processed by all BeanPostProcessors (for example: not eligible for auto-proxying)
2022-07-15 22:19:58.819  INFO trungnd2-System-Product-Name --- [           main] o.s.b.w.e.t.TomcatWebServer              : Tomcat initialized with port(s): 7955 (http)
2022-07-15 22:19:58.838  INFO trungnd2-System-Product-Name --- [           main] o.a.c.h.Http11NioProtocol                : Initializing ProtocolHandler ["http-nio-7955"]
2022-07-15 22:19:58.839  INFO trungnd2-System-Product-Name --- [           main] o.a.c.c.StandardService                  : Starting service [Tomcat]
2022-07-15 22:19:58.840  INFO trungnd2-System-Product-Name --- [           main] o.a.c.c.StandardEngine                   : Starting Servlet engine: [Apache Tomcat/9.0.41]
2022-07-15 22:19:58.959  INFO trungnd2-System-Product-Name --- [           main] o.a.c.c.C.[.[.[/]                        : Initializing Spring embedded WebApplicationContext
2022-07-15 22:19:58.959  INFO trungnd2-System-Product-Name --- [           main] w.s.c.ServletWebServerApplicationContext : Root WebApplicationContext: initialization completed in 1995 ms
2022-07-15 22:19:59.017  WARN trungnd2-System-Product-Name --- [           main] JpaBaseConfiguration$JpaWebConfiguration : spring.jpa.open-in-view is enabled by default. Therefore, database queries may be performed during view rendering. Explicitly configure spring.jpa.open-in-view to disable this warning
2022-07-15 22:19:59.195  INFO trungnd2-System-Product-Name --- [           main] c.z.h.HikariDataSource                   : HikariPool-1 - Starting...
2022-07-15 22:19:59.513  INFO trungnd2-System-Product-Name --- [           main] c.z.h.HikariDataSource                   : HikariPool-1 - Start completed.
2022-07-15 22:19:59.571  INFO trungnd2-System-Product-Name --- [           main] o.h.j.i.u.LogHelper                      : HHH000204: Processing PersistenceUnitInfo [name: default]
2022-07-15 22:19:59.606  INFO trungnd2-System-Product-Name --- [           main] o.h.Version                              : HHH000412: Hibernate ORM core version 5.4.25.Final
2022-07-15 22:19:59.695  INFO trungnd2-System-Product-Name --- [           main] o.h.a.c.Version                          : HCANN000001: Hibernate Commons Annotations {5.1.2.Final}
2022-07-15 22:19:59.784  INFO trungnd2-System-Product-Name --- [           main] o.h.d.Dialect                            : HHH000400: Using dialect: org.hibernate.dialect.PostgreSQL9Dialect
2022-07-15 22:20:00.017  INFO trungnd2-System-Product-Name --- [           main] Hibernate Types                          : is proudly powered by:

>>>>>>>>>>>>>>>>>>>>>>>>>>>>>>>>>>>>>>>>>>>>>>>>>>>>>>>>>>>>>>>>
 _    _                           _     _
| |  | |                         (_)   | |
| |__| |_   _ _ __   ___ _ __ ___ _ ___| |_ ___ _ __   ___ ___
|  __  | | | | '_ \ / _ \ '__/ __| / __| __/ _ \ '_ \ / __/ _ \
| |  | | |_| | |_) |  __/ |  \__ \ \__ \ ||  __/ | | | (_|  __/
|_|  |_|\__, | .__/ \___|_|  |___/_|___/\__\___|_| |_|\___\___|
         __/ | |
        |___/|_|

At Hypersistence, we only build amazing tools, like Hibernate Types, Flexy Pool, or Hypersistence Optimizer.
What if there was a tool that couuld automatically detect JPA and Hibernate performance issues?
Hypersistence Optimizer is that tool!
For more details, go to: 

https://vladmihalcea.com/hypersistence-optimizer/
<<<<<<<<<<<<<<<<<<<<<<<<<<<<<<<<<<<<<<<<<<<<<<<<<<<<<<<<<<<<<<<<

2022-07-15 22:20:00.482 ERROR trungnd2-System-Product-Name --- [           main] o.h.m.i.MetadataContext                  : HHH015007: Illegal argument on static metamodel field injection : vn.insee.jpa.entity.UserEntity_#products; expected type :  org.hibernate.metamodel.model.domain.internal.SingularAttributeImpl; encountered type : javax.persistence.metamodel.ListAttribute
2022-07-15 22:20:00.483 ERROR trungnd2-System-Product-Name --- [           main] o.h.m.i.MetadataContext                  : HHH015007: Illegal argument on static metamodel field injection : vn.insee.jpa.entity.UserEntity_#sessions; expected type :  org.hibernate.metamodel.model.domain.internal.SingularAttributeImpl; encountered type : javax.persistence.metamodel.ListAttribute
2022-07-15 22:20:00.484 ERROR trungnd2-System-Product-Name --- [           main] o.h.m.i.MetadataContext                  : HHH015007: Illegal argument on static metamodel field injection : vn.insee.jpa.entity.BroadcastEntity_#cityIds; expected type :  org.hibernate.metamodel.model.domain.internal.SingularAttributeImpl; encountered type : javax.persistence.metamodel.ListAttribute
2022-07-15 22:20:00.484 ERROR trungnd2-System-Product-Name --- [           main] o.h.m.i.MetadataContext                  : HHH015007: Illegal argument on static metamodel field injection : vn.insee.jpa.entity.BroadcastEntity_#userIds; expected type :  org.hibernate.metamodel.model.domain.internal.SingularAttributeImpl; encountered type : javax.persistence.metamodel.ListAttribute
2022-07-15 22:20:00.484 ERROR trungnd2-System-Product-Name --- [           main] o.h.m.i.MetadataContext                  : HHH015007: Illegal argument on static metamodel field injection : vn.insee.jpa.entity.BroadcastEntity_#districtIds; expected type :  org.hibernate.metamodel.model.domain.internal.SingularAttributeImpl; encountered type : javax.persistence.metamodel.ListAttribute
2022-07-15 22:20:00.484 ERROR trungnd2-System-Product-Name --- [           main] o.h.m.i.MetadataContext                  : HHH015007: Illegal argument on static metamodel field injection : vn.insee.jpa.entity.BroadcastEntity_#clickers; expected type :  org.hibernate.metamodel.model.domain.internal.SingularAttributeImpl; encountered type : javax.persistence.metamodel.ListAttribute
2022-07-15 22:20:00.486 ERROR trungnd2-System-Product-Name --- [           main] o.h.m.i.MetadataContext                  : HHH015007: Illegal argument on static metamodel field injection : vn.insee.jpa.entity.FormEntity_#gifts; expected type :  org.hibernate.metamodel.model.domain.internal.SingularAttributeImpl; encountered type : javax.persistence.metamodel.ListAttribute
2022-07-15 22:20:00.487 ERROR trungnd2-System-Product-Name --- [           main] o.h.m.i.MetadataContext                  : HHH015007: Illegal argument on static metamodel field injection : vn.insee.jpa.entity.FormEntity_#cements; expected type :  org.hibernate.metamodel.model.domain.internal.SingularAttributeImpl; encountered type : javax.persistence.metamodel.ListAttribute
2022-07-15 22:20:00.487 ERROR trungnd2-System-Product-Name --- [           main] o.h.m.i.MetadataContext                  : HHH015007: Illegal argument on static metamodel field injection : vn.insee.jpa.entity.PromotionEntity_#districtIds; expected type :  org.hibernate.metamodel.model.domain.internal.SingularAttributeImpl; encountered type : javax.persistence.metamodel.ListAttribute
2022-07-15 22:20:00.487 ERROR trungnd2-System-Product-Name --- [           main] o.h.m.i.MetadataContext                  : HHH015007: Illegal argument on static metamodel field injection : vn.insee.jpa.entity.PromotionEntity_#cements; expected type :  org.hibernate.metamodel.model.domain.internal.SingularAttributeImpl; encountered type : javax.persistence.metamodel.ListAttribute
2022-07-15 22:20:00.487 ERROR trungnd2-System-Product-Name --- [           main] o.h.m.i.MetadataContext                  : HHH015007: Illegal argument on static metamodel field injection : vn.insee.jpa.entity.PromotionEntity_#cityIds; expected type :  org.hibernate.metamodel.model.domain.internal.SingularAttributeImpl; encountered type : javax.persistence.metamodel.ListAttribute
2022-07-15 22:20:00.488 ERROR trungnd2-System-Product-Name --- [           main] o.h.m.i.MetadataContext                  : HHH015007: Illegal argument on static metamodel field injection : vn.insee.jpa.entity.PostEntity_#districtIds; expected type :  org.hibernate.metamodel.model.domain.internal.SingularAttributeImpl; encountered type : javax.persistence.metamodel.ListAttribute
2022-07-15 22:20:00.488 ERROR trungnd2-System-Product-Name --- [           main] o.h.m.i.MetadataContext                  : HHH015007: Illegal argument on static metamodel field injection : vn.insee.jpa.entity.PostEntity_#cityIds; expected type :  org.hibernate.metamodel.model.domain.internal.SingularAttributeImpl; encountered type : javax.persistence.metamodel.ListAttribute
2022-07-15 22:20:00.494  INFO trungnd2-System-Product-Name --- [           main] o.h.e.t.j.p.i.JtaPlatformInitiator       : HHH000490: Using JtaPlatform implementation: [org.hibernate.engine.transaction.jta.platform.internal.NoJtaPlatform]
2022-07-15 22:20:00.501  INFO trungnd2-System-Product-Name --- [           main] j.LocalContainerEntityManagerFactoryBean : Initialized JPA EntityManagerFactory for persistence unit 'default'
2022-07-15 22:20:02.029  INFO trungnd2-System-Product-Name --- [           main] o.s.s.c.ThreadPoolTaskExecutor           : Initializing ExecutorService 'applicationTaskExecutor'
2022-07-15 22:20:02.146  INFO trungnd2-System-Product-Name --- [           main] j.s.t.ScheduledThreadPoolJobRunrExecutor : ThreadManager of type 'ScheduledThreadPool' started
2022-07-15 22:20:02.147  INFO trungnd2-System-Product-Name --- [pool-2-thread-1] o.j.s.BackgroundJobServer                : JobRunr BackgroundJobServer (bda3c278-fb9f-448a-967f-eedfc21129b5) and 48 BackgroundJobPerformers started successfully
2022-07-15 22:20:02.149  INFO trungnd2-System-Product-Name --- [pool-2-thread-1] o.j.s.ServerZooKeeper                    : Server bda3c278-fb9f-448a-967f-eedfc21129b5 is master (this BackgroundJobServer)
2022-07-15 22:20:02.175  INFO trungnd2-System-Product-Name --- [           main] o.j.d.JobRunrDashboardWebServer          : JobRunr Dashboard started at http://localhost:8000/dashboard
2022-07-15 22:20:02.314  INFO trungnd2-System-Product-Name --- [           main] o.s.s.c.ThreadPoolTaskScheduler          : Initializing ExecutorService 'taskScheduler'
2022-07-15 22:20:02.335  INFO trungnd2-System-Product-Name --- [           main] o.a.c.h.Http11NioProtocol                : Starting ProtocolHandler ["http-nio-7955"]
2022-07-15 22:20:02.343  INFO trungnd2-System-Product-Name --- [           main] o.s.b.w.e.t.TomcatWebServer              : Tomcat started on port(s): 7955 (http) with context path ''
2022-07-15 22:20:02.487  INFO trungnd2-System-Product-Name --- [           main] v.i.a.r.Main                             : Started Main in 5.989 seconds (JVM running for 7.208)
2022-07-15 22:22:41.724  INFO trungnd2-System-Product-Name --- [extShutdownHook] o.s.s.c.ThreadPoolTaskScheduler          : Shutting down ExecutorService 'taskScheduler'
2022-07-15 22:22:41.726  INFO trungnd2-System-Product-Name --- [extShutdownHook] o.j.d.JobRunrDashboardWebServer          : JobRunr dashboard stopped
2022-07-15 22:22:41.729  INFO trungnd2-System-Product-Name --- [extShutdownHook] o.j.s.BackgroundJobServer                : BackgroundJobServer and BackgroundJobPerformers stopped
2022-07-15 22:22:41.729  INFO trungnd2-System-Product-Name --- [extShutdownHook] o.s.s.c.ThreadPoolTaskExecutor           : Shutting down ExecutorService 'applicationTaskExecutor'
2022-07-15 22:22:41.734  INFO trungnd2-System-Product-Name --- [extShutdownHook] j.LocalContainerEntityManagerFactoryBean : Closing JPA EntityManagerFactory for persistence unit 'default'
2022-07-15 22:22:41.736  INFO trungnd2-System-Product-Name --- [extShutdownHook] c.z.h.HikariDataSource                   : HikariPool-1 - Shutdown initiated...
2022-07-15 22:22:41.748  INFO trungnd2-System-Product-Name --- [extShutdownHook] c.z.h.HikariDataSource                   : HikariPool-1 - Shutdown completed.
2022-07-15 22:22:48.456  INFO trungnd2-System-Product-Name --- [           main] v.i.a.r.Main                             : Starting Main using Java 11.0.15 on trungnd2-System-Product-Name with PID 12928 (/home/trungnd2/Documents/project/new/_insee/AdminServer/target/classes started by trungnd2 in /home/trungnd2/Documents/project/new/_insee)
2022-07-15 22:22:48.462  INFO trungnd2-System-Product-Name --- [           main] v.i.a.r.Main                             : The following profiles are active: local
2022-07-15 22:22:48.949  INFO trungnd2-System-Product-Name --- [           main] .s.d.r.c.RepositoryConfigurationDelegate : Bootstrapping Spring Data JPA repositories in DEFAULT mode.
2022-07-15 22:22:49.014  INFO trungnd2-System-Product-Name --- [           main] .s.d.r.c.RepositoryConfigurationDelegate : Finished Spring Data repository scanning in 60 ms. Found 16 JPA repository interfaces.
2022-07-15 22:22:49.397  INFO trungnd2-System-Product-Name --- [           main] trationDelegate$BeanPostProcessorChecker : Bean 'org.springframework.hateoas.config.HateoasConfiguration' of type [org.springframework.hateoas.config.HateoasConfiguration] is not eligible for getting processed by all BeanPostProcessors (for example: not eligible for auto-proxying)
2022-07-15 22:22:49.400  INFO trungnd2-System-Product-Name --- [           main] trationDelegate$BeanPostProcessorChecker : Bean 'relProviderPluginRegistry' of type [org.springframework.plugin.core.support.PluginRegistryFactoryBean] is not eligible for getting processed by all BeanPostProcessors (for example: not eligible for auto-proxying)
2022-07-15 22:22:49.405  INFO trungnd2-System-Product-Name --- [           main] trationDelegate$BeanPostProcessorChecker : Bean 'relProviderPluginRegistry' of type [org.springframework.plugin.core.OrderAwarePluginRegistry] is not eligible for getting processed by all BeanPostProcessors (for example: not eligible for auto-proxying)
2022-07-15 22:22:49.409  INFO trungnd2-System-Product-Name --- [           main] trationDelegate$BeanPostProcessorChecker : Bean '_relProvider' of type [org.springframework.hateoas.server.core.DelegatingLinkRelationProvider] is not eligible for getting processed by all BeanPostProcessors (for example: not eligible for auto-proxying)
2022-07-15 22:22:49.413  INFO trungnd2-System-Product-Name --- [           main] trationDelegate$BeanPostProcessorChecker : Bean 'messageResolver' of type [org.springframework.hateoas.mediatype.MessageSourceResolver] is not eligible for getting processed by all BeanPostProcessors (for example: not eligible for auto-proxying)
2022-07-15 22:22:49.415  INFO trungnd2-System-Product-Name --- [           main] trationDelegate$BeanPostProcessorChecker : Bean 'org.springframework.data.web.config.SpringDataJacksonConfiguration' of type [org.springframework.data.web.config.SpringDataJacksonConfiguration] is not eligible for getting processed by all BeanPostProcessors (for example: not eligible for auto-proxying)
2022-07-15 22:22:49.418  INFO trungnd2-System-Product-Name --- [           main] trationDelegate$BeanPostProcessorChecker : Bean 'jacksonGeoModule' of type [org.springframework.data.geo.GeoModule] is not eligible for getting processed by all BeanPostProcessors (for example: not eligible for auto-proxying)
2022-07-15 22:22:49.428  INFO trungnd2-System-Product-Name --- [           main] trationDelegate$BeanPostProcessorChecker : Bean 'org.springframework.boot.autoconfigure.data.rest.RepositoryRestMvcAutoConfiguration' of type [org.springframework.boot.autoconfigure.data.rest.RepositoryRestMvcAutoConfiguration] is not eligible for getting processed by all BeanPostProcessors (for example: not eligible for auto-proxying)
2022-07-15 22:22:49.430  INFO trungnd2-System-Product-Name --- [           main] trationDelegate$BeanPostProcessorChecker : Bean 'org.springframework.boot.autoconfigure.jackson.JacksonAutoConfiguration$JacksonObjectMapperBuilderConfiguration' of type [org.springframework.boot.autoconfigure.jackson.JacksonAutoConfiguration$JacksonObjectMapperBuilderConfiguration] is not eligible for getting processed by all BeanPostProcessors (for example: not eligible for auto-proxying)
2022-07-15 22:22:49.432  INFO trungnd2-System-Product-Name --- [           main] trationDelegate$BeanPostProcessorChecker : Bean 'org.springframework.boot.autoconfigure.jackson.JacksonAutoConfiguration$Jackson2ObjectMapperBuilderCustomizerConfiguration' of type [org.springframework.boot.autoconfigure.jackson.JacksonAutoConfiguration$Jackson2ObjectMapperBuilderCustomizerConfiguration] is not eligible for getting processed by all BeanPostProcessors (for example: not eligible for auto-proxying)
2022-07-15 22:22:49.442  INFO trungnd2-System-Product-Name --- [           main] trationDelegate$BeanPostProcessorChecker : Bean 'spring.jackson-org.springframework.boot.autoconfigure.jackson.JacksonProperties' of type [org.springframework.boot.autoconfigure.jackson.JacksonProperties] is not eligible for getting processed by all BeanPostProcessors (for example: not eligible for auto-proxying)
2022-07-15 22:22:49.442  INFO trungnd2-System-Product-Name --- [           main] trationDelegate$BeanPostProcessorChecker : Bean 'standardJacksonObjectMapperBuilderCustomizer' of type [org.springframework.boot.autoconfigure.jackson.JacksonAutoConfiguration$Jackson2ObjectMapperBuilderCustomizerConfiguration$StandardJackson2ObjectMapperBuilderCustomizer] is not eligible for getting processed by all BeanPostProcessors (for example: not eligible for auto-proxying)
2022-07-15 22:22:49.444  INFO trungnd2-System-Product-Name --- [           main] trationDelegate$BeanPostProcessorChecker : Bean 'org.springframework.boot.autoconfigure.jackson.JacksonAutoConfiguration$ParameterNamesModuleConfiguration' of type [org.springframework.boot.autoconfigure.jackson.JacksonAutoConfiguration$ParameterNamesModuleConfiguration] is not eligible for getting processed by all BeanPostProcessors (for example: not eligible for auto-proxying)
2022-07-15 22:22:49.446  INFO trungnd2-System-Product-Name --- [           main] trationDelegate$BeanPostProcessorChecker : Bean 'parameterNamesModule' of type [com.fasterxml.jackson.module.paramnames.ParameterNamesModule] is not eligible for getting processed by all BeanPostProcessors (for example: not eligible for auto-proxying)
2022-07-15 22:22:49.447  INFO trungnd2-System-Product-Name --- [           main] trationDelegate$BeanPostProcessorChecker : Bean 'org.springframework.boot.autoconfigure.jackson.JacksonAutoConfiguration' of type [org.springframework.boot.autoconfigure.jackson.JacksonAutoConfiguration] is not eligible for getting processed by all BeanPostProcessors (for example: not eligible for auto-proxying)
2022-07-15 22:22:49.464  INFO trungnd2-System-Product-Name --- [           main] trationDelegate$BeanPostProcessorChecker : Bean 'jsonComponentModule' of type [org.springframework.boot.jackson.JsonComponentModule] is not eligible for getting processed by all BeanPostProcessors (for example: not eligible for auto-proxying)
2022-07-15 22:22:49.466  INFO trungnd2-System-Product-Name --- [           main] trationDelegate$BeanPostProcessorChecker : Bean 'jacksonObjectMapperBuilder' of type [org.springframework.http.converter.json.Jackson2ObjectMapperBuilder] is not eligible for getting processed by all BeanPostProcessors (for example: not eligible for auto-proxying)
2022-07-15 22:22:49.471  INFO trungnd2-System-Product-Name --- [           main] trationDelegate$BeanPostProcessorChecker : Bean 'spring.data.rest-org.springframework.boot.autoconfigure.data.rest.RepositoryRestProperties' of type [org.springframework.boot.autoconfigure.data.rest.RepositoryRestProperties] is not eligible for getting processed by all BeanPostProcessors (for example: not eligible for auto-proxying)
2022-07-15 22:22:49.472  INFO trungnd2-System-Product-Name --- [           main] trationDelegate$BeanPostProcessorChecker : Bean 'springBootRepositoryRestConfigurer' of type [org.springframework.boot.autoconfigure.data.rest.SpringBootRepositoryRestConfigurer] is not eligible for getting processed by all BeanPostProcessors (for example: not eligible for auto-proxying)
2022-07-15 22:22:49.473  INFO trungnd2-System-Product-Name --- [           main] trationDelegate$BeanPostProcessorChecker : Bean 'configurerDelegate' of type [org.springframework.data.rest.webmvc.config.RepositoryRestConfigurerDelegate] is not eligible for getting processed by all BeanPostProcessors (for example: not eligible for auto-proxying)
2022-07-15 22:22:49.477  INFO trungnd2-System-Product-Name --- [           main] trationDelegate$BeanPostProcessorChecker : Bean 'org.springframework.boot.autoconfigure.http.HttpMessageConvertersAutoConfiguration$StringHttpMessageConverterConfiguration' of type [org.springframework.boot.autoconfigure.http.HttpMessageConvertersAutoConfiguration$StringHttpMessageConverterConfiguration] is not eligible for getting processed by all BeanPostProcessors (for example: not eligible for auto-proxying)
2022-07-15 22:22:49.482  INFO trungnd2-System-Product-Name --- [           main] trationDelegate$BeanPostProcessorChecker : Bean 'stringHttpMessageConverter' of type [org.springframework.http.converter.StringHttpMessageConverter] is not eligible for getting processed by all BeanPostProcessors (for example: not eligible for auto-proxying)
2022-07-15 22:22:49.483  INFO trungnd2-System-Product-Name --- [           main] trationDelegate$BeanPostProcessorChecker : Bean 'org.springframework.boot.autoconfigure.http.JacksonHttpMessageConvertersConfiguration$MappingJackson2HttpMessageConverterConfiguration' of type [org.springframework.boot.autoconfigure.http.JacksonHttpMessageConvertersConfiguration$MappingJackson2HttpMessageConverterConfiguration] is not eligible for getting processed by all BeanPostProcessors (for example: not eligible for auto-proxying)
2022-07-15 22:22:49.484  INFO trungnd2-System-Product-Name --- [           main] trationDelegate$BeanPostProcessorChecker : Bean 'beanConfig' of type [vn.insee.config.BeanConfig$$EnhancerBySpringCGLIB$$bb2f6c7c] is not eligible for getting processed by all BeanPostProcessors (for example: not eligible for auto-proxying)
2022-07-15 22:22:49.498  INFO trungnd2-System-Product-Name --- [           main] trationDelegate$BeanPostProcessorChecker : Bean 'objectMapper' of type [com.fasterxml.jackson.databind.ObjectMapper] is not eligible for getting processed by all BeanPostProcessors (for example: not eligible for auto-proxying)
2022-07-15 22:22:49.503  INFO trungnd2-System-Product-Name --- [           main] trationDelegate$BeanPostProcessorChecker : Bean 'mappingJackson2HttpMessageConverter' of type [org.springframework.http.converter.json.MappingJackson2HttpMessageConverter] is not eligible for getting processed by all BeanPostProcessors (for example: not eligible for auto-proxying)
2022-07-15 22:22:49.504  INFO trungnd2-System-Product-Name --- [           main] trationDelegate$BeanPostProcessorChecker : Bean 'org.springframework.data.rest.webmvc.config.RepositoryRestMvcConfiguration' of type [org.springframework.data.rest.webmvc.config.RepositoryRestMvcConfiguration] is not eligible for getting processed by all BeanPostProcessors (for example: not eligible for auto-proxying)
2022-07-15 22:22:49.730  INFO trungnd2-System-Product-Name --- [           main] o.s.b.w.e.t.TomcatWebServer              : Tomcat initialized with port(s): 7955 (http)
2022-07-15 22:22:49.739  INFO trungnd2-System-Product-Name --- [           main] o.a.c.h.Http11NioProtocol                : Initializing ProtocolHandler ["http-nio-7955"]
2022-07-15 22:22:49.739  INFO trungnd2-System-Product-Name --- [           main] o.a.c.c.StandardService                  : Starting service [Tomcat]
2022-07-15 22:22:49.739  INFO trungnd2-System-Product-Name --- [           main] o.a.c.c.StandardEngine                   : Starting Servlet engine: [Apache Tomcat/9.0.41]
2022-07-15 22:22:49.801  INFO trungnd2-System-Product-Name --- [           main] o.a.c.c.C.[.[.[/]                        : Initializing Spring embedded WebApplicationContext
2022-07-15 22:22:49.802  INFO trungnd2-System-Product-Name --- [           main] w.s.c.ServletWebServerApplicationContext : Root WebApplicationContext: initialization completed in 1292 ms
2022-07-15 22:22:49.841  WARN trungnd2-System-Product-Name --- [           main] JpaBaseConfiguration$JpaWebConfiguration : spring.jpa.open-in-view is enabled by default. Therefore, database queries may be performed during view rendering. Explicitly configure spring.jpa.open-in-view to disable this warning
2022-07-15 22:22:49.930  INFO trungnd2-System-Product-Name --- [           main] c.z.h.HikariDataSource                   : HikariPool-1 - Starting...
2022-07-15 22:22:50.168  INFO trungnd2-System-Product-Name --- [           main] c.z.h.HikariDataSource                   : HikariPool-1 - Start completed.
2022-07-15 22:22:50.215  INFO trungnd2-System-Product-Name --- [           main] o.h.j.i.u.LogHelper                      : HHH000204: Processing PersistenceUnitInfo [name: default]
2022-07-15 22:22:50.249  INFO trungnd2-System-Product-Name --- [           main] o.h.Version                              : HHH000412: Hibernate ORM core version 5.4.25.Final
2022-07-15 22:22:50.341  INFO trungnd2-System-Product-Name --- [           main] o.h.a.c.Version                          : HCANN000001: Hibernate Commons Annotations {5.1.2.Final}
2022-07-15 22:22:50.432  INFO trungnd2-System-Product-Name --- [           main] o.h.d.Dialect                            : HHH000400: Using dialect: org.hibernate.dialect.PostgreSQL9Dialect
2022-07-15 22:22:50.656  INFO trungnd2-System-Product-Name --- [           main] Hibernate Types                          : is proudly powered by:

>>>>>>>>>>>>>>>>>>>>>>>>>>>>>>>>>>>>>>>>>>>>>>>>>>>>>>>>>>>>>>>>
 _    _                           _     _
| |  | |                         (_)   | |
| |__| |_   _ _ __   ___ _ __ ___ _ ___| |_ ___ _ __   ___ ___
|  __  | | | | '_ \ / _ \ '__/ __| / __| __/ _ \ '_ \ / __/ _ \
| |  | | |_| | |_) |  __/ |  \__ \ \__ \ ||  __/ | | | (_|  __/
|_|  |_|\__, | .__/ \___|_|  |___/_|___/\__\___|_| |_|\___\___|
         __/ | |
        |___/|_|

At Hypersistence, we only build amazing tools, like Hibernate Types, Flexy Pool, or Hypersistence Optimizer.
What if there was a tool that couuld automatically detect JPA and Hibernate performance issues?
Hypersistence Optimizer is that tool!
For more details, go to: 

https://vladmihalcea.com/hypersistence-optimizer/
<<<<<<<<<<<<<<<<<<<<<<<<<<<<<<<<<<<<<<<<<<<<<<<<<<<<<<<<<<<<<<<<

2022-07-15 22:22:51.079 ERROR trungnd2-System-Product-Name --- [           main] o.h.m.i.MetadataContext                  : HHH015007: Illegal argument on static metamodel field injection : vn.insee.jpa.entity.UserEntity_#products; expected type :  org.hibernate.metamodel.model.domain.internal.SingularAttributeImpl; encountered type : javax.persistence.metamodel.ListAttribute
2022-07-15 22:22:51.080 ERROR trungnd2-System-Product-Name --- [           main] o.h.m.i.MetadataContext                  : HHH015007: Illegal argument on static metamodel field injection : vn.insee.jpa.entity.UserEntity_#sessions; expected type :  org.hibernate.metamodel.model.domain.internal.SingularAttributeImpl; encountered type : javax.persistence.metamodel.ListAttribute
2022-07-15 22:22:51.080 ERROR trungnd2-System-Product-Name --- [           main] o.h.m.i.MetadataContext                  : HHH015007: Illegal argument on static metamodel field injection : vn.insee.jpa.entity.BroadcastEntity_#clickers; expected type :  org.hibernate.metamodel.model.domain.internal.SingularAttributeImpl; encountered type : javax.persistence.metamodel.ListAttribute
2022-07-15 22:22:51.080 ERROR trungnd2-System-Product-Name --- [           main] o.h.m.i.MetadataContext                  : HHH015007: Illegal argument on static metamodel field injection : vn.insee.jpa.entity.BroadcastEntity_#districtIds; expected type :  org.hibernate.metamodel.model.domain.internal.SingularAttributeImpl; encountered type : javax.persistence.metamodel.ListAttribute
2022-07-15 22:22:51.081 ERROR trungnd2-System-Product-Name --- [           main] o.h.m.i.MetadataContext                  : HHH015007: Illegal argument on static metamodel field injection : vn.insee.jpa.entity.BroadcastEntity_#cityIds; expected type :  org.hibernate.metamodel.model.domain.internal.SingularAttributeImpl; encountered type : javax.persistence.metamodel.ListAttribute
2022-07-15 22:22:51.081 ERROR trungnd2-System-Product-Name --- [           main] o.h.m.i.MetadataContext                  : HHH015007: Illegal argument on static metamodel field injection : vn.insee.jpa.entity.BroadcastEntity_#userIds; expected type :  org.hibernate.metamodel.model.domain.internal.SingularAttributeImpl; encountered type : javax.persistence.metamodel.ListAttribute
2022-07-15 22:22:51.081 ERROR trungnd2-System-Product-Name --- [           main] o.h.m.i.MetadataContext                  : HHH015007: Illegal argument on static metamodel field injection : vn.insee.jpa.entity.FormEntity_#cements; expected type :  org.hibernate.metamodel.model.domain.internal.SingularAttributeImpl; encountered type : javax.persistence.metamodel.ListAttribute
2022-07-15 22:22:51.082 ERROR trungnd2-System-Product-Name --- [           main] o.h.m.i.MetadataContext                  : HHH015007: Illegal argument on static metamodel field injection : vn.insee.jpa.entity.FormEntity_#gifts; expected type :  org.hibernate.metamodel.model.domain.internal.SingularAttributeImpl; encountered type : javax.persistence.metamodel.ListAttribute
2022-07-15 22:22:51.082 ERROR trungnd2-System-Product-Name --- [           main] o.h.m.i.MetadataContext                  : HHH015007: Illegal argument on static metamodel field injection : vn.insee.jpa.entity.PromotionEntity_#cements; expected type :  org.hibernate.metamodel.model.domain.internal.SingularAttributeImpl; encountered type : javax.persistence.metamodel.ListAttribute
2022-07-15 22:22:51.082 ERROR trungnd2-System-Product-Name --- [           main] o.h.m.i.MetadataContext                  : HHH015007: Illegal argument on static metamodel field injection : vn.insee.jpa.entity.PromotionEntity_#cityIds; expected type :  org.hibernate.metamodel.model.domain.internal.SingularAttributeImpl; encountered type : javax.persistence.metamodel.ListAttribute
2022-07-15 22:22:51.082 ERROR trungnd2-System-Product-Name --- [           main] o.h.m.i.MetadataContext                  : HHH015007: Illegal argument on static metamodel field injection : vn.insee.jpa.entity.PromotionEntity_#districtIds; expected type :  org.hibernate.metamodel.model.domain.internal.SingularAttributeImpl; encountered type : javax.persistence.metamodel.ListAttribute
2022-07-15 22:22:51.083 ERROR trungnd2-System-Product-Name --- [           main] o.h.m.i.MetadataContext                  : HHH015007: Illegal argument on static metamodel field injection : vn.insee.jpa.entity.PostEntity_#districtIds; expected type :  org.hibernate.metamodel.model.domain.internal.SingularAttributeImpl; encountered type : javax.persistence.metamodel.ListAttribute
2022-07-15 22:22:51.083 ERROR trungnd2-System-Product-Name --- [           main] o.h.m.i.MetadataContext                  : HHH015007: Illegal argument on static metamodel field injection : vn.insee.jpa.entity.PostEntity_#cityIds; expected type :  org.hibernate.metamodel.model.domain.internal.SingularAttributeImpl; encountered type : javax.persistence.metamodel.ListAttribute
2022-07-15 22:22:51.088  INFO trungnd2-System-Product-Name --- [           main] o.h.e.t.j.p.i.JtaPlatformInitiator       : HHH000490: Using JtaPlatform implementation: [org.hibernate.engine.transaction.jta.platform.internal.NoJtaPlatform]
2022-07-15 22:22:51.095  INFO trungnd2-System-Product-Name --- [           main] j.LocalContainerEntityManagerFactoryBean : Initialized JPA EntityManagerFactory for persistence unit 'default'
2022-07-15 22:22:52.567  INFO trungnd2-System-Product-Name --- [           main] o.s.s.c.ThreadPoolTaskExecutor           : Initializing ExecutorService 'applicationTaskExecutor'
2022-07-15 22:22:52.691  INFO trungnd2-System-Product-Name --- [           main] j.s.t.ScheduledThreadPoolJobRunrExecutor : ThreadManager of type 'ScheduledThreadPool' started
2022-07-15 22:22:52.692  INFO trungnd2-System-Product-Name --- [pool-2-thread-1] o.j.s.BackgroundJobServer                : JobRunr BackgroundJobServer (3bf20fa5-1f16-4d38-b80d-d31d88c3ed62) and 48 BackgroundJobPerformers started successfully
2022-07-15 22:22:52.692  INFO trungnd2-System-Product-Name --- [pool-2-thread-1] o.j.s.ServerZooKeeper                    : Server 3bf20fa5-1f16-4d38-b80d-d31d88c3ed62 is master (this BackgroundJobServer)
2022-07-15 22:22:52.714  INFO trungnd2-System-Product-Name --- [           main] o.j.d.JobRunrDashboardWebServer          : JobRunr Dashboard started at http://localhost:8000/dashboard
2022-07-15 22:22:52.859  INFO trungnd2-System-Product-Name --- [           main] o.s.s.c.ThreadPoolTaskScheduler          : Initializing ExecutorService 'taskScheduler'
2022-07-15 22:22:52.883  INFO trungnd2-System-Product-Name --- [           main] o.a.c.h.Http11NioProtocol                : Starting ProtocolHandler ["http-nio-7955"]
2022-07-15 22:22:52.892  INFO trungnd2-System-Product-Name --- [           main] o.s.b.w.e.t.TomcatWebServer              : Tomcat started on port(s): 7955 (http) with context path ''
2022-07-15 22:22:53.056  INFO trungnd2-System-Product-Name --- [           main] v.i.a.r.Main                             : Started Main in 4.834 seconds (JVM running for 5.449)
2022-07-15 22:23:02.024  INFO trungnd2-System-Product-Name --- [extShutdownHook] o.s.s.c.ThreadPoolTaskScheduler          : Shutting down ExecutorService 'taskScheduler'
2022-07-15 22:23:02.026  INFO trungnd2-System-Product-Name --- [extShutdownHook] o.j.d.JobRunrDashboardWebServer          : JobRunr dashboard stopped
2022-07-15 22:23:02.028  INFO trungnd2-System-Product-Name --- [extShutdownHook] o.j.s.BackgroundJobServer                : BackgroundJobServer and BackgroundJobPerformers stopped
2022-07-15 22:23:02.028  INFO trungnd2-System-Product-Name --- [extShutdownHook] o.s.s.c.ThreadPoolTaskExecutor           : Shutting down ExecutorService 'applicationTaskExecutor'
2022-07-15 22:23:02.034  INFO trungnd2-System-Product-Name --- [extShutdownHook] j.LocalContainerEntityManagerFactoryBean : Closing JPA EntityManagerFactory for persistence unit 'default'
2022-07-15 22:23:02.035  INFO trungnd2-System-Product-Name --- [extShutdownHook] c.z.h.HikariDataSource                   : HikariPool-1 - Shutdown initiated...
2022-07-15 22:23:02.050  INFO trungnd2-System-Product-Name --- [extShutdownHook] c.z.h.HikariDataSource                   : HikariPool-1 - Shutdown completed.
2022-07-15 22:26:00.851  INFO trungnd2-System-Product-Name --- [           main] v.i.a.r.Main                             : Starting Main using Java 11.0.15 on trungnd2-System-Product-Name with PID 13618 (/home/trungnd2/Documents/project/new/_insee/AdminServer/target/classes started by trungnd2 in /home/trungnd2/Documents/project/new/_insee)
2022-07-15 22:26:00.857  INFO trungnd2-System-Product-Name --- [           main] v.i.a.r.Main                             : The following profiles are active: local
2022-07-15 22:26:01.294  INFO trungnd2-System-Product-Name --- [           main] .s.d.r.c.RepositoryConfigurationDelegate : Bootstrapping Spring Data JPA repositories in DEFAULT mode.
2022-07-15 22:26:01.365  INFO trungnd2-System-Product-Name --- [           main] .s.d.r.c.RepositoryConfigurationDelegate : Finished Spring Data repository scanning in 66 ms. Found 16 JPA repository interfaces.
2022-07-15 22:26:01.751  INFO trungnd2-System-Product-Name --- [           main] trationDelegate$BeanPostProcessorChecker : Bean 'org.springframework.hateoas.config.HateoasConfiguration' of type [org.springframework.hateoas.config.HateoasConfiguration] is not eligible for getting processed by all BeanPostProcessors (for example: not eligible for auto-proxying)
2022-07-15 22:26:01.754  INFO trungnd2-System-Product-Name --- [           main] trationDelegate$BeanPostProcessorChecker : Bean 'relProviderPluginRegistry' of type [org.springframework.plugin.core.support.PluginRegistryFactoryBean] is not eligible for getting processed by all BeanPostProcessors (for example: not eligible for auto-proxying)
2022-07-15 22:26:01.759  INFO trungnd2-System-Product-Name --- [           main] trationDelegate$BeanPostProcessorChecker : Bean 'relProviderPluginRegistry' of type [org.springframework.plugin.core.OrderAwarePluginRegistry] is not eligible for getting processed by all BeanPostProcessors (for example: not eligible for auto-proxying)
2022-07-15 22:26:01.763  INFO trungnd2-System-Product-Name --- [           main] trationDelegate$BeanPostProcessorChecker : Bean '_relProvider' of type [org.springframework.hateoas.server.core.DelegatingLinkRelationProvider] is not eligible for getting processed by all BeanPostProcessors (for example: not eligible for auto-proxying)
2022-07-15 22:26:01.768  INFO trungnd2-System-Product-Name --- [           main] trationDelegate$BeanPostProcessorChecker : Bean 'messageResolver' of type [org.springframework.hateoas.mediatype.MessageSourceResolver] is not eligible for getting processed by all BeanPostProcessors (for example: not eligible for auto-proxying)
2022-07-15 22:26:01.770  INFO trungnd2-System-Product-Name --- [           main] trationDelegate$BeanPostProcessorChecker : Bean 'org.springframework.data.web.config.SpringDataJacksonConfiguration' of type [org.springframework.data.web.config.SpringDataJacksonConfiguration] is not eligible for getting processed by all BeanPostProcessors (for example: not eligible for auto-proxying)
2022-07-15 22:26:01.772  INFO trungnd2-System-Product-Name --- [           main] trationDelegate$BeanPostProcessorChecker : Bean 'jacksonGeoModule' of type [org.springframework.data.geo.GeoModule] is not eligible for getting processed by all BeanPostProcessors (for example: not eligible for auto-proxying)
2022-07-15 22:26:01.784  INFO trungnd2-System-Product-Name --- [           main] trationDelegate$BeanPostProcessorChecker : Bean 'org.springframework.boot.autoconfigure.data.rest.RepositoryRestMvcAutoConfiguration' of type [org.springframework.boot.autoconfigure.data.rest.RepositoryRestMvcAutoConfiguration] is not eligible for getting processed by all BeanPostProcessors (for example: not eligible for auto-proxying)
2022-07-15 22:26:01.785  INFO trungnd2-System-Product-Name --- [           main] trationDelegate$BeanPostProcessorChecker : Bean 'org.springframework.boot.autoconfigure.jackson.JacksonAutoConfiguration$JacksonObjectMapperBuilderConfiguration' of type [org.springframework.boot.autoconfigure.jackson.JacksonAutoConfiguration$JacksonObjectMapperBuilderConfiguration] is not eligible for getting processed by all BeanPostProcessors (for example: not eligible for auto-proxying)
2022-07-15 22:26:01.787  INFO trungnd2-System-Product-Name --- [           main] trationDelegate$BeanPostProcessorChecker : Bean 'org.springframework.boot.autoconfigure.jackson.JacksonAutoConfiguration$Jackson2ObjectMapperBuilderCustomizerConfiguration' of type [org.springframework.boot.autoconfigure.jackson.JacksonAutoConfiguration$Jackson2ObjectMapperBuilderCustomizerConfiguration] is not eligible for getting processed by all BeanPostProcessors (for example: not eligible for auto-proxying)
2022-07-15 22:26:01.797  INFO trungnd2-System-Product-Name --- [           main] trationDelegate$BeanPostProcessorChecker : Bean 'spring.jackson-org.springframework.boot.autoconfigure.jackson.JacksonProperties' of type [org.springframework.boot.autoconfigure.jackson.JacksonProperties] is not eligible for getting processed by all BeanPostProcessors (for example: not eligible for auto-proxying)
2022-07-15 22:26:01.798  INFO trungnd2-System-Product-Name --- [           main] trationDelegate$BeanPostProcessorChecker : Bean 'standardJacksonObjectMapperBuilderCustomizer' of type [org.springframework.boot.autoconfigure.jackson.JacksonAutoConfiguration$Jackson2ObjectMapperBuilderCustomizerConfiguration$StandardJackson2ObjectMapperBuilderCustomizer] is not eligible for getting processed by all BeanPostProcessors (for example: not eligible for auto-proxying)
2022-07-15 22:26:01.800  INFO trungnd2-System-Product-Name --- [           main] trationDelegate$BeanPostProcessorChecker : Bean 'org.springframework.boot.autoconfigure.jackson.JacksonAutoConfiguration$ParameterNamesModuleConfiguration' of type [org.springframework.boot.autoconfigure.jackson.JacksonAutoConfiguration$ParameterNamesModuleConfiguration] is not eligible for getting processed by all BeanPostProcessors (for example: not eligible for auto-proxying)
2022-07-15 22:26:01.801  INFO trungnd2-System-Product-Name --- [           main] trationDelegate$BeanPostProcessorChecker : Bean 'parameterNamesModule' of type [com.fasterxml.jackson.module.paramnames.ParameterNamesModule] is not eligible for getting processed by all BeanPostProcessors (for example: not eligible for auto-proxying)
2022-07-15 22:26:01.803  INFO trungnd2-System-Product-Name --- [           main] trationDelegate$BeanPostProcessorChecker : Bean 'org.springframework.boot.autoconfigure.jackson.JacksonAutoConfiguration' of type [org.springframework.boot.autoconfigure.jackson.JacksonAutoConfiguration] is not eligible for getting processed by all BeanPostProcessors (for example: not eligible for auto-proxying)
2022-07-15 22:26:01.812  INFO trungnd2-System-Product-Name --- [           main] trationDelegate$BeanPostProcessorChecker : Bean 'jsonComponentModule' of type [org.springframework.boot.jackson.JsonComponentModule] is not eligible for getting processed by all BeanPostProcessors (for example: not eligible for auto-proxying)
2022-07-15 22:26:01.814  INFO trungnd2-System-Product-Name --- [           main] trationDelegate$BeanPostProcessorChecker : Bean 'jacksonObjectMapperBuilder' of type [org.springframework.http.converter.json.Jackson2ObjectMapperBuilder] is not eligible for getting processed by all BeanPostProcessors (for example: not eligible for auto-proxying)
2022-07-15 22:26:01.819  INFO trungnd2-System-Product-Name --- [           main] trationDelegate$BeanPostProcessorChecker : Bean 'spring.data.rest-org.springframework.boot.autoconfigure.data.rest.RepositoryRestProperties' of type [org.springframework.boot.autoconfigure.data.rest.RepositoryRestProperties] is not eligible for getting processed by all BeanPostProcessors (for example: not eligible for auto-proxying)
2022-07-15 22:26:01.820  INFO trungnd2-System-Product-Name --- [           main] trationDelegate$BeanPostProcessorChecker : Bean 'springBootRepositoryRestConfigurer' of type [org.springframework.boot.autoconfigure.data.rest.SpringBootRepositoryRestConfigurer] is not eligible for getting processed by all BeanPostProcessors (for example: not eligible for auto-proxying)
2022-07-15 22:26:01.821  INFO trungnd2-System-Product-Name --- [           main] trationDelegate$BeanPostProcessorChecker : Bean 'configurerDelegate' of type [org.springframework.data.rest.webmvc.config.RepositoryRestConfigurerDelegate] is not eligible for getting processed by all BeanPostProcessors (for example: not eligible for auto-proxying)
2022-07-15 22:26:01.825  INFO trungnd2-System-Product-Name --- [           main] trationDelegate$BeanPostProcessorChecker : Bean 'org.springframework.boot.autoconfigure.http.HttpMessageConvertersAutoConfiguration$StringHttpMessageConverterConfiguration' of type [org.springframework.boot.autoconfigure.http.HttpMessageConvertersAutoConfiguration$StringHttpMessageConverterConfiguration] is not eligible for getting processed by all BeanPostProcessors (for example: not eligible for auto-proxying)
2022-07-15 22:26:01.830  INFO trungnd2-System-Product-Name --- [           main] trationDelegate$BeanPostProcessorChecker : Bean 'stringHttpMessageConverter' of type [org.springframework.http.converter.StringHttpMessageConverter] is not eligible for getting processed by all BeanPostProcessors (for example: not eligible for auto-proxying)
2022-07-15 22:26:01.831  INFO trungnd2-System-Product-Name --- [           main] trationDelegate$BeanPostProcessorChecker : Bean 'org.springframework.boot.autoconfigure.http.JacksonHttpMessageConvertersConfiguration$MappingJackson2HttpMessageConverterConfiguration' of type [org.springframework.boot.autoconfigure.http.JacksonHttpMessageConvertersConfiguration$MappingJackson2HttpMessageConverterConfiguration] is not eligible for getting processed by all BeanPostProcessors (for example: not eligible for auto-proxying)
2022-07-15 22:26:01.833  INFO trungnd2-System-Product-Name --- [           main] trationDelegate$BeanPostProcessorChecker : Bean 'beanConfig' of type [vn.insee.config.BeanConfig$$EnhancerBySpringCGLIB$$6934daca] is not eligible for getting processed by all BeanPostProcessors (for example: not eligible for auto-proxying)
2022-07-15 22:26:01.856  INFO trungnd2-System-Product-Name --- [           main] trationDelegate$BeanPostProcessorChecker : Bean 'objectMapper' of type [com.fasterxml.jackson.databind.ObjectMapper] is not eligible for getting processed by all BeanPostProcessors (for example: not eligible for auto-proxying)
2022-07-15 22:26:01.862  INFO trungnd2-System-Product-Name --- [           main] trationDelegate$BeanPostProcessorChecker : Bean 'mappingJackson2HttpMessageConverter' of type [org.springframework.http.converter.json.MappingJackson2HttpMessageConverter] is not eligible for getting processed by all BeanPostProcessors (for example: not eligible for auto-proxying)
2022-07-15 22:26:01.863  INFO trungnd2-System-Product-Name --- [           main] trationDelegate$BeanPostProcessorChecker : Bean 'org.springframework.data.rest.webmvc.config.RepositoryRestMvcConfiguration' of type [org.springframework.data.rest.webmvc.config.RepositoryRestMvcConfiguration] is not eligible for getting processed by all BeanPostProcessors (for example: not eligible for auto-proxying)
2022-07-15 22:26:02.123  INFO trungnd2-System-Product-Name --- [           main] o.s.b.w.e.t.TomcatWebServer              : Tomcat initialized with port(s): 7955 (http)
2022-07-15 22:26:02.131  INFO trungnd2-System-Product-Name --- [           main] o.a.c.h.Http11NioProtocol                : Initializing ProtocolHandler ["http-nio-7955"]
2022-07-15 22:26:02.131  INFO trungnd2-System-Product-Name --- [           main] o.a.c.c.StandardService                  : Starting service [Tomcat]
2022-07-15 22:26:02.132  INFO trungnd2-System-Product-Name --- [           main] o.a.c.c.StandardEngine                   : Starting Servlet engine: [Apache Tomcat/9.0.41]
2022-07-15 22:26:02.195  INFO trungnd2-System-Product-Name --- [           main] o.a.c.c.C.[.[.[/]                        : Initializing Spring embedded WebApplicationContext
2022-07-15 22:26:02.195  INFO trungnd2-System-Product-Name --- [           main] w.s.c.ServletWebServerApplicationContext : Root WebApplicationContext: initialization completed in 1292 ms
2022-07-15 22:26:02.233  WARN trungnd2-System-Product-Name --- [           main] JpaBaseConfiguration$JpaWebConfiguration : spring.jpa.open-in-view is enabled by default. Therefore, database queries may be performed during view rendering. Explicitly configure spring.jpa.open-in-view to disable this warning
2022-07-15 22:26:02.316  INFO trungnd2-System-Product-Name --- [           main] c.z.h.HikariDataSource                   : HikariPool-1 - Starting...
2022-07-15 22:26:02.546  INFO trungnd2-System-Product-Name --- [           main] c.z.h.HikariDataSource                   : HikariPool-1 - Start completed.
2022-07-15 22:26:02.592  INFO trungnd2-System-Product-Name --- [           main] o.h.j.i.u.LogHelper                      : HHH000204: Processing PersistenceUnitInfo [name: default]
2022-07-15 22:26:02.628  INFO trungnd2-System-Product-Name --- [           main] o.h.Version                              : HHH000412: Hibernate ORM core version 5.4.25.Final
2022-07-15 22:26:02.718  INFO trungnd2-System-Product-Name --- [           main] o.h.a.c.Version                          : HCANN000001: Hibernate Commons Annotations {5.1.2.Final}
2022-07-15 22:26:02.802  INFO trungnd2-System-Product-Name --- [           main] o.h.d.Dialect                            : HHH000400: Using dialect: org.hibernate.dialect.PostgreSQL9Dialect
2022-07-15 22:26:03.036  INFO trungnd2-System-Product-Name --- [           main] Hibernate Types                          : is proudly powered by:

>>>>>>>>>>>>>>>>>>>>>>>>>>>>>>>>>>>>>>>>>>>>>>>>>>>>>>>>>>>>>>>>
 _    _                           _     _
| |  | |                         (_)   | |
| |__| |_   _ _ __   ___ _ __ ___ _ ___| |_ ___ _ __   ___ ___
|  __  | | | | '_ \ / _ \ '__/ __| / __| __/ _ \ '_ \ / __/ _ \
| |  | | |_| | |_) |  __/ |  \__ \ \__ \ ||  __/ | | | (_|  __/
|_|  |_|\__, | .__/ \___|_|  |___/_|___/\__\___|_| |_|\___\___|
         __/ | |
        |___/|_|

At Hypersistence, we only build amazing tools, like Hibernate Types, Flexy Pool, or Hypersistence Optimizer.
What if there was a tool that couuld automatically detect JPA and Hibernate performance issues?
Hypersistence Optimizer is that tool!
For more details, go to: 

https://vladmihalcea.com/hypersistence-optimizer/
<<<<<<<<<<<<<<<<<<<<<<<<<<<<<<<<<<<<<<<<<<<<<<<<<<<<<<<<<<<<<<<<

2022-07-15 22:26:03.469 ERROR trungnd2-System-Product-Name --- [           main] o.h.m.i.MetadataContext                  : HHH015007: Illegal argument on static metamodel field injection : vn.insee.jpa.entity.UserEntity_#sessions; expected type :  org.hibernate.metamodel.model.domain.internal.SingularAttributeImpl; encountered type : javax.persistence.metamodel.ListAttribute
2022-07-15 22:26:03.469 ERROR trungnd2-System-Product-Name --- [           main] o.h.m.i.MetadataContext                  : HHH015007: Illegal argument on static metamodel field injection : vn.insee.jpa.entity.UserEntity_#products; expected type :  org.hibernate.metamodel.model.domain.internal.SingularAttributeImpl; encountered type : javax.persistence.metamodel.ListAttribute
2022-07-15 22:26:03.470 ERROR trungnd2-System-Product-Name --- [           main] o.h.m.i.MetadataContext                  : HHH015007: Illegal argument on static metamodel field injection : vn.insee.jpa.entity.BroadcastEntity_#districtIds; expected type :  org.hibernate.metamodel.model.domain.internal.SingularAttributeImpl; encountered type : javax.persistence.metamodel.ListAttribute
2022-07-15 22:26:03.470 ERROR trungnd2-System-Product-Name --- [           main] o.h.m.i.MetadataContext                  : HHH015007: Illegal argument on static metamodel field injection : vn.insee.jpa.entity.BroadcastEntity_#userIds; expected type :  org.hibernate.metamodel.model.domain.internal.SingularAttributeImpl; encountered type : javax.persistence.metamodel.ListAttribute
2022-07-15 22:26:03.470 ERROR trungnd2-System-Product-Name --- [           main] o.h.m.i.MetadataContext                  : HHH015007: Illegal argument on static metamodel field injection : vn.insee.jpa.entity.BroadcastEntity_#cityIds; expected type :  org.hibernate.metamodel.model.domain.internal.SingularAttributeImpl; encountered type : javax.persistence.metamodel.ListAttribute
2022-07-15 22:26:03.471 ERROR trungnd2-System-Product-Name --- [           main] o.h.m.i.MetadataContext                  : HHH015007: Illegal argument on static metamodel field injection : vn.insee.jpa.entity.BroadcastEntity_#clickers; expected type :  org.hibernate.metamodel.model.domain.internal.SingularAttributeImpl; encountered type : javax.persistence.metamodel.ListAttribute
2022-07-15 22:26:03.471 ERROR trungnd2-System-Product-Name --- [           main] o.h.m.i.MetadataContext                  : HHH015007: Illegal argument on static metamodel field injection : vn.insee.jpa.entity.FormEntity_#gifts; expected type :  org.hibernate.metamodel.model.domain.internal.SingularAttributeImpl; encountered type : javax.persistence.metamodel.ListAttribute
2022-07-15 22:26:03.472 ERROR trungnd2-System-Product-Name --- [           main] o.h.m.i.MetadataContext                  : HHH015007: Illegal argument on static metamodel field injection : vn.insee.jpa.entity.FormEntity_#cements; expected type :  org.hibernate.metamodel.model.domain.internal.SingularAttributeImpl; encountered type : javax.persistence.metamodel.ListAttribute
2022-07-15 22:26:03.472 ERROR trungnd2-System-Product-Name --- [           main] o.h.m.i.MetadataContext                  : HHH015007: Illegal argument on static metamodel field injection : vn.insee.jpa.entity.PromotionEntity_#cements; expected type :  org.hibernate.metamodel.model.domain.internal.SingularAttributeImpl; encountered type : javax.persistence.metamodel.ListAttribute
2022-07-15 22:26:03.472 ERROR trungnd2-System-Product-Name --- [           main] o.h.m.i.MetadataContext                  : HHH015007: Illegal argument on static metamodel field injection : vn.insee.jpa.entity.PromotionEntity_#cityIds; expected type :  org.hibernate.metamodel.model.domain.internal.SingularAttributeImpl; encountered type : javax.persistence.metamodel.ListAttribute
2022-07-15 22:26:03.472 ERROR trungnd2-System-Product-Name --- [           main] o.h.m.i.MetadataContext                  : HHH015007: Illegal argument on static metamodel field injection : vn.insee.jpa.entity.PromotionEntity_#districtIds; expected type :  org.hibernate.metamodel.model.domain.internal.SingularAttributeImpl; encountered type : javax.persistence.metamodel.ListAttribute
2022-07-15 22:26:03.473 ERROR trungnd2-System-Product-Name --- [           main] o.h.m.i.MetadataContext                  : HHH015007: Illegal argument on static metamodel field injection : vn.insee.jpa.entity.PostEntity_#districtIds; expected type :  org.hibernate.metamodel.model.domain.internal.SingularAttributeImpl; encountered type : javax.persistence.metamodel.ListAttribute
2022-07-15 22:26:03.473 ERROR trungnd2-System-Product-Name --- [           main] o.h.m.i.MetadataContext                  : HHH015007: Illegal argument on static metamodel field injection : vn.insee.jpa.entity.PostEntity_#cityIds; expected type :  org.hibernate.metamodel.model.domain.internal.SingularAttributeImpl; encountered type : javax.persistence.metamodel.ListAttribute
2022-07-15 22:26:03.478  INFO trungnd2-System-Product-Name --- [           main] o.h.e.t.j.p.i.JtaPlatformInitiator       : HHH000490: Using JtaPlatform implementation: [org.hibernate.engine.transaction.jta.platform.internal.NoJtaPlatform]
2022-07-15 22:26:03.486  INFO trungnd2-System-Product-Name --- [           main] j.LocalContainerEntityManagerFactoryBean : Initialized JPA EntityManagerFactory for persistence unit 'default'
2022-07-15 22:26:04.969  INFO trungnd2-System-Product-Name --- [           main] o.s.s.c.ThreadPoolTaskExecutor           : Initializing ExecutorService 'applicationTaskExecutor'
2022-07-15 22:26:05.105  INFO trungnd2-System-Product-Name --- [           main] j.s.t.ScheduledThreadPoolJobRunrExecutor : ThreadManager of type 'ScheduledThreadPool' started
2022-07-15 22:26:05.106  INFO trungnd2-System-Product-Name --- [pool-2-thread-1] o.j.s.BackgroundJobServer                : JobRunr BackgroundJobServer (89c68d9c-f956-47a9-a75e-381ffab85261) and 48 BackgroundJobPerformers started successfully
2022-07-15 22:26:05.107  INFO trungnd2-System-Product-Name --- [pool-2-thread-1] o.j.s.ServerZooKeeper                    : Server 89c68d9c-f956-47a9-a75e-381ffab85261 is master (this BackgroundJobServer)
2022-07-15 22:26:05.132  INFO trungnd2-System-Product-Name --- [           main] o.j.d.JobRunrDashboardWebServer          : JobRunr Dashboard started at http://localhost:8000/dashboard
2022-07-15 22:26:05.254  INFO trungnd2-System-Product-Name --- [           main] o.s.s.c.ThreadPoolTaskScheduler          : Initializing ExecutorService 'taskScheduler'
2022-07-15 22:26:05.274  INFO trungnd2-System-Product-Name --- [           main] o.a.c.h.Http11NioProtocol                : Starting ProtocolHandler ["http-nio-7955"]
2022-07-15 22:26:05.284  INFO trungnd2-System-Product-Name --- [           main] o.s.b.w.e.t.TomcatWebServer              : Tomcat started on port(s): 7955 (http) with context path ''
2022-07-15 22:26:05.438  INFO trungnd2-System-Product-Name --- [           main] v.i.a.r.Main                             : Started Main in 4.811 seconds (JVM running for 5.396)
2022-07-15 22:26:08.546  INFO trungnd2-System-Product-Name --- [extShutdownHook] o.s.s.c.ThreadPoolTaskScheduler          : Shutting down ExecutorService 'taskScheduler'
2022-07-15 22:26:08.547  INFO trungnd2-System-Product-Name --- [extShutdownHook] o.j.d.JobRunrDashboardWebServer          : JobRunr dashboard stopped
2022-07-15 22:26:08.550  INFO trungnd2-System-Product-Name --- [extShutdownHook] o.j.s.BackgroundJobServer                : BackgroundJobServer and BackgroundJobPerformers stopped
2022-07-15 22:26:08.550  INFO trungnd2-System-Product-Name --- [extShutdownHook] o.s.s.c.ThreadPoolTaskExecutor           : Shutting down ExecutorService 'applicationTaskExecutor'
2022-07-15 22:26:08.556  INFO trungnd2-System-Product-Name --- [extShutdownHook] j.LocalContainerEntityManagerFactoryBean : Closing JPA EntityManagerFactory for persistence unit 'default'
2022-07-15 22:26:08.557  INFO trungnd2-System-Product-Name --- [extShutdownHook] c.z.h.HikariDataSource                   : HikariPool-1 - Shutdown initiated...
2022-07-15 22:26:08.567  INFO trungnd2-System-Product-Name --- [extShutdownHook] c.z.h.HikariDataSource                   : HikariPool-1 - Shutdown completed.
2022-07-15 22:36:39.414  INFO trungnd2-System-Product-Name --- [           main] v.i.a.r.Main                             : Starting Main using Java 11.0.15 on trungnd2-System-Product-Name with PID 15416 (/home/trungnd2/Documents/project/new/_insee/AdminServer/target/classes started by trungnd2 in /home/trungnd2/Documents/project/new/_insee)
2022-07-15 22:36:39.421  INFO trungnd2-System-Product-Name --- [           main] v.i.a.r.Main                             : The following profiles are active: local
2022-07-15 22:36:39.873  INFO trungnd2-System-Product-Name --- [           main] .s.d.r.c.RepositoryConfigurationDelegate : Bootstrapping Spring Data JPA repositories in DEFAULT mode.
2022-07-15 22:36:39.955  INFO trungnd2-System-Product-Name --- [           main] .s.d.r.c.RepositoryConfigurationDelegate : Finished Spring Data repository scanning in 76 ms. Found 16 JPA repository interfaces.
2022-07-15 22:36:40.358  INFO trungnd2-System-Product-Name --- [           main] trationDelegate$BeanPostProcessorChecker : Bean 'org.springframework.hateoas.config.HateoasConfiguration' of type [org.springframework.hateoas.config.HateoasConfiguration] is not eligible for getting processed by all BeanPostProcessors (for example: not eligible for auto-proxying)
2022-07-15 22:36:40.361  INFO trungnd2-System-Product-Name --- [           main] trationDelegate$BeanPostProcessorChecker : Bean 'relProviderPluginRegistry' of type [org.springframework.plugin.core.support.PluginRegistryFactoryBean] is not eligible for getting processed by all BeanPostProcessors (for example: not eligible for auto-proxying)
2022-07-15 22:36:40.367  INFO trungnd2-System-Product-Name --- [           main] trationDelegate$BeanPostProcessorChecker : Bean 'relProviderPluginRegistry' of type [org.springframework.plugin.core.OrderAwarePluginRegistry] is not eligible for getting processed by all BeanPostProcessors (for example: not eligible for auto-proxying)
2022-07-15 22:36:40.370  INFO trungnd2-System-Product-Name --- [           main] trationDelegate$BeanPostProcessorChecker : Bean '_relProvider' of type [org.springframework.hateoas.server.core.DelegatingLinkRelationProvider] is not eligible for getting processed by all BeanPostProcessors (for example: not eligible for auto-proxying)
2022-07-15 22:36:40.376  INFO trungnd2-System-Product-Name --- [           main] trationDelegate$BeanPostProcessorChecker : Bean 'messageResolver' of type [org.springframework.hateoas.mediatype.MessageSourceResolver] is not eligible for getting processed by all BeanPostProcessors (for example: not eligible for auto-proxying)
2022-07-15 22:36:40.377  INFO trungnd2-System-Product-Name --- [           main] trationDelegate$BeanPostProcessorChecker : Bean 'org.springframework.data.web.config.SpringDataJacksonConfiguration' of type [org.springframework.data.web.config.SpringDataJacksonConfiguration] is not eligible for getting processed by all BeanPostProcessors (for example: not eligible for auto-proxying)
2022-07-15 22:36:40.380  INFO trungnd2-System-Product-Name --- [           main] trationDelegate$BeanPostProcessorChecker : Bean 'jacksonGeoModule' of type [org.springframework.data.geo.GeoModule] is not eligible for getting processed by all BeanPostProcessors (for example: not eligible for auto-proxying)
2022-07-15 22:36:40.389  INFO trungnd2-System-Product-Name --- [           main] trationDelegate$BeanPostProcessorChecker : Bean 'org.springframework.boot.autoconfigure.data.rest.RepositoryRestMvcAutoConfiguration' of type [org.springframework.boot.autoconfigure.data.rest.RepositoryRestMvcAutoConfiguration] is not eligible for getting processed by all BeanPostProcessors (for example: not eligible for auto-proxying)
2022-07-15 22:36:40.390  INFO trungnd2-System-Product-Name --- [           main] trationDelegate$BeanPostProcessorChecker : Bean 'org.springframework.boot.autoconfigure.jackson.JacksonAutoConfiguration$JacksonObjectMapperBuilderConfiguration' of type [org.springframework.boot.autoconfigure.jackson.JacksonAutoConfiguration$JacksonObjectMapperBuilderConfiguration] is not eligible for getting processed by all BeanPostProcessors (for example: not eligible for auto-proxying)
2022-07-15 22:36:40.392  INFO trungnd2-System-Product-Name --- [           main] trationDelegate$BeanPostProcessorChecker : Bean 'org.springframework.boot.autoconfigure.jackson.JacksonAutoConfiguration$Jackson2ObjectMapperBuilderCustomizerConfiguration' of type [org.springframework.boot.autoconfigure.jackson.JacksonAutoConfiguration$Jackson2ObjectMapperBuilderCustomizerConfiguration] is not eligible for getting processed by all BeanPostProcessors (for example: not eligible for auto-proxying)
2022-07-15 22:36:40.403  INFO trungnd2-System-Product-Name --- [           main] trationDelegate$BeanPostProcessorChecker : Bean 'spring.jackson-org.springframework.boot.autoconfigure.jackson.JacksonProperties' of type [org.springframework.boot.autoconfigure.jackson.JacksonProperties] is not eligible for getting processed by all BeanPostProcessors (for example: not eligible for auto-proxying)
2022-07-15 22:36:40.404  INFO trungnd2-System-Product-Name --- [           main] trationDelegate$BeanPostProcessorChecker : Bean 'standardJacksonObjectMapperBuilderCustomizer' of type [org.springframework.boot.autoconfigure.jackson.JacksonAutoConfiguration$Jackson2ObjectMapperBuilderCustomizerConfiguration$StandardJackson2ObjectMapperBuilderCustomizer] is not eligible for getting processed by all BeanPostProcessors (for example: not eligible for auto-proxying)
2022-07-15 22:36:40.407  INFO trungnd2-System-Product-Name --- [           main] trationDelegate$BeanPostProcessorChecker : Bean 'org.springframework.boot.autoconfigure.jackson.JacksonAutoConfiguration$ParameterNamesModuleConfiguration' of type [org.springframework.boot.autoconfigure.jackson.JacksonAutoConfiguration$ParameterNamesModuleConfiguration] is not eligible for getting processed by all BeanPostProcessors (for example: not eligible for auto-proxying)
2022-07-15 22:36:40.408  INFO trungnd2-System-Product-Name --- [           main] trationDelegate$BeanPostProcessorChecker : Bean 'parameterNamesModule' of type [com.fasterxml.jackson.module.paramnames.ParameterNamesModule] is not eligible for getting processed by all BeanPostProcessors (for example: not eligible for auto-proxying)
2022-07-15 22:36:40.409  INFO trungnd2-System-Product-Name --- [           main] trationDelegate$BeanPostProcessorChecker : Bean 'org.springframework.boot.autoconfigure.jackson.JacksonAutoConfiguration' of type [org.springframework.boot.autoconfigure.jackson.JacksonAutoConfiguration] is not eligible for getting processed by all BeanPostProcessors (for example: not eligible for auto-proxying)
2022-07-15 22:36:40.417  INFO trungnd2-System-Product-Name --- [           main] trationDelegate$BeanPostProcessorChecker : Bean 'jsonComponentModule' of type [org.springframework.boot.jackson.JsonComponentModule] is not eligible for getting processed by all BeanPostProcessors (for example: not eligible for auto-proxying)
2022-07-15 22:36:40.419  INFO trungnd2-System-Product-Name --- [           main] trationDelegate$BeanPostProcessorChecker : Bean 'jacksonObjectMapperBuilder' of type [org.springframework.http.converter.json.Jackson2ObjectMapperBuilder] is not eligible for getting processed by all BeanPostProcessors (for example: not eligible for auto-proxying)
2022-07-15 22:36:40.424  INFO trungnd2-System-Product-Name --- [           main] trationDelegate$BeanPostProcessorChecker : Bean 'spring.data.rest-org.springframework.boot.autoconfigure.data.rest.RepositoryRestProperties' of type [org.springframework.boot.autoconfigure.data.rest.RepositoryRestProperties] is not eligible for getting processed by all BeanPostProcessors (for example: not eligible for auto-proxying)
2022-07-15 22:36:40.425  INFO trungnd2-System-Product-Name --- [           main] trationDelegate$BeanPostProcessorChecker : Bean 'springBootRepositoryRestConfigurer' of type [org.springframework.boot.autoconfigure.data.rest.SpringBootRepositoryRestConfigurer] is not eligible for getting processed by all BeanPostProcessors (for example: not eligible for auto-proxying)
2022-07-15 22:36:40.426  INFO trungnd2-System-Product-Name --- [           main] trationDelegate$BeanPostProcessorChecker : Bean 'configurerDelegate' of type [org.springframework.data.rest.webmvc.config.RepositoryRestConfigurerDelegate] is not eligible for getting processed by all BeanPostProcessors (for example: not eligible for auto-proxying)
2022-07-15 22:36:40.431  INFO trungnd2-System-Product-Name --- [           main] trationDelegate$BeanPostProcessorChecker : Bean 'org.springframework.boot.autoconfigure.http.HttpMessageConvertersAutoConfiguration$StringHttpMessageConverterConfiguration' of type [org.springframework.boot.autoconfigure.http.HttpMessageConvertersAutoConfiguration$StringHttpMessageConverterConfiguration] is not eligible for getting processed by all BeanPostProcessors (for example: not eligible for auto-proxying)
2022-07-15 22:36:40.435  INFO trungnd2-System-Product-Name --- [           main] trationDelegate$BeanPostProcessorChecker : Bean 'stringHttpMessageConverter' of type [org.springframework.http.converter.StringHttpMessageConverter] is not eligible for getting processed by all BeanPostProcessors (for example: not eligible for auto-proxying)
2022-07-15 22:36:40.436  INFO trungnd2-System-Product-Name --- [           main] trationDelegate$BeanPostProcessorChecker : Bean 'org.springframework.boot.autoconfigure.http.JacksonHttpMessageConvertersConfiguration$MappingJackson2HttpMessageConverterConfiguration' of type [org.springframework.boot.autoconfigure.http.JacksonHttpMessageConvertersConfiguration$MappingJackson2HttpMessageConverterConfiguration] is not eligible for getting processed by all BeanPostProcessors (for example: not eligible for auto-proxying)
2022-07-15 22:36:40.437  INFO trungnd2-System-Product-Name --- [           main] trationDelegate$BeanPostProcessorChecker : Bean 'beanConfig' of type [vn.insee.config.BeanConfig$$EnhancerBySpringCGLIB$$401088ba] is not eligible for getting processed by all BeanPostProcessors (for example: not eligible for auto-proxying)
2022-07-15 22:36:40.450  INFO trungnd2-System-Product-Name --- [           main] trationDelegate$BeanPostProcessorChecker : Bean 'objectMapper' of type [com.fasterxml.jackson.databind.ObjectMapper] is not eligible for getting processed by all BeanPostProcessors (for example: not eligible for auto-proxying)
2022-07-15 22:36:40.455  INFO trungnd2-System-Product-Name --- [           main] trationDelegate$BeanPostProcessorChecker : Bean 'mappingJackson2HttpMessageConverter' of type [org.springframework.http.converter.json.MappingJackson2HttpMessageConverter] is not eligible for getting processed by all BeanPostProcessors (for example: not eligible for auto-proxying)
2022-07-15 22:36:40.456  INFO trungnd2-System-Product-Name --- [           main] trationDelegate$BeanPostProcessorChecker : Bean 'org.springframework.data.rest.webmvc.config.RepositoryRestMvcConfiguration' of type [org.springframework.data.rest.webmvc.config.RepositoryRestMvcConfiguration] is not eligible for getting processed by all BeanPostProcessors (for example: not eligible for auto-proxying)
2022-07-15 22:36:40.686  INFO trungnd2-System-Product-Name --- [           main] o.s.b.w.e.t.TomcatWebServer              : Tomcat initialized with port(s): 7955 (http)
2022-07-15 22:36:40.694  INFO trungnd2-System-Product-Name --- [           main] o.a.c.h.Http11NioProtocol                : Initializing ProtocolHandler ["http-nio-7955"]
2022-07-15 22:36:40.695  INFO trungnd2-System-Product-Name --- [           main] o.a.c.c.StandardService                  : Starting service [Tomcat]
2022-07-15 22:36:40.695  INFO trungnd2-System-Product-Name --- [           main] o.a.c.c.StandardEngine                   : Starting Servlet engine: [Apache Tomcat/9.0.41]
2022-07-15 22:36:40.760  INFO trungnd2-System-Product-Name --- [           main] o.a.c.c.C.[.[.[/]                        : Initializing Spring embedded WebApplicationContext
2022-07-15 22:36:40.760  INFO trungnd2-System-Product-Name --- [           main] w.s.c.ServletWebServerApplicationContext : Root WebApplicationContext: initialization completed in 1294 ms
2022-07-15 22:36:40.813  WARN trungnd2-System-Product-Name --- [           main] JpaBaseConfiguration$JpaWebConfiguration : spring.jpa.open-in-view is enabled by default. Therefore, database queries may be performed during view rendering. Explicitly configure spring.jpa.open-in-view to disable this warning
2022-07-15 22:36:40.900  INFO trungnd2-System-Product-Name --- [           main] c.z.h.HikariDataSource                   : HikariPool-1 - Starting...
2022-07-15 22:36:41.138  INFO trungnd2-System-Product-Name --- [           main] c.z.h.HikariDataSource                   : HikariPool-1 - Start completed.
2022-07-15 22:36:41.187  INFO trungnd2-System-Product-Name --- [           main] o.h.j.i.u.LogHelper                      : HHH000204: Processing PersistenceUnitInfo [name: default]
2022-07-15 22:36:41.220  INFO trungnd2-System-Product-Name --- [           main] o.h.Version                              : HHH000412: Hibernate ORM core version 5.4.25.Final
2022-07-15 22:36:41.321  INFO trungnd2-System-Product-Name --- [           main] o.h.a.c.Version                          : HCANN000001: Hibernate Commons Annotations {5.1.2.Final}
2022-07-15 22:36:41.403  INFO trungnd2-System-Product-Name --- [           main] o.h.d.Dialect                            : HHH000400: Using dialect: org.hibernate.dialect.PostgreSQL9Dialect
2022-07-15 22:36:41.653  INFO trungnd2-System-Product-Name --- [           main] Hibernate Types                          : is proudly powered by:

>>>>>>>>>>>>>>>>>>>>>>>>>>>>>>>>>>>>>>>>>>>>>>>>>>>>>>>>>>>>>>>>
 _    _                           _     _
| |  | |                         (_)   | |
| |__| |_   _ _ __   ___ _ __ ___ _ ___| |_ ___ _ __   ___ ___
|  __  | | | | '_ \ / _ \ '__/ __| / __| __/ _ \ '_ \ / __/ _ \
| |  | | |_| | |_) |  __/ |  \__ \ \__ \ ||  __/ | | | (_|  __/
|_|  |_|\__, | .__/ \___|_|  |___/_|___/\__\___|_| |_|\___\___|
         __/ | |
        |___/|_|

At Hypersistence, we only build amazing tools, like Hibernate Types, Flexy Pool, or Hypersistence Optimizer.
What if there was a tool that couuld automatically detect JPA and Hibernate performance issues?
Hypersistence Optimizer is that tool!
For more details, go to: 

https://vladmihalcea.com/hypersistence-optimizer/
<<<<<<<<<<<<<<<<<<<<<<<<<<<<<<<<<<<<<<<<<<<<<<<<<<<<<<<<<<<<<<<<

2022-07-15 22:36:42.122 ERROR trungnd2-System-Product-Name --- [           main] o.h.m.i.MetadataContext                  : HHH015007: Illegal argument on static metamodel field injection : vn.insee.jpa.entity.UserEntity_#sessions; expected type :  org.hibernate.metamodel.model.domain.internal.SingularAttributeImpl; encountered type : javax.persistence.metamodel.ListAttribute
2022-07-15 22:36:42.123 ERROR trungnd2-System-Product-Name --- [           main] o.h.m.i.MetadataContext                  : HHH015007: Illegal argument on static metamodel field injection : vn.insee.jpa.entity.UserEntity_#products; expected type :  org.hibernate.metamodel.model.domain.internal.SingularAttributeImpl; encountered type : javax.persistence.metamodel.ListAttribute
2022-07-15 22:36:42.123 ERROR trungnd2-System-Product-Name --- [           main] o.h.m.i.MetadataContext                  : HHH015007: Illegal argument on static metamodel field injection : vn.insee.jpa.entity.BroadcastEntity_#clickers; expected type :  org.hibernate.metamodel.model.domain.internal.SingularAttributeImpl; encountered type : javax.persistence.metamodel.ListAttribute
2022-07-15 22:36:42.123 ERROR trungnd2-System-Product-Name --- [           main] o.h.m.i.MetadataContext                  : HHH015007: Illegal argument on static metamodel field injection : vn.insee.jpa.entity.BroadcastEntity_#userIds; expected type :  org.hibernate.metamodel.model.domain.internal.SingularAttributeImpl; encountered type : javax.persistence.metamodel.ListAttribute
2022-07-15 22:36:42.123 ERROR trungnd2-System-Product-Name --- [           main] o.h.m.i.MetadataContext                  : HHH015007: Illegal argument on static metamodel field injection : vn.insee.jpa.entity.BroadcastEntity_#cityIds; expected type :  org.hibernate.metamodel.model.domain.internal.SingularAttributeImpl; encountered type : javax.persistence.metamodel.ListAttribute
2022-07-15 22:36:42.124 ERROR trungnd2-System-Product-Name --- [           main] o.h.m.i.MetadataContext                  : HHH015007: Illegal argument on static metamodel field injection : vn.insee.jpa.entity.BroadcastEntity_#districtIds; expected type :  org.hibernate.metamodel.model.domain.internal.SingularAttributeImpl; encountered type : javax.persistence.metamodel.ListAttribute
2022-07-15 22:36:42.124 ERROR trungnd2-System-Product-Name --- [           main] o.h.m.i.MetadataContext                  : HHH015007: Illegal argument on static metamodel field injection : vn.insee.jpa.entity.FormEntity_#gifts; expected type :  org.hibernate.metamodel.model.domain.internal.SingularAttributeImpl; encountered type : javax.persistence.metamodel.ListAttribute
2022-07-15 22:36:42.124 ERROR trungnd2-System-Product-Name --- [           main] o.h.m.i.MetadataContext                  : HHH015007: Illegal argument on static metamodel field injection : vn.insee.jpa.entity.FormEntity_#cements; expected type :  org.hibernate.metamodel.model.domain.internal.SingularAttributeImpl; encountered type : javax.persistence.metamodel.ListAttribute
2022-07-15 22:36:42.125 ERROR trungnd2-System-Product-Name --- [           main] o.h.m.i.MetadataContext                  : HHH015007: Illegal argument on static metamodel field injection : vn.insee.jpa.entity.PromotionEntity_#cityIds; expected type :  org.hibernate.metamodel.model.domain.internal.SingularAttributeImpl; encountered type : javax.persistence.metamodel.ListAttribute
2022-07-15 22:36:42.125 ERROR trungnd2-System-Product-Name --- [           main] o.h.m.i.MetadataContext                  : HHH015007: Illegal argument on static metamodel field injection : vn.insee.jpa.entity.PromotionEntity_#districtIds; expected type :  org.hibernate.metamodel.model.domain.internal.SingularAttributeImpl; encountered type : javax.persistence.metamodel.ListAttribute
2022-07-15 22:36:42.125 ERROR trungnd2-System-Product-Name --- [           main] o.h.m.i.MetadataContext                  : HHH015007: Illegal argument on static metamodel field injection : vn.insee.jpa.entity.PromotionEntity_#cements; expected type :  org.hibernate.metamodel.model.domain.internal.SingularAttributeImpl; encountered type : javax.persistence.metamodel.ListAttribute
2022-07-15 22:36:42.126 ERROR trungnd2-System-Product-Name --- [           main] o.h.m.i.MetadataContext                  : HHH015007: Illegal argument on static metamodel field injection : vn.insee.jpa.entity.PostEntity_#cityIds; expected type :  org.hibernate.metamodel.model.domain.internal.SingularAttributeImpl; encountered type : javax.persistence.metamodel.ListAttribute
2022-07-15 22:36:42.126 ERROR trungnd2-System-Product-Name --- [           main] o.h.m.i.MetadataContext                  : HHH015007: Illegal argument on static metamodel field injection : vn.insee.jpa.entity.PostEntity_#districtIds; expected type :  org.hibernate.metamodel.model.domain.internal.SingularAttributeImpl; encountered type : javax.persistence.metamodel.ListAttribute
2022-07-15 22:36:42.131  INFO trungnd2-System-Product-Name --- [           main] o.h.e.t.j.p.i.JtaPlatformInitiator       : HHH000490: Using JtaPlatform implementation: [org.hibernate.engine.transaction.jta.platform.internal.NoJtaPlatform]
2022-07-15 22:36:42.136  INFO trungnd2-System-Product-Name --- [           main] j.LocalContainerEntityManagerFactoryBean : Initialized JPA EntityManagerFactory for persistence unit 'default'
2022-07-15 22:36:43.739  INFO trungnd2-System-Product-Name --- [           main] o.s.s.c.ThreadPoolTaskExecutor           : Initializing ExecutorService 'applicationTaskExecutor'
2022-07-15 22:36:43.863  INFO trungnd2-System-Product-Name --- [           main] j.s.t.ScheduledThreadPoolJobRunrExecutor : ThreadManager of type 'ScheduledThreadPool' started
2022-07-15 22:36:43.864  INFO trungnd2-System-Product-Name --- [pool-2-thread-1] o.j.s.BackgroundJobServer                : JobRunr BackgroundJobServer (169df320-556b-4231-915f-0d200462f922) and 48 BackgroundJobPerformers started successfully
2022-07-15 22:36:43.866  INFO trungnd2-System-Product-Name --- [pool-2-thread-1] o.j.s.ServerZooKeeper                    : Server 169df320-556b-4231-915f-0d200462f922 is master (this BackgroundJobServer)
2022-07-15 22:36:43.887  INFO trungnd2-System-Product-Name --- [           main] o.j.d.JobRunrDashboardWebServer          : JobRunr Dashboard started at http://localhost:8000/dashboard
2022-07-15 22:36:44.015  INFO trungnd2-System-Product-Name --- [           main] o.s.s.c.ThreadPoolTaskScheduler          : Initializing ExecutorService 'taskScheduler'
2022-07-15 22:36:44.047  INFO trungnd2-System-Product-Name --- [           main] o.a.c.h.Http11NioProtocol                : Starting ProtocolHandler ["http-nio-7955"]
2022-07-15 22:36:44.054  INFO trungnd2-System-Product-Name --- [           main] o.s.b.w.e.t.TomcatWebServer              : Tomcat started on port(s): 7955 (http) with context path ''
2022-07-15 22:36:44.215  INFO trungnd2-System-Product-Name --- [           main] v.i.a.r.Main                             : Started Main in 5.041 seconds (JVM running for 5.634)
