2022-03-09 22:56:28.349  INFO trungnd2-System-Product-Name --- [           main] v.i.a.r.Main                             : Starting Main using Java 11.0.14 on trungnd2-System-Product-Name with PID 19130 (/home/trungnd2/Documents/project/new/_insee/AdminServer/target/classes started by trungnd2 in /home/trungnd2/Documents/project/new/_insee)
2022-03-09 22:56:28.360  INFO trungnd2-System-Product-Name --- [           main] v.i.a.r.Main                             : The following profiles are active: local
2022-03-09 22:56:28.803  INFO trungnd2-System-Product-Name --- [           main] .s.d.r.c.RepositoryConfigurationDelegate : Bootstrapping Spring Data JPA repositories in DEFAULT mode.
2022-03-09 22:56:28.853  INFO trungnd2-System-Product-Name --- [           main] .s.d.r.c.RepositoryConfigurationDelegate : Finished Spring Data repository scanning in 45 ms. Found 10 JPA repository interfaces.
2022-03-09 22:56:29.184  INFO trungnd2-System-Product-Name --- [           main] trationDelegate$BeanPostProcessorChecker : Bean 'org.springframework.hateoas.config.HateoasConfiguration' of type [org.springframework.hateoas.config.HateoasConfiguration] is not eligible for getting processed by all BeanPostProcessors (for example: not eligible for auto-proxying)
2022-03-09 22:56:29.186  INFO trungnd2-System-Product-Name --- [           main] trationDelegate$BeanPostProcessorChecker : Bean 'relProviderPluginRegistry' of type [org.springframework.plugin.core.support.PluginRegistryFactoryBean] is not eligible for getting processed by all BeanPostProcessors (for example: not eligible for auto-proxying)
2022-03-09 22:56:29.191  INFO trungnd2-System-Product-Name --- [           main] trationDelegate$BeanPostProcessorChecker : Bean 'relProviderPluginRegistry' of type [org.springframework.plugin.core.OrderAwarePluginRegistry] is not eligible for getting processed by all BeanPostProcessors (for example: not eligible for auto-proxying)
2022-03-09 22:56:29.194  INFO trungnd2-System-Product-Name --- [           main] trationDelegate$BeanPostProcessorChecker : Bean '_relProvider' of type [org.springframework.hateoas.server.core.DelegatingLinkRelationProvider] is not eligible for getting processed by all BeanPostProcessors (for example: not eligible for auto-proxying)
2022-03-09 22:56:29.199  INFO trungnd2-System-Product-Name --- [           main] trationDelegate$BeanPostProcessorChecker : Bean 'messageResolver' of type [org.springframework.hateoas.mediatype.MessageSourceResolver] is not eligible for getting processed by all BeanPostProcessors (for example: not eligible for auto-proxying)
2022-03-09 22:56:29.200  INFO trungnd2-System-Product-Name --- [           main] trationDelegate$BeanPostProcessorChecker : Bean 'org.springframework.data.web.config.SpringDataJacksonConfiguration' of type [org.springframework.data.web.config.SpringDataJacksonConfiguration] is not eligible for getting processed by all BeanPostProcessors (for example: not eligible for auto-proxying)
2022-03-09 22:56:29.203  INFO trungnd2-System-Product-Name --- [           main] trationDelegate$BeanPostProcessorChecker : Bean 'jacksonGeoModule' of type [org.springframework.data.geo.GeoModule] is not eligible for getting processed by all BeanPostProcessors (for example: not eligible for auto-proxying)
2022-03-09 22:56:29.211  INFO trungnd2-System-Product-Name --- [           main] trationDelegate$BeanPostProcessorChecker : Bean 'org.springframework.boot.autoconfigure.data.rest.RepositoryRestMvcAutoConfiguration' of type [org.springframework.boot.autoconfigure.data.rest.RepositoryRestMvcAutoConfiguration] is not eligible for getting processed by all BeanPostProcessors (for example: not eligible for auto-proxying)
2022-03-09 22:56:29.212  INFO trungnd2-System-Product-Name --- [           main] trationDelegate$BeanPostProcessorChecker : Bean 'org.springframework.boot.autoconfigure.jackson.JacksonAutoConfiguration$JacksonObjectMapperBuilderConfiguration' of type [org.springframework.boot.autoconfigure.jackson.JacksonAutoConfiguration$JacksonObjectMapperBuilderConfiguration] is not eligible for getting processed by all BeanPostProcessors (for example: not eligible for auto-proxying)
2022-03-09 22:56:29.214  INFO trungnd2-System-Product-Name --- [           main] trationDelegate$BeanPostProcessorChecker : Bean 'org.springframework.boot.autoconfigure.jackson.JacksonAutoConfiguration$Jackson2ObjectMapperBuilderCustomizerConfiguration' of type [org.springframework.boot.autoconfigure.jackson.JacksonAutoConfiguration$Jackson2ObjectMapperBuilderCustomizerConfiguration] is not eligible for getting processed by all BeanPostProcessors (for example: not eligible for auto-proxying)
2022-03-09 22:56:29.224  INFO trungnd2-System-Product-Name --- [           main] trationDelegate$BeanPostProcessorChecker : Bean 'spring.jackson-org.springframework.boot.autoconfigure.jackson.JacksonProperties' of type [org.springframework.boot.autoconfigure.jackson.JacksonProperties] is not eligible for getting processed by all BeanPostProcessors (for example: not eligible for auto-proxying)
2022-03-09 22:56:29.225  INFO trungnd2-System-Product-Name --- [           main] trationDelegate$BeanPostProcessorChecker : Bean 'standardJacksonObjectMapperBuilderCustomizer' of type [org.springframework.boot.autoconfigure.jackson.JacksonAutoConfiguration$Jackson2ObjectMapperBuilderCustomizerConfiguration$StandardJackson2ObjectMapperBuilderCustomizer] is not eligible for getting processed by all BeanPostProcessors (for example: not eligible for auto-proxying)
2022-03-09 22:56:29.227  INFO trungnd2-System-Product-Name --- [           main] trationDelegate$BeanPostProcessorChecker : Bean 'org.springframework.boot.autoconfigure.jackson.JacksonAutoConfiguration$ParameterNamesModuleConfiguration' of type [org.springframework.boot.autoconfigure.jackson.JacksonAutoConfiguration$ParameterNamesModuleConfiguration] is not eligible for getting processed by all BeanPostProcessors (for example: not eligible for auto-proxying)
2022-03-09 22:56:29.228  INFO trungnd2-System-Product-Name --- [           main] trationDelegate$BeanPostProcessorChecker : Bean 'parameterNamesModule' of type [com.fasterxml.jackson.module.paramnames.ParameterNamesModule] is not eligible for getting processed by all BeanPostProcessors (for example: not eligible for auto-proxying)
2022-03-09 22:56:29.229  INFO trungnd2-System-Product-Name --- [           main] trationDelegate$BeanPostProcessorChecker : Bean 'org.springframework.boot.autoconfigure.jackson.JacksonAutoConfiguration' of type [org.springframework.boot.autoconfigure.jackson.JacksonAutoConfiguration] is not eligible for getting processed by all BeanPostProcessors (for example: not eligible for auto-proxying)
2022-03-09 22:56:29.236  INFO trungnd2-System-Product-Name --- [           main] trationDelegate$BeanPostProcessorChecker : Bean 'jsonComponentModule' of type [org.springframework.boot.jackson.JsonComponentModule] is not eligible for getting processed by all BeanPostProcessors (for example: not eligible for auto-proxying)
2022-03-09 22:56:29.238  INFO trungnd2-System-Product-Name --- [           main] trationDelegate$BeanPostProcessorChecker : Bean 'jacksonObjectMapperBuilder' of type [org.springframework.http.converter.json.Jackson2ObjectMapperBuilder] is not eligible for getting processed by all BeanPostProcessors (for example: not eligible for auto-proxying)
2022-03-09 22:56:29.243  INFO trungnd2-System-Product-Name --- [           main] trationDelegate$BeanPostProcessorChecker : Bean 'spring.data.rest-org.springframework.boot.autoconfigure.data.rest.RepositoryRestProperties' of type [org.springframework.boot.autoconfigure.data.rest.RepositoryRestProperties] is not eligible for getting processed by all BeanPostProcessors (for example: not eligible for auto-proxying)
2022-03-09 22:56:29.244  INFO trungnd2-System-Product-Name --- [           main] trationDelegate$BeanPostProcessorChecker : Bean 'springBootRepositoryRestConfigurer' of type [org.springframework.boot.autoconfigure.data.rest.SpringBootRepositoryRestConfigurer] is not eligible for getting processed by all BeanPostProcessors (for example: not eligible for auto-proxying)
2022-03-09 22:56:29.244  INFO trungnd2-System-Product-Name --- [           main] trationDelegate$BeanPostProcessorChecker : Bean 'configurerDelegate' of type [org.springframework.data.rest.webmvc.config.RepositoryRestConfigurerDelegate] is not eligible for getting processed by all BeanPostProcessors (for example: not eligible for auto-proxying)
2022-03-09 22:56:29.249  INFO trungnd2-System-Product-Name --- [           main] trationDelegate$BeanPostProcessorChecker : Bean 'org.springframework.boot.autoconfigure.http.HttpMessageConvertersAutoConfiguration$StringHttpMessageConverterConfiguration' of type [org.springframework.boot.autoconfigure.http.HttpMessageConvertersAutoConfiguration$StringHttpMessageConverterConfiguration] is not eligible for getting processed by all BeanPostProcessors (for example: not eligible for auto-proxying)
2022-03-09 22:56:29.253  INFO trungnd2-System-Product-Name --- [           main] trationDelegate$BeanPostProcessorChecker : Bean 'stringHttpMessageConverter' of type [org.springframework.http.converter.StringHttpMessageConverter] is not eligible for getting processed by all BeanPostProcessors (for example: not eligible for auto-proxying)
2022-03-09 22:56:29.254  INFO trungnd2-System-Product-Name --- [           main] trationDelegate$BeanPostProcessorChecker : Bean 'org.springframework.boot.autoconfigure.http.JacksonHttpMessageConvertersConfiguration$MappingJackson2HttpMessageConverterConfiguration' of type [org.springframework.boot.autoconfigure.http.JacksonHttpMessageConvertersConfiguration$MappingJackson2HttpMessageConverterConfiguration] is not eligible for getting processed by all BeanPostProcessors (for example: not eligible for auto-proxying)
2022-03-09 22:56:29.255  INFO trungnd2-System-Product-Name --- [           main] trationDelegate$BeanPostProcessorChecker : Bean 'beanConfig' of type [vn.insee.config.BeanConfig$$EnhancerBySpringCGLIB$$4d46d1f4] is not eligible for getting processed by all BeanPostProcessors (for example: not eligible for auto-proxying)
2022-03-09 22:56:29.268  INFO trungnd2-System-Product-Name --- [           main] trationDelegate$BeanPostProcessorChecker : Bean 'objectMapper' of type [com.fasterxml.jackson.databind.ObjectMapper] is not eligible for getting processed by all BeanPostProcessors (for example: not eligible for auto-proxying)
2022-03-09 22:56:29.274  INFO trungnd2-System-Product-Name --- [           main] trationDelegate$BeanPostProcessorChecker : Bean 'mappingJackson2HttpMessageConverter' of type [org.springframework.http.converter.json.MappingJackson2HttpMessageConverter] is not eligible for getting processed by all BeanPostProcessors (for example: not eligible for auto-proxying)
2022-03-09 22:56:29.275  INFO trungnd2-System-Product-Name --- [           main] trationDelegate$BeanPostProcessorChecker : Bean 'org.springframework.data.rest.webmvc.config.RepositoryRestMvcConfiguration' of type [org.springframework.data.rest.webmvc.config.RepositoryRestMvcConfiguration] is not eligible for getting processed by all BeanPostProcessors (for example: not eligible for auto-proxying)
2022-03-09 22:56:29.481  INFO trungnd2-System-Product-Name --- [           main] o.s.b.w.e.t.TomcatWebServer              : Tomcat initialized with port(s): 7955 (http)
2022-03-09 22:56:29.490  INFO trungnd2-System-Product-Name --- [           main] o.a.c.h.Http11NioProtocol                : Initializing ProtocolHandler ["http-nio-7955"]
2022-03-09 22:56:29.490  INFO trungnd2-System-Product-Name --- [           main] o.a.c.c.StandardService                  : Starting service [Tomcat]
2022-03-09 22:56:29.491  INFO trungnd2-System-Product-Name --- [           main] o.a.c.c.StandardEngine                   : Starting Servlet engine: [Apache Tomcat/9.0.41]
2022-03-09 22:56:29.555  INFO trungnd2-System-Product-Name --- [           main] o.a.c.c.C.[.[.[/]                        : Initializing Spring embedded WebApplicationContext
2022-03-09 22:56:29.556  INFO trungnd2-System-Product-Name --- [           main] w.s.c.ServletWebServerApplicationContext : Root WebApplicationContext: initialization completed in 1147 ms
2022-03-09 22:56:29.596  WARN trungnd2-System-Product-Name --- [           main] JpaBaseConfiguration$JpaWebConfiguration : spring.jpa.open-in-view is enabled by default. Therefore, database queries may be performed during view rendering. Explicitly configure spring.jpa.open-in-view to disable this warning
2022-03-09 22:56:29.688  INFO trungnd2-System-Product-Name --- [           main] c.z.h.HikariDataSource                   : HikariPool-1 - Starting...
2022-03-09 22:56:29.997  INFO trungnd2-System-Product-Name --- [           main] c.z.h.HikariDataSource                   : HikariPool-1 - Start completed.
2022-03-09 22:56:30.043  INFO trungnd2-System-Product-Name --- [           main] o.h.j.i.u.LogHelper                      : HHH000204: Processing PersistenceUnitInfo [name: default]
2022-03-09 22:56:30.077  INFO trungnd2-System-Product-Name --- [           main] o.h.Version                              : HHH000412: Hibernate ORM core version 5.4.25.Final
2022-03-09 22:56:30.165  INFO trungnd2-System-Product-Name --- [           main] o.h.a.c.Version                          : HCANN000001: Hibernate Commons Annotations {5.1.2.Final}
2022-03-09 22:56:30.238  INFO trungnd2-System-Product-Name --- [           main] o.h.d.Dialect                            : HHH000400: Using dialect: org.hibernate.dialect.PostgreSQL9Dialect
2022-03-09 22:56:30.439  INFO trungnd2-System-Product-Name --- [           main] Hibernate Types                          : is proudly powered by:

>>>>>>>>>>>>>>>>>>>>>>>>>>>>>>>>>>>>>>>>>>>>>>>>>>>>>>>>>>>>>>>>
 _    _                           _     _
| |  | |                         (_)   | |
| |__| |_   _ _ __   ___ _ __ ___ _ ___| |_ ___ _ __   ___ ___
|  __  | | | | '_ \ / _ \ '__/ __| / __| __/ _ \ '_ \ / __/ _ \
| |  | | |_| | |_) |  __/ |  \__ \ \__ \ ||  __/ | | | (_|  __/
|_|  |_|\__, | .__/ \___|_|  |___/_|___/\__\___|_| |_|\___\___|
         __/ | |
        |___/|_|

At Hypersistence, we only build amazing tools, like Hibernate Types, Flexy Pool, or Hypersistence Optimizer.
What if there was a tool that couuld automatically detect JPA and Hibernate performance issues?
Hypersistence Optimizer is that tool!
For more details, go to: 

https://vladmihalcea.com/hypersistence-optimizer/
<<<<<<<<<<<<<<<<<<<<<<<<<<<<<<<<<<<<<<<<<<<<<<<<<<<<<<<<<<<<<<<<

2022-03-09 22:56:30.799 ERROR trungnd2-System-Product-Name --- [           main] o.h.m.i.MetadataContext                  : HHH015007: Illegal argument on static metamodel field injection : vn.insee.jpa.entity.UserEntity_#products; expected type :  org.hibernate.metamodel.model.domain.internal.SingularAttributeImpl; encountered type : javax.persistence.metamodel.ListAttribute
2022-03-09 22:56:30.799 ERROR trungnd2-System-Product-Name --- [           main] o.h.m.i.MetadataContext                  : HHH015007: Illegal argument on static metamodel field injection : vn.insee.jpa.entity.UserEntity_#sessions; expected type :  org.hibernate.metamodel.model.domain.internal.SingularAttributeImpl; encountered type : javax.persistence.metamodel.ListAttribute
2022-03-09 22:56:30.800 ERROR trungnd2-System-Product-Name --- [           main] o.h.m.i.MetadataContext                  : HHH015007: Illegal argument on static metamodel field injection : vn.insee.jpa.entity.BroadcastEntity_#cityIds; expected type :  org.hibernate.metamodel.model.domain.internal.SingularAttributeImpl; encountered type : javax.persistence.metamodel.ListAttribute
2022-03-09 22:56:30.800 ERROR trungnd2-System-Product-Name --- [           main] o.h.m.i.MetadataContext                  : HHH015007: Illegal argument on static metamodel field injection : vn.insee.jpa.entity.BroadcastEntity_#userIds; expected type :  org.hibernate.metamodel.model.domain.internal.SingularAttributeImpl; encountered type : javax.persistence.metamodel.ListAttribute
2022-03-09 22:56:30.800 ERROR trungnd2-System-Product-Name --- [           main] o.h.m.i.MetadataContext                  : HHH015007: Illegal argument on static metamodel field injection : vn.insee.jpa.entity.BroadcastEntity_#clickers; expected type :  org.hibernate.metamodel.model.domain.internal.SingularAttributeImpl; encountered type : javax.persistence.metamodel.ListAttribute
2022-03-09 22:56:30.801 ERROR trungnd2-System-Product-Name --- [           main] o.h.m.i.MetadataContext                  : HHH015007: Illegal argument on static metamodel field injection : vn.insee.jpa.entity.BroadcastEntity_#districtIds; expected type :  org.hibernate.metamodel.model.domain.internal.SingularAttributeImpl; encountered type : javax.persistence.metamodel.ListAttribute
2022-03-09 22:56:30.801 ERROR trungnd2-System-Product-Name --- [           main] o.h.m.i.MetadataContext                  : HHH015007: Illegal argument on static metamodel field injection : vn.insee.jpa.entity.FormEntity_#cements; expected type :  org.hibernate.metamodel.model.domain.internal.SingularAttributeImpl; encountered type : javax.persistence.metamodel.ListAttribute
2022-03-09 22:56:30.801 ERROR trungnd2-System-Product-Name --- [           main] o.h.m.i.MetadataContext                  : HHH015007: Illegal argument on static metamodel field injection : vn.insee.jpa.entity.FormEntity_#gifts; expected type :  org.hibernate.metamodel.model.domain.internal.SingularAttributeImpl; encountered type : javax.persistence.metamodel.ListAttribute
2022-03-09 22:56:30.802 ERROR trungnd2-System-Product-Name --- [           main] o.h.m.i.MetadataContext                  : HHH015007: Illegal argument on static metamodel field injection : vn.insee.jpa.entity.PromotionEntity_#cements; expected type :  org.hibernate.metamodel.model.domain.internal.SingularAttributeImpl; encountered type : javax.persistence.metamodel.ListAttribute
2022-03-09 22:56:30.802 ERROR trungnd2-System-Product-Name --- [           main] o.h.m.i.MetadataContext                  : HHH015007: Illegal argument on static metamodel field injection : vn.insee.jpa.entity.PromotionEntity_#cityIds; expected type :  org.hibernate.metamodel.model.domain.internal.SingularAttributeImpl; encountered type : javax.persistence.metamodel.ListAttribute
2022-03-09 22:56:30.802 ERROR trungnd2-System-Product-Name --- [           main] o.h.m.i.MetadataContext                  : HHH015007: Illegal argument on static metamodel field injection : vn.insee.jpa.entity.PromotionEntity_#districtIds; expected type :  org.hibernate.metamodel.model.domain.internal.SingularAttributeImpl; encountered type : javax.persistence.metamodel.ListAttribute
2022-03-09 22:56:30.803 ERROR trungnd2-System-Product-Name --- [           main] o.h.m.i.MetadataContext                  : HHH015007: Illegal argument on static metamodel field injection : vn.insee.jpa.entity.PostEntity_#districtIds; expected type :  org.hibernate.metamodel.model.domain.internal.SingularAttributeImpl; encountered type : javax.persistence.metamodel.ListAttribute
2022-03-09 22:56:30.804 ERROR trungnd2-System-Product-Name --- [           main] o.h.m.i.MetadataContext                  : HHH015007: Illegal argument on static metamodel field injection : vn.insee.jpa.entity.PostEntity_#cityIds; expected type :  org.hibernate.metamodel.model.domain.internal.SingularAttributeImpl; encountered type : javax.persistence.metamodel.ListAttribute
2022-03-09 22:56:30.809  INFO trungnd2-System-Product-Name --- [           main] o.h.e.t.j.p.i.JtaPlatformInitiator       : HHH000490: Using JtaPlatform implementation: [org.hibernate.engine.transaction.jta.platform.internal.NoJtaPlatform]
2022-03-09 22:56:30.817  INFO trungnd2-System-Product-Name --- [           main] j.LocalContainerEntityManagerFactoryBean : Initialized JPA EntityManagerFactory for persistence unit 'default'
2022-03-09 22:56:31.884  INFO trungnd2-System-Product-Name --- [           main] o.s.s.c.ThreadPoolTaskExecutor           : Initializing ExecutorService 'applicationTaskExecutor'
2022-03-09 22:56:32.003  INFO trungnd2-System-Product-Name --- [           main] j.s.t.ScheduledThreadPoolJobRunrExecutor : ThreadManager of type 'ScheduledThreadPool' started
2022-03-09 22:56:32.004  INFO trungnd2-System-Product-Name --- [pool-2-thread-1] o.j.s.BackgroundJobServer                : JobRunr BackgroundJobServer (b46a7fff-759f-48d3-8171-19637eafb3b2) and 48 BackgroundJobPerformers started successfully
2022-03-09 22:56:32.005  INFO trungnd2-System-Product-Name --- [pool-2-thread-1] o.j.s.ServerZooKeeper                    : Server b46a7fff-759f-48d3-8171-19637eafb3b2 is master (this BackgroundJobServer)
2022-03-09 22:56:32.029  INFO trungnd2-System-Product-Name --- [           main] o.j.d.JobRunrDashboardWebServer          : JobRunr Dashboard started at http://localhost:8000/dashboard
2022-03-09 22:56:32.135  INFO trungnd2-System-Product-Name --- [           main] o.s.s.c.ThreadPoolTaskScheduler          : Initializing ExecutorService 'taskScheduler'
2022-03-09 22:56:32.152  INFO trungnd2-System-Product-Name --- [           main] o.a.c.h.Http11NioProtocol                : Starting ProtocolHandler ["http-nio-7955"]
2022-03-09 22:56:32.159  INFO trungnd2-System-Product-Name --- [           main] o.s.b.w.e.t.TomcatWebServer              : Tomcat started on port(s): 7955 (http) with context path ''
2022-03-09 22:56:32.169  INFO trungnd2-System-Product-Name --- [           main] v.i.a.r.Main                             : Started Main in 4.07 seconds (JVM running for 4.699)
2022-03-09 22:56:49.036  INFO trungnd2-System-Product-Name --- [nio-7955-exec-1] o.a.c.c.C.[.[.[/]                        : Initializing Spring DispatcherServlet 'dispatcherServlet'
2022-03-09 22:56:49.036  INFO trungnd2-System-Product-Name --- [nio-7955-exec-1] o.s.w.s.DispatcherServlet                : Initializing Servlet 'dispatcherServlet'
2022-03-09 22:56:49.037  INFO trungnd2-System-Product-Name --- [nio-7955-exec-1] o.s.w.s.DispatcherServlet                : Completed initialization in 1 ms
2022-03-09 23:00:26.356  INFO trungnd2-System-Product-Name --- [extShutdownHook] o.s.s.c.ThreadPoolTaskScheduler          : Shutting down ExecutorService 'taskScheduler'
2022-03-09 23:00:26.359  INFO trungnd2-System-Product-Name --- [extShutdownHook] o.j.d.JobRunrDashboardWebServer          : JobRunr dashboard stopped
2022-03-09 23:00:26.363  INFO trungnd2-System-Product-Name --- [extShutdownHook] o.j.s.BackgroundJobServer                : BackgroundJobServer and BackgroundJobPerformers stopped
2022-03-09 23:00:26.364  INFO trungnd2-System-Product-Name --- [extShutdownHook] o.s.s.c.ThreadPoolTaskExecutor           : Shutting down ExecutorService 'applicationTaskExecutor'
2022-03-09 23:00:26.370  INFO trungnd2-System-Product-Name --- [extShutdownHook] j.LocalContainerEntityManagerFactoryBean : Closing JPA EntityManagerFactory for persistence unit 'default'
2022-03-09 23:00:26.372  INFO trungnd2-System-Product-Name --- [extShutdownHook] c.z.h.HikariDataSource                   : HikariPool-1 - Shutdown initiated...
2022-03-09 23:00:26.394  INFO trungnd2-System-Product-Name --- [extShutdownHook] c.z.h.HikariDataSource                   : HikariPool-1 - Shutdown completed.
