2022-01-22 22:20:00.382  INFO trungnd2 --- [           main] v.i.r.Main                               : Starting Main using Java 11.0.13 on trungnd2 with PID 73920 (/home/trungnd2/Downloads/insee/RetailerServer/target/classes started by trungnd2 in /home/trungnd2/Downloads/insee)
2022-01-22 22:20:00.393  INFO trungnd2 --- [           main] v.i.r.Main                               : The following profiles are active: local
2022-01-22 22:20:01.000  INFO trungnd2 --- [           main] .s.d.r.c.RepositoryConfigurationDelegate : Bootstrapping Spring Data JPA repositories in DEFAULT mode.
2022-01-22 22:20:01.067  INFO trungnd2 --- [           main] .s.d.r.c.RepositoryConfigurationDelegate : Finished Spring Data repository scanning in 58 ms. Found 6 JPA repository interfaces.
2022-01-22 22:20:01.675  INFO trungnd2 --- [           main] trationDelegate$BeanPostProcessorChecker : Bean 'org.springframework.hateoas.config.HateoasConfiguration' of type [org.springframework.hateoas.config.HateoasConfiguration] is not eligible for getting processed by all BeanPostProcessors (for example: not eligible for auto-proxying)
2022-01-22 22:20:01.679  INFO trungnd2 --- [           main] trationDelegate$BeanPostProcessorChecker : Bean 'relProviderPluginRegistry' of type [org.springframework.plugin.core.support.PluginRegistryFactoryBean] is not eligible for getting processed by all BeanPostProcessors (for example: not eligible for auto-proxying)
2022-01-22 22:20:01.688  INFO trungnd2 --- [           main] trationDelegate$BeanPostProcessorChecker : Bean 'relProviderPluginRegistry' of type [org.springframework.plugin.core.OrderAwarePluginRegistry] is not eligible for getting processed by all BeanPostProcessors (for example: not eligible for auto-proxying)
2022-01-22 22:20:01.693  INFO trungnd2 --- [           main] trationDelegate$BeanPostProcessorChecker : Bean '_relProvider' of type [org.springframework.hateoas.server.core.DelegatingLinkRelationProvider] is not eligible for getting processed by all BeanPostProcessors (for example: not eligible for auto-proxying)
2022-01-22 22:20:01.699  INFO trungnd2 --- [           main] trationDelegate$BeanPostProcessorChecker : Bean 'messageResolver' of type [org.springframework.hateoas.mediatype.MessageSourceResolver] is not eligible for getting processed by all BeanPostProcessors (for example: not eligible for auto-proxying)
2022-01-22 22:20:01.702  INFO trungnd2 --- [           main] trationDelegate$BeanPostProcessorChecker : Bean 'org.springframework.data.web.config.SpringDataJacksonConfiguration' of type [org.springframework.data.web.config.SpringDataJacksonConfiguration] is not eligible for getting processed by all BeanPostProcessors (for example: not eligible for auto-proxying)
2022-01-22 22:20:01.706  INFO trungnd2 --- [           main] trationDelegate$BeanPostProcessorChecker : Bean 'jacksonGeoModule' of type [org.springframework.data.geo.GeoModule] is not eligible for getting processed by all BeanPostProcessors (for example: not eligible for auto-proxying)
2022-01-22 22:20:01.725  INFO trungnd2 --- [           main] trationDelegate$BeanPostProcessorChecker : Bean 'org.springframework.boot.autoconfigure.data.rest.RepositoryRestMvcAutoConfiguration' of type [org.springframework.boot.autoconfigure.data.rest.RepositoryRestMvcAutoConfiguration] is not eligible for getting processed by all BeanPostProcessors (for example: not eligible for auto-proxying)
2022-01-22 22:20:01.730  INFO trungnd2 --- [           main] trationDelegate$BeanPostProcessorChecker : Bean 'org.springframework.boot.autoconfigure.jackson.JacksonAutoConfiguration$JacksonObjectMapperBuilderConfiguration' of type [org.springframework.boot.autoconfigure.jackson.JacksonAutoConfiguration$JacksonObjectMapperBuilderConfiguration] is not eligible for getting processed by all BeanPostProcessors (for example: not eligible for auto-proxying)
2022-01-22 22:20:01.735  INFO trungnd2 --- [           main] trationDelegate$BeanPostProcessorChecker : Bean 'org.springframework.boot.autoconfigure.jackson.JacksonAutoConfiguration$Jackson2ObjectMapperBuilderCustomizerConfiguration' of type [org.springframework.boot.autoconfigure.jackson.JacksonAutoConfiguration$Jackson2ObjectMapperBuilderCustomizerConfiguration] is not eligible for getting processed by all BeanPostProcessors (for example: not eligible for auto-proxying)
2022-01-22 22:20:01.767  INFO trungnd2 --- [           main] trationDelegate$BeanPostProcessorChecker : Bean 'spring.jackson-org.springframework.boot.autoconfigure.jackson.JacksonProperties' of type [org.springframework.boot.autoconfigure.jackson.JacksonProperties] is not eligible for getting processed by all BeanPostProcessors (for example: not eligible for auto-proxying)
2022-01-22 22:20:01.769  INFO trungnd2 --- [           main] trationDelegate$BeanPostProcessorChecker : Bean 'standardJacksonObjectMapperBuilderCustomizer' of type [org.springframework.boot.autoconfigure.jackson.JacksonAutoConfiguration$Jackson2ObjectMapperBuilderCustomizerConfiguration$StandardJackson2ObjectMapperBuilderCustomizer] is not eligible for getting processed by all BeanPostProcessors (for example: not eligible for auto-proxying)
2022-01-22 22:20:01.775  INFO trungnd2 --- [           main] trationDelegate$BeanPostProcessorChecker : Bean 'org.springframework.boot.autoconfigure.jackson.JacksonAutoConfiguration$ParameterNamesModuleConfiguration' of type [org.springframework.boot.autoconfigure.jackson.JacksonAutoConfiguration$ParameterNamesModuleConfiguration] is not eligible for getting processed by all BeanPostProcessors (for example: not eligible for auto-proxying)
2022-01-22 22:20:01.779  INFO trungnd2 --- [           main] trationDelegate$BeanPostProcessorChecker : Bean 'parameterNamesModule' of type [com.fasterxml.jackson.module.paramnames.ParameterNamesModule] is not eligible for getting processed by all BeanPostProcessors (for example: not eligible for auto-proxying)
2022-01-22 22:20:01.782  INFO trungnd2 --- [           main] trationDelegate$BeanPostProcessorChecker : Bean 'org.springframework.boot.autoconfigure.jackson.JacksonAutoConfiguration' of type [org.springframework.boot.autoconfigure.jackson.JacksonAutoConfiguration] is not eligible for getting processed by all BeanPostProcessors (for example: not eligible for auto-proxying)
2022-01-22 22:20:01.795  INFO trungnd2 --- [           main] trationDelegate$BeanPostProcessorChecker : Bean 'jsonComponentModule' of type [org.springframework.boot.jackson.JsonComponentModule] is not eligible for getting processed by all BeanPostProcessors (for example: not eligible for auto-proxying)
2022-01-22 22:20:01.800  INFO trungnd2 --- [           main] trationDelegate$BeanPostProcessorChecker : Bean 'jacksonObjectMapperBuilder' of type [org.springframework.http.converter.json.Jackson2ObjectMapperBuilder] is not eligible for getting processed by all BeanPostProcessors (for example: not eligible for auto-proxying)
2022-01-22 22:20:01.813  INFO trungnd2 --- [           main] trationDelegate$BeanPostProcessorChecker : Bean 'spring.data.rest-org.springframework.boot.autoconfigure.data.rest.RepositoryRestProperties' of type [org.springframework.boot.autoconfigure.data.rest.RepositoryRestProperties] is not eligible for getting processed by all BeanPostProcessors (for example: not eligible for auto-proxying)
2022-01-22 22:20:01.814  INFO trungnd2 --- [           main] trationDelegate$BeanPostProcessorChecker : Bean 'springBootRepositoryRestConfigurer' of type [org.springframework.boot.autoconfigure.data.rest.SpringBootRepositoryRestConfigurer] is not eligible for getting processed by all BeanPostProcessors (for example: not eligible for auto-proxying)
2022-01-22 22:20:01.817  INFO trungnd2 --- [           main] trationDelegate$BeanPostProcessorChecker : Bean 'configurerDelegate' of type [org.springframework.data.rest.webmvc.config.RepositoryRestConfigurerDelegate] is not eligible for getting processed by all BeanPostProcessors (for example: not eligible for auto-proxying)
2022-01-22 22:20:01.828  INFO trungnd2 --- [           main] trationDelegate$BeanPostProcessorChecker : Bean 'org.springframework.boot.autoconfigure.http.HttpMessageConvertersAutoConfiguration$StringHttpMessageConverterConfiguration' of type [org.springframework.boot.autoconfigure.http.HttpMessageConvertersAutoConfiguration$StringHttpMessageConverterConfiguration] is not eligible for getting processed by all BeanPostProcessors (for example: not eligible for auto-proxying)
2022-01-22 22:20:01.839  INFO trungnd2 --- [           main] trationDelegate$BeanPostProcessorChecker : Bean 'stringHttpMessageConverter' of type [org.springframework.http.converter.StringHttpMessageConverter] is not eligible for getting processed by all BeanPostProcessors (for example: not eligible for auto-proxying)
2022-01-22 22:20:01.842  INFO trungnd2 --- [           main] trationDelegate$BeanPostProcessorChecker : Bean 'org.springframework.boot.autoconfigure.http.JacksonHttpMessageConvertersConfiguration$MappingJackson2HttpMessageConverterConfiguration' of type [org.springframework.boot.autoconfigure.http.JacksonHttpMessageConvertersConfiguration$MappingJackson2HttpMessageConverterConfiguration] is not eligible for getting processed by all BeanPostProcessors (for example: not eligible for auto-proxying)
2022-01-22 22:20:01.845  INFO trungnd2 --- [           main] trationDelegate$BeanPostProcessorChecker : Bean 'org.springframework.boot.autoconfigure.jackson.JacksonAutoConfiguration$JacksonObjectMapperConfiguration' of type [org.springframework.boot.autoconfigure.jackson.JacksonAutoConfiguration$JacksonObjectMapperConfiguration] is not eligible for getting processed by all BeanPostProcessors (for example: not eligible for auto-proxying)
2022-01-22 22:20:01.855  INFO trungnd2 --- [           main] trationDelegate$BeanPostProcessorChecker : Bean 'jacksonObjectMapperBuilder' of type [org.springframework.http.converter.json.Jackson2ObjectMapperBuilder] is not eligible for getting processed by all BeanPostProcessors (for example: not eligible for auto-proxying)
2022-01-22 22:20:01.873  INFO trungnd2 --- [           main] trationDelegate$BeanPostProcessorChecker : Bean 'jacksonObjectMapper' of type [com.fasterxml.jackson.databind.ObjectMapper] is not eligible for getting processed by all BeanPostProcessors (for example: not eligible for auto-proxying)
2022-01-22 22:20:01.890  INFO trungnd2 --- [           main] trationDelegate$BeanPostProcessorChecker : Bean 'mappingJackson2HttpMessageConverter' of type [org.springframework.http.converter.json.MappingJackson2HttpMessageConverter] is not eligible for getting processed by all BeanPostProcessors (for example: not eligible for auto-proxying)
2022-01-22 22:20:01.894  INFO trungnd2 --- [           main] trationDelegate$BeanPostProcessorChecker : Bean 'org.springframework.data.rest.webmvc.config.RepositoryRestMvcConfiguration' of type [org.springframework.data.rest.webmvc.config.RepositoryRestMvcConfiguration] is not eligible for getting processed by all BeanPostProcessors (for example: not eligible for auto-proxying)
2022-01-22 22:20:02.308  INFO trungnd2 --- [           main] o.s.b.w.e.t.TomcatWebServer              : Tomcat initialized with port(s): 8080 (http)
2022-01-22 22:20:02.322  INFO trungnd2 --- [           main] o.a.c.h.Http11NioProtocol                : Initializing ProtocolHandler ["http-nio-8080"]
2022-01-22 22:20:02.323  INFO trungnd2 --- [           main] o.a.c.c.StandardService                  : Starting service [Tomcat]
2022-01-22 22:20:02.324  INFO trungnd2 --- [           main] o.a.c.c.StandardEngine                   : Starting Servlet engine: [Apache Tomcat/9.0.41]
2022-01-22 22:20:02.422  INFO trungnd2 --- [           main] o.a.c.c.C.[.[.[/]                        : Initializing Spring embedded WebApplicationContext
2022-01-22 22:20:02.422  INFO trungnd2 --- [           main] w.s.c.ServletWebServerApplicationContext : Root WebApplicationContext: initialization completed in 1987 ms
2022-01-22 22:20:02.649  INFO trungnd2 --- [           main] c.z.h.HikariDataSource                   : HikariPool-1 - Starting...
2022-01-22 22:20:03.336  INFO trungnd2 --- [           main] c.z.h.HikariDataSource                   : HikariPool-1 - Start completed.
2022-01-22 22:20:03.533  INFO trungnd2 --- [           main] o.h.j.i.u.LogHelper                      : HHH000204: Processing PersistenceUnitInfo [name: default]
2022-01-22 22:20:03.602  INFO trungnd2 --- [           main] o.h.Version                              : HHH000412: Hibernate ORM core version 5.4.25.Final
2022-01-22 22:20:03.738  INFO trungnd2 --- [           main] o.h.a.c.Version                          : HCANN000001: Hibernate Commons Annotations {5.1.2.Final}
2022-01-22 22:20:03.844  INFO trungnd2 --- [           main] o.h.d.Dialect                            : HHH000400: Using dialect: org.hibernate.dialect.PostgreSQL9Dialect
2022-01-22 22:20:04.299  WARN trungnd2 --- [           main] o.h.c.AnnotationBinder                   : HHH000139: Illegal use of @Table in a subclass of a SINGLE_TABLE hierarchy: vn.insee.jpa.entity.form.StockFormEntity
2022-01-22 22:20:04.301  WARN trungnd2 --- [           main] o.h.c.AnnotationBinder                   : HHH000139: Illegal use of @Table in a subclass of a SINGLE_TABLE hierarchy: vn.insee.jpa.entity.promotion.StockPromotionEntity
2022-01-22 22:20:04.308  INFO trungnd2 --- [           main] Hibernate Types                          : is proudly powered by:

>>>>>>>>>>>>>>>>>>>>>>>>>>>>>>>>>>>>>>>>>>>>>>>>>>>>>>>>>>>>>>>>
 _    _                           _     _
| |  | |                         (_)   | |
| |__| |_   _ _ __   ___ _ __ ___ _ ___| |_ ___ _ __   ___ ___
|  __  | | | | '_ \ / _ \ '__/ __| / __| __/ _ \ '_ \ / __/ _ \
| |  | | |_| | |_) |  __/ |  \__ \ \__ \ ||  __/ | | | (_|  __/
|_|  |_|\__, | .__/ \___|_|  |___/_|___/\__\___|_| |_|\___\___|
         __/ | |
        |___/|_|

At Hypersistence, we only build amazing tools, like Hibernate Types, Flexy Pool, or Hypersistence Optimizer.
What if there was a tool that couuld automatically detect JPA and Hibernate performance issues?
Hypersistence Optimizer is that tool!
For more details, go to: 

https://vladmihalcea.com/hypersistence-optimizer/
<<<<<<<<<<<<<<<<<<<<<<<<<<<<<<<<<<<<<<<<<<<<<<<<<<<<<<<<<<<<<<<<

2022-01-22 22:20:04.873 ERROR trungnd2 --- [           main] o.h.m.i.MetadataContext                  : HHH015007: Illegal argument on static metamodel field injection : vn.insee.jpa.entity.UserEntity_#products; expected type :  org.hibernate.metamodel.model.domain.internal.SingularAttributeImpl; encountered type : javax.persistence.metamodel.ListAttribute
2022-01-22 22:20:04.873 ERROR trungnd2 --- [           main] o.h.m.i.MetadataContext                  : HHH015007: Illegal argument on static metamodel field injection : vn.insee.jpa.entity.UserEntity_#sessions; expected type :  org.hibernate.metamodel.model.domain.internal.SingularAttributeImpl; encountered type : javax.persistence.metamodel.ListAttribute
2022-01-22 22:20:04.874 ERROR trungnd2 --- [           main] o.h.m.i.MetadataContext                  : HHH015007: Illegal argument on static metamodel field injection : vn.insee.jpa.entity.PostEntity_#locations; expected type :  org.hibernate.metamodel.model.domain.internal.SingularAttributeImpl; encountered type : javax.persistence.metamodel.ListAttribute
2022-01-22 22:20:04.875 ERROR trungnd2 --- [           main] o.h.m.i.MetadataContext                  : HHH015007: Illegal argument on static metamodel field injection : vn.insee.jpa.entity.PromotionEntity_#cements; expected type :  org.hibernate.metamodel.model.domain.internal.SingularAttributeImpl; encountered type : javax.persistence.metamodel.ListAttribute
2022-01-22 22:20:04.876 ERROR trungnd2 --- [           main] o.h.m.i.MetadataContext                  : HHH015007: Illegal argument on static metamodel field injection : vn.insee.jpa.entity.PromotionEntity_#locations; expected type :  org.hibernate.metamodel.model.domain.internal.SingularAttributeImpl; encountered type : javax.persistence.metamodel.ListAttribute
2022-01-22 22:20:04.880  INFO trungnd2 --- [           main] o.h.e.t.j.p.i.JtaPlatformInitiator       : HHH000490: Using JtaPlatform implementation: [org.hibernate.engine.transaction.jta.platform.internal.NoJtaPlatform]
2022-01-22 22:20:04.888  INFO trungnd2 --- [           main] j.LocalContainerEntityManagerFactoryBean : Initialized JPA EntityManagerFactory for persistence unit 'default'
2022-01-22 22:20:05.327  WARN trungnd2 --- [           main] JpaBaseConfiguration$JpaWebConfiguration : spring.jpa.open-in-view is enabled by default. Therefore, database queries may be performed during view rendering. Explicitly configure spring.jpa.open-in-view to disable this warning
2022-01-22 22:20:06.277  INFO trungnd2 --- [           main] o.s.s.w.DefaultSecurityFilterChain       : Will secure any request with [org.springframework.security.web.context.request.async.WebAsyncManagerIntegrationFilter@7fb28ed, org.springframework.security.web.context.SecurityContextPersistenceFilter@48543f11, org.springframework.security.web.header.HeaderWriterFilter@6a1b4854, vn.insee.retailer.filter.AuthenticationFilter@78f1d29, org.springframework.security.web.savedrequest.RequestCacheAwareFilter@c0a8787, org.springframework.security.web.servletapi.SecurityContextHolderAwareRequestFilter@1bd53c5c, org.springframework.security.web.authentication.AnonymousAuthenticationFilter@536f389, org.springframework.security.web.session.SessionManagementFilter@650a0b50, org.springframework.security.web.access.ExceptionTranslationFilter@1644cc2d, org.springframework.security.web.access.intercept.FilterSecurityInterceptor@54c697c]
2022-01-22 22:20:06.365  INFO trungnd2 --- [           main] o.s.s.c.ThreadPoolTaskExecutor           : Initializing ExecutorService 'applicationTaskExecutor'
2022-01-22 22:20:06.680  INFO trungnd2 --- [           main] o.s.s.c.ThreadPoolTaskScheduler          : Initializing ExecutorService 'taskScheduler'
2022-01-22 22:20:06.702  INFO trungnd2 --- [           main] o.a.c.h.Http11NioProtocol                : Starting ProtocolHandler ["http-nio-8080"]
2022-01-22 22:20:06.718  INFO trungnd2 --- [           main] o.s.b.w.e.t.TomcatWebServer              : Tomcat started on port(s): 8080 (http) with context path ''
2022-01-22 22:20:06.734  INFO trungnd2 --- [           main] v.i.r.Main                               : Started Main in 6.695 seconds (JVM running for 7.894)
2022-01-22 22:20:29.302  INFO trungnd2 --- [extShutdownHook] o.s.s.c.ThreadPoolTaskScheduler          : Shutting down ExecutorService 'taskScheduler'
2022-01-22 22:20:29.303  INFO trungnd2 --- [extShutdownHook] o.s.s.c.ThreadPoolTaskExecutor           : Shutting down ExecutorService 'applicationTaskExecutor'
2022-01-22 22:20:29.307  INFO trungnd2 --- [extShutdownHook] j.LocalContainerEntityManagerFactoryBean : Closing JPA EntityManagerFactory for persistence unit 'default'
2022-01-22 22:20:29.309  INFO trungnd2 --- [extShutdownHook] c.z.h.HikariDataSource                   : HikariPool-1 - Shutdown initiated...
2022-01-22 22:20:29.369  INFO trungnd2 --- [extShutdownHook] c.z.h.HikariDataSource                   : HikariPool-1 - Shutdown completed.
2022-01-22 22:20:34.815  INFO trungnd2 --- [           main] v.i.r.Main                               : Starting Main using Java 11.0.13 on trungnd2 with PID 74111 (/home/trungnd2/Downloads/insee/RetailerServer/target/classes started by trungnd2 in /home/trungnd2/Downloads/insee)
2022-01-22 22:20:34.823  INFO trungnd2 --- [           main] v.i.r.Main                               : The following profiles are active: local
2022-01-22 22:20:35.358  INFO trungnd2 --- [           main] .s.d.r.c.RepositoryConfigurationDelegate : Bootstrapping Spring Data JPA repositories in DEFAULT mode.
2022-01-22 22:20:35.416  INFO trungnd2 --- [           main] .s.d.r.c.RepositoryConfigurationDelegate : Finished Spring Data repository scanning in 50 ms. Found 6 JPA repository interfaces.
2022-01-22 22:20:35.953  INFO trungnd2 --- [           main] trationDelegate$BeanPostProcessorChecker : Bean 'org.springframework.hateoas.config.HateoasConfiguration' of type [org.springframework.hateoas.config.HateoasConfiguration] is not eligible for getting processed by all BeanPostProcessors (for example: not eligible for auto-proxying)
2022-01-22 22:20:35.956  INFO trungnd2 --- [           main] trationDelegate$BeanPostProcessorChecker : Bean 'relProviderPluginRegistry' of type [org.springframework.plugin.core.support.PluginRegistryFactoryBean] is not eligible for getting processed by all BeanPostProcessors (for example: not eligible for auto-proxying)
2022-01-22 22:20:35.963  INFO trungnd2 --- [           main] trationDelegate$BeanPostProcessorChecker : Bean 'relProviderPluginRegistry' of type [org.springframework.plugin.core.OrderAwarePluginRegistry] is not eligible for getting processed by all BeanPostProcessors (for example: not eligible for auto-proxying)
2022-01-22 22:20:35.968  INFO trungnd2 --- [           main] trationDelegate$BeanPostProcessorChecker : Bean '_relProvider' of type [org.springframework.hateoas.server.core.DelegatingLinkRelationProvider] is not eligible for getting processed by all BeanPostProcessors (for example: not eligible for auto-proxying)
2022-01-22 22:20:35.974  INFO trungnd2 --- [           main] trationDelegate$BeanPostProcessorChecker : Bean 'messageResolver' of type [org.springframework.hateoas.mediatype.MessageSourceResolver] is not eligible for getting processed by all BeanPostProcessors (for example: not eligible for auto-proxying)
2022-01-22 22:20:35.976  INFO trungnd2 --- [           main] trationDelegate$BeanPostProcessorChecker : Bean 'org.springframework.data.web.config.SpringDataJacksonConfiguration' of type [org.springframework.data.web.config.SpringDataJacksonConfiguration] is not eligible for getting processed by all BeanPostProcessors (for example: not eligible for auto-proxying)
2022-01-22 22:20:35.979  INFO trungnd2 --- [           main] trationDelegate$BeanPostProcessorChecker : Bean 'jacksonGeoModule' of type [org.springframework.data.geo.GeoModule] is not eligible for getting processed by all BeanPostProcessors (for example: not eligible for auto-proxying)
2022-01-22 22:20:35.992  INFO trungnd2 --- [           main] trationDelegate$BeanPostProcessorChecker : Bean 'org.springframework.boot.autoconfigure.data.rest.RepositoryRestMvcAutoConfiguration' of type [org.springframework.boot.autoconfigure.data.rest.RepositoryRestMvcAutoConfiguration] is not eligible for getting processed by all BeanPostProcessors (for example: not eligible for auto-proxying)
2022-01-22 22:20:35.994  INFO trungnd2 --- [           main] trationDelegate$BeanPostProcessorChecker : Bean 'org.springframework.boot.autoconfigure.jackson.JacksonAutoConfiguration$JacksonObjectMapperBuilderConfiguration' of type [org.springframework.boot.autoconfigure.jackson.JacksonAutoConfiguration$JacksonObjectMapperBuilderConfiguration] is not eligible for getting processed by all BeanPostProcessors (for example: not eligible for auto-proxying)
2022-01-22 22:20:35.998  INFO trungnd2 --- [           main] trationDelegate$BeanPostProcessorChecker : Bean 'org.springframework.boot.autoconfigure.jackson.JacksonAutoConfiguration$Jackson2ObjectMapperBuilderCustomizerConfiguration' of type [org.springframework.boot.autoconfigure.jackson.JacksonAutoConfiguration$Jackson2ObjectMapperBuilderCustomizerConfiguration] is not eligible for getting processed by all BeanPostProcessors (for example: not eligible for auto-proxying)
2022-01-22 22:20:36.014  INFO trungnd2 --- [           main] trationDelegate$BeanPostProcessorChecker : Bean 'spring.jackson-org.springframework.boot.autoconfigure.jackson.JacksonProperties' of type [org.springframework.boot.autoconfigure.jackson.JacksonProperties] is not eligible for getting processed by all BeanPostProcessors (for example: not eligible for auto-proxying)
2022-01-22 22:20:36.015  INFO trungnd2 --- [           main] trationDelegate$BeanPostProcessorChecker : Bean 'standardJacksonObjectMapperBuilderCustomizer' of type [org.springframework.boot.autoconfigure.jackson.JacksonAutoConfiguration$Jackson2ObjectMapperBuilderCustomizerConfiguration$StandardJackson2ObjectMapperBuilderCustomizer] is not eligible for getting processed by all BeanPostProcessors (for example: not eligible for auto-proxying)
2022-01-22 22:20:36.018  INFO trungnd2 --- [           main] trationDelegate$BeanPostProcessorChecker : Bean 'org.springframework.boot.autoconfigure.jackson.JacksonAutoConfiguration$ParameterNamesModuleConfiguration' of type [org.springframework.boot.autoconfigure.jackson.JacksonAutoConfiguration$ParameterNamesModuleConfiguration] is not eligible for getting processed by all BeanPostProcessors (for example: not eligible for auto-proxying)
2022-01-22 22:20:36.020  INFO trungnd2 --- [           main] trationDelegate$BeanPostProcessorChecker : Bean 'parameterNamesModule' of type [com.fasterxml.jackson.module.paramnames.ParameterNamesModule] is not eligible for getting processed by all BeanPostProcessors (for example: not eligible for auto-proxying)
2022-01-22 22:20:36.021  INFO trungnd2 --- [           main] trationDelegate$BeanPostProcessorChecker : Bean 'org.springframework.boot.autoconfigure.jackson.JacksonAutoConfiguration' of type [org.springframework.boot.autoconfigure.jackson.JacksonAutoConfiguration] is not eligible for getting processed by all BeanPostProcessors (for example: not eligible for auto-proxying)
2022-01-22 22:20:36.029  INFO trungnd2 --- [           main] trationDelegate$BeanPostProcessorChecker : Bean 'jsonComponentModule' of type [org.springframework.boot.jackson.JsonComponentModule] is not eligible for getting processed by all BeanPostProcessors (for example: not eligible for auto-proxying)
2022-01-22 22:20:36.032  INFO trungnd2 --- [           main] trationDelegate$BeanPostProcessorChecker : Bean 'jacksonObjectMapperBuilder' of type [org.springframework.http.converter.json.Jackson2ObjectMapperBuilder] is not eligible for getting processed by all BeanPostProcessors (for example: not eligible for auto-proxying)
2022-01-22 22:20:36.040  INFO trungnd2 --- [           main] trationDelegate$BeanPostProcessorChecker : Bean 'spring.data.rest-org.springframework.boot.autoconfigure.data.rest.RepositoryRestProperties' of type [org.springframework.boot.autoconfigure.data.rest.RepositoryRestProperties] is not eligible for getting processed by all BeanPostProcessors (for example: not eligible for auto-proxying)
2022-01-22 22:20:36.041  INFO trungnd2 --- [           main] trationDelegate$BeanPostProcessorChecker : Bean 'springBootRepositoryRestConfigurer' of type [org.springframework.boot.autoconfigure.data.rest.SpringBootRepositoryRestConfigurer] is not eligible for getting processed by all BeanPostProcessors (for example: not eligible for auto-proxying)
2022-01-22 22:20:36.043  INFO trungnd2 --- [           main] trationDelegate$BeanPostProcessorChecker : Bean 'configurerDelegate' of type [org.springframework.data.rest.webmvc.config.RepositoryRestConfigurerDelegate] is not eligible for getting processed by all BeanPostProcessors (for example: not eligible for auto-proxying)
2022-01-22 22:20:36.051  INFO trungnd2 --- [           main] trationDelegate$BeanPostProcessorChecker : Bean 'org.springframework.boot.autoconfigure.http.HttpMessageConvertersAutoConfiguration$StringHttpMessageConverterConfiguration' of type [org.springframework.boot.autoconfigure.http.HttpMessageConvertersAutoConfiguration$StringHttpMessageConverterConfiguration] is not eligible for getting processed by all BeanPostProcessors (for example: not eligible for auto-proxying)
2022-01-22 22:20:36.059  INFO trungnd2 --- [           main] trationDelegate$BeanPostProcessorChecker : Bean 'stringHttpMessageConverter' of type [org.springframework.http.converter.StringHttpMessageConverter] is not eligible for getting processed by all BeanPostProcessors (for example: not eligible for auto-proxying)
2022-01-22 22:20:36.061  INFO trungnd2 --- [           main] trationDelegate$BeanPostProcessorChecker : Bean 'org.springframework.boot.autoconfigure.http.JacksonHttpMessageConvertersConfiguration$MappingJackson2HttpMessageConverterConfiguration' of type [org.springframework.boot.autoconfigure.http.JacksonHttpMessageConvertersConfiguration$MappingJackson2HttpMessageConverterConfiguration] is not eligible for getting processed by all BeanPostProcessors (for example: not eligible for auto-proxying)
2022-01-22 22:20:36.062  INFO trungnd2 --- [           main] trationDelegate$BeanPostProcessorChecker : Bean 'org.springframework.boot.autoconfigure.jackson.JacksonAutoConfiguration$JacksonObjectMapperConfiguration' of type [org.springframework.boot.autoconfigure.jackson.JacksonAutoConfiguration$JacksonObjectMapperConfiguration] is not eligible for getting processed by all BeanPostProcessors (for example: not eligible for auto-proxying)
2022-01-22 22:20:36.067  INFO trungnd2 --- [           main] trationDelegate$BeanPostProcessorChecker : Bean 'jacksonObjectMapperBuilder' of type [org.springframework.http.converter.json.Jackson2ObjectMapperBuilder] is not eligible for getting processed by all BeanPostProcessors (for example: not eligible for auto-proxying)
2022-01-22 22:20:36.079  INFO trungnd2 --- [           main] trationDelegate$BeanPostProcessorChecker : Bean 'jacksonObjectMapper' of type [com.fasterxml.jackson.databind.ObjectMapper] is not eligible for getting processed by all BeanPostProcessors (for example: not eligible for auto-proxying)
2022-01-22 22:20:36.087  INFO trungnd2 --- [           main] trationDelegate$BeanPostProcessorChecker : Bean 'mappingJackson2HttpMessageConverter' of type [org.springframework.http.converter.json.MappingJackson2HttpMessageConverter] is not eligible for getting processed by all BeanPostProcessors (for example: not eligible for auto-proxying)
2022-01-22 22:20:36.088  INFO trungnd2 --- [           main] trationDelegate$BeanPostProcessorChecker : Bean 'org.springframework.data.rest.webmvc.config.RepositoryRestMvcConfiguration' of type [org.springframework.data.rest.webmvc.config.RepositoryRestMvcConfiguration] is not eligible for getting processed by all BeanPostProcessors (for example: not eligible for auto-proxying)
2022-01-22 22:20:36.425  INFO trungnd2 --- [           main] o.s.b.w.e.t.TomcatWebServer              : Tomcat initialized with port(s): 8080 (http)
2022-01-22 22:20:36.434  INFO trungnd2 --- [           main] o.a.c.h.Http11NioProtocol                : Initializing ProtocolHandler ["http-nio-8080"]
2022-01-22 22:20:36.435  INFO trungnd2 --- [           main] o.a.c.c.StandardService                  : Starting service [Tomcat]
2022-01-22 22:20:36.436  INFO trungnd2 --- [           main] o.a.c.c.StandardEngine                   : Starting Servlet engine: [Apache Tomcat/9.0.41]
2022-01-22 22:20:36.531  INFO trungnd2 --- [           main] o.a.c.c.C.[.[.[/]                        : Initializing Spring embedded WebApplicationContext
2022-01-22 22:20:36.532  INFO trungnd2 --- [           main] w.s.c.ServletWebServerApplicationContext : Root WebApplicationContext: initialization completed in 1668 ms
2022-01-22 22:20:36.764  INFO trungnd2 --- [           main] c.z.h.HikariDataSource                   : HikariPool-1 - Starting...
2022-01-22 22:20:37.211  INFO trungnd2 --- [           main] c.z.h.HikariDataSource                   : HikariPool-1 - Start completed.
2022-01-22 22:20:37.370  INFO trungnd2 --- [           main] o.h.j.i.u.LogHelper                      : HHH000204: Processing PersistenceUnitInfo [name: default]
2022-01-22 22:20:37.442  INFO trungnd2 --- [           main] o.h.Version                              : HHH000412: Hibernate ORM core version 5.4.25.Final
2022-01-22 22:20:37.553  INFO trungnd2 --- [           main] o.h.a.c.Version                          : HCANN000001: Hibernate Commons Annotations {5.1.2.Final}
2022-01-22 22:20:37.649  INFO trungnd2 --- [           main] o.h.d.Dialect                            : HHH000400: Using dialect: org.hibernate.dialect.PostgreSQL9Dialect
2022-01-22 22:20:38.123  WARN trungnd2 --- [           main] o.h.c.AnnotationBinder                   : HHH000139: Illegal use of @Table in a subclass of a SINGLE_TABLE hierarchy: vn.insee.jpa.entity.form.StockFormEntity
2022-01-22 22:20:38.125  WARN trungnd2 --- [           main] o.h.c.AnnotationBinder                   : HHH000139: Illegal use of @Table in a subclass of a SINGLE_TABLE hierarchy: vn.insee.jpa.entity.promotion.StockPromotionEntity
2022-01-22 22:20:38.132  INFO trungnd2 --- [           main] Hibernate Types                          : is proudly powered by:

>>>>>>>>>>>>>>>>>>>>>>>>>>>>>>>>>>>>>>>>>>>>>>>>>>>>>>>>>>>>>>>>
 _    _                           _     _
| |  | |                         (_)   | |
| |__| |_   _ _ __   ___ _ __ ___ _ ___| |_ ___ _ __   ___ ___
|  __  | | | | '_ \ / _ \ '__/ __| / __| __/ _ \ '_ \ / __/ _ \
| |  | | |_| | |_) |  __/ |  \__ \ \__ \ ||  __/ | | | (_|  __/
|_|  |_|\__, | .__/ \___|_|  |___/_|___/\__\___|_| |_|\___\___|
         __/ | |
        |___/|_|

At Hypersistence, we only build amazing tools, like Hibernate Types, Flexy Pool, or Hypersistence Optimizer.
What if there was a tool that couuld automatically detect JPA and Hibernate performance issues?
Hypersistence Optimizer is that tool!
For more details, go to: 

https://vladmihalcea.com/hypersistence-optimizer/
<<<<<<<<<<<<<<<<<<<<<<<<<<<<<<<<<<<<<<<<<<<<<<<<<<<<<<<<<<<<<<<<

2022-01-22 22:20:38.678 ERROR trungnd2 --- [           main] o.h.m.i.MetadataContext                  : HHH015007: Illegal argument on static metamodel field injection : vn.insee.jpa.entity.UserEntity_#products; expected type :  org.hibernate.metamodel.model.domain.internal.SingularAttributeImpl; encountered type : javax.persistence.metamodel.ListAttribute
2022-01-22 22:20:38.678 ERROR trungnd2 --- [           main] o.h.m.i.MetadataContext                  : HHH015007: Illegal argument on static metamodel field injection : vn.insee.jpa.entity.UserEntity_#sessions; expected type :  org.hibernate.metamodel.model.domain.internal.SingularAttributeImpl; encountered type : javax.persistence.metamodel.ListAttribute
2022-01-22 22:20:38.679 ERROR trungnd2 --- [           main] o.h.m.i.MetadataContext                  : HHH015007: Illegal argument on static metamodel field injection : vn.insee.jpa.entity.PostEntity_#locations; expected type :  org.hibernate.metamodel.model.domain.internal.SingularAttributeImpl; encountered type : javax.persistence.metamodel.ListAttribute
2022-01-22 22:20:38.680 ERROR trungnd2 --- [           main] o.h.m.i.MetadataContext                  : HHH015007: Illegal argument on static metamodel field injection : vn.insee.jpa.entity.PromotionEntity_#cements; expected type :  org.hibernate.metamodel.model.domain.internal.SingularAttributeImpl; encountered type : javax.persistence.metamodel.ListAttribute
2022-01-22 22:20:38.681 ERROR trungnd2 --- [           main] o.h.m.i.MetadataContext                  : HHH015007: Illegal argument on static metamodel field injection : vn.insee.jpa.entity.PromotionEntity_#locations; expected type :  org.hibernate.metamodel.model.domain.internal.SingularAttributeImpl; encountered type : javax.persistence.metamodel.ListAttribute
2022-01-22 22:20:38.684  INFO trungnd2 --- [           main] o.h.e.t.j.p.i.JtaPlatformInitiator       : HHH000490: Using JtaPlatform implementation: [org.hibernate.engine.transaction.jta.platform.internal.NoJtaPlatform]
2022-01-22 22:20:38.690  INFO trungnd2 --- [           main] j.LocalContainerEntityManagerFactoryBean : Initialized JPA EntityManagerFactory for persistence unit 'default'
2022-01-22 22:20:39.054  WARN trungnd2 --- [           main] JpaBaseConfiguration$JpaWebConfiguration : spring.jpa.open-in-view is enabled by default. Therefore, database queries may be performed during view rendering. Explicitly configure spring.jpa.open-in-view to disable this warning
2022-01-22 22:20:39.947  INFO trungnd2 --- [           main] o.s.s.w.DefaultSecurityFilterChain       : Will secure any request with [org.springframework.security.web.context.request.async.WebAsyncManagerIntegrationFilter@3b9c386d, org.springframework.security.web.context.SecurityContextPersistenceFilter@7d31fb6c, org.springframework.security.web.header.HeaderWriterFilter@2e17a9e6, vn.insee.retailer.filter.AuthenticationFilter@65294247, org.springframework.security.web.savedrequest.RequestCacheAwareFilter@7e92e9a2, org.springframework.security.web.servletapi.SecurityContextHolderAwareRequestFilter@7894a250, org.springframework.security.web.authentication.AnonymousAuthenticationFilter@7fb28ed, org.springframework.security.web.session.SessionManagementFilter@7641c4e7, org.springframework.security.web.access.ExceptionTranslationFilter@235d46b2, org.springframework.security.web.access.intercept.FilterSecurityInterceptor@1fd73dcb]
2022-01-22 22:20:40.017  INFO trungnd2 --- [           main] o.s.s.c.ThreadPoolTaskExecutor           : Initializing ExecutorService 'applicationTaskExecutor'
2022-01-22 22:20:40.326  INFO trungnd2 --- [           main] o.s.s.c.ThreadPoolTaskScheduler          : Initializing ExecutorService 'taskScheduler'
2022-01-22 22:20:40.349  INFO trungnd2 --- [           main] o.a.c.h.Http11NioProtocol                : Starting ProtocolHandler ["http-nio-8080"]
2022-01-22 22:20:40.363  INFO trungnd2 --- [           main] o.s.b.w.e.t.TomcatWebServer              : Tomcat started on port(s): 8080 (http) with context path ''
2022-01-22 22:20:40.375  INFO trungnd2 --- [           main] v.i.r.Main                               : Started Main in 5.947 seconds (JVM running for 7.281)
2022-01-22 22:21:09.094  INFO trungnd2 --- [extShutdownHook] o.s.s.c.ThreadPoolTaskScheduler          : Shutting down ExecutorService 'taskScheduler'
2022-01-22 22:21:09.096  INFO trungnd2 --- [extShutdownHook] o.s.s.c.ThreadPoolTaskExecutor           : Shutting down ExecutorService 'applicationTaskExecutor'
2022-01-22 22:21:09.102  INFO trungnd2 --- [extShutdownHook] j.LocalContainerEntityManagerFactoryBean : Closing JPA EntityManagerFactory for persistence unit 'default'
2022-01-22 22:21:09.104  INFO trungnd2 --- [extShutdownHook] c.z.h.HikariDataSource                   : HikariPool-1 - Shutdown initiated...
2022-01-22 22:21:09.152  INFO trungnd2 --- [extShutdownHook] c.z.h.HikariDataSource                   : HikariPool-1 - Shutdown completed.
