2022-02-18 00:16:36.138  INFO trungnd2-System-Product-Name --- [extShutdownHook] o.s.s.c.ThreadPoolTaskScheduler          : Shutting down ExecutorService 'taskScheduler'
2022-02-18 00:16:36.150  INFO trungnd2-System-Product-Name --- [extShutdownHook] o.j.d.JobRunrDashboardWebServer          : JobRunr dashboard stopped
2022-02-18 00:16:36.157  INFO trungnd2-System-Product-Name --- [extShutdownHook] o.j.s.BackgroundJobServer                : BackgroundJobServer and BackgroundJobPerformers stopped
2022-02-18 00:16:36.157  INFO trungnd2-System-Product-Name --- [extShutdownHook] o.s.s.c.ThreadPoolTaskExecutor           : Shutting down ExecutorService 'applicationTaskExecutor'
2022-02-18 00:16:36.163  INFO trungnd2-System-Product-Name --- [extShutdownHook] j.LocalContainerEntityManagerFactoryBean : Closing JPA EntityManagerFactory for persistence unit 'default'
2022-02-18 00:16:36.165  INFO trungnd2-System-Product-Name --- [extShutdownHook] c.z.h.HikariDataSource                   : HikariPool-1 - Shutdown initiated...
2022-02-18 00:16:36.195  INFO trungnd2-System-Product-Name --- [extShutdownHook] c.z.h.HikariDataSource                   : HikariPool-1 - Shutdown completed.
2022-02-18 16:54:29.064  INFO trungnd2 --- [           main] v.i.a.r.Main                             : Starting Main using Java 11.0.13 on trungnd2 with PID 54053 (/home/trungnd2/Documents/new/_insee/AdminServer/target/classes started by trungnd2 in /home/trungnd2/Documents/new/_insee)
2022-02-18 16:54:29.072  INFO trungnd2 --- [           main] v.i.a.r.Main                             : The following profiles are active: local
2022-02-18 16:54:29.615  INFO trungnd2 --- [           main] .s.d.r.c.RepositoryConfigurationDelegate : Bootstrapping Spring Data JPA repositories in DEFAULT mode.
2022-02-18 16:54:29.688  INFO trungnd2 --- [           main] .s.d.r.c.RepositoryConfigurationDelegate : Finished Spring Data repository scanning in 66 ms. Found 10 JPA repository interfaces.
2022-02-18 16:54:30.354  INFO trungnd2 --- [           main] trationDelegate$BeanPostProcessorChecker : Bean 'org.springframework.hateoas.config.HateoasConfiguration' of type [org.springframework.hateoas.config.HateoasConfiguration] is not eligible for getting processed by all BeanPostProcessors (for example: not eligible for auto-proxying)
2022-02-18 16:54:30.357  INFO trungnd2 --- [           main] trationDelegate$BeanPostProcessorChecker : Bean 'relProviderPluginRegistry' of type [org.springframework.plugin.core.support.PluginRegistryFactoryBean] is not eligible for getting processed by all BeanPostProcessors (for example: not eligible for auto-proxying)
2022-02-18 16:54:30.365  INFO trungnd2 --- [           main] trationDelegate$BeanPostProcessorChecker : Bean 'relProviderPluginRegistry' of type [org.springframework.plugin.core.OrderAwarePluginRegistry] is not eligible for getting processed by all BeanPostProcessors (for example: not eligible for auto-proxying)
2022-02-18 16:54:30.370  INFO trungnd2 --- [           main] trationDelegate$BeanPostProcessorChecker : Bean '_relProvider' of type [org.springframework.hateoas.server.core.DelegatingLinkRelationProvider] is not eligible for getting processed by all BeanPostProcessors (for example: not eligible for auto-proxying)
2022-02-18 16:54:30.380  INFO trungnd2 --- [           main] trationDelegate$BeanPostProcessorChecker : Bean 'messageResolver' of type [org.springframework.hateoas.mediatype.MessageSourceResolver] is not eligible for getting processed by all BeanPostProcessors (for example: not eligible for auto-proxying)
2022-02-18 16:54:30.382  INFO trungnd2 --- [           main] trationDelegate$BeanPostProcessorChecker : Bean 'org.springframework.data.web.config.SpringDataJacksonConfiguration' of type [org.springframework.data.web.config.SpringDataJacksonConfiguration] is not eligible for getting processed by all BeanPostProcessors (for example: not eligible for auto-proxying)
2022-02-18 16:54:30.387  INFO trungnd2 --- [           main] trationDelegate$BeanPostProcessorChecker : Bean 'jacksonGeoModule' of type [org.springframework.data.geo.GeoModule] is not eligible for getting processed by all BeanPostProcessors (for example: not eligible for auto-proxying)
2022-02-18 16:54:30.401  INFO trungnd2 --- [           main] trationDelegate$BeanPostProcessorChecker : Bean 'org.springframework.boot.autoconfigure.data.rest.RepositoryRestMvcAutoConfiguration' of type [org.springframework.boot.autoconfigure.data.rest.RepositoryRestMvcAutoConfiguration] is not eligible for getting processed by all BeanPostProcessors (for example: not eligible for auto-proxying)
2022-02-18 16:54:30.403  INFO trungnd2 --- [           main] trationDelegate$BeanPostProcessorChecker : Bean 'org.springframework.boot.autoconfigure.jackson.JacksonAutoConfiguration$JacksonObjectMapperBuilderConfiguration' of type [org.springframework.boot.autoconfigure.jackson.JacksonAutoConfiguration$JacksonObjectMapperBuilderConfiguration] is not eligible for getting processed by all BeanPostProcessors (for example: not eligible for auto-proxying)
2022-02-18 16:54:30.406  INFO trungnd2 --- [           main] trationDelegate$BeanPostProcessorChecker : Bean 'org.springframework.boot.autoconfigure.jackson.JacksonAutoConfiguration$Jackson2ObjectMapperBuilderCustomizerConfiguration' of type [org.springframework.boot.autoconfigure.jackson.JacksonAutoConfiguration$Jackson2ObjectMapperBuilderCustomizerConfiguration] is not eligible for getting processed by all BeanPostProcessors (for example: not eligible for auto-proxying)
2022-02-18 16:54:30.423  INFO trungnd2 --- [           main] trationDelegate$BeanPostProcessorChecker : Bean 'spring.jackson-org.springframework.boot.autoconfigure.jackson.JacksonProperties' of type [org.springframework.boot.autoconfigure.jackson.JacksonProperties] is not eligible for getting processed by all BeanPostProcessors (for example: not eligible for auto-proxying)
2022-02-18 16:54:30.424  INFO trungnd2 --- [           main] trationDelegate$BeanPostProcessorChecker : Bean 'standardJacksonObjectMapperBuilderCustomizer' of type [org.springframework.boot.autoconfigure.jackson.JacksonAutoConfiguration$Jackson2ObjectMapperBuilderCustomizerConfiguration$StandardJackson2ObjectMapperBuilderCustomizer] is not eligible for getting processed by all BeanPostProcessors (for example: not eligible for auto-proxying)
2022-02-18 16:54:30.428  INFO trungnd2 --- [           main] trationDelegate$BeanPostProcessorChecker : Bean 'org.springframework.boot.autoconfigure.jackson.JacksonAutoConfiguration$ParameterNamesModuleConfiguration' of type [org.springframework.boot.autoconfigure.jackson.JacksonAutoConfiguration$ParameterNamesModuleConfiguration] is not eligible for getting processed by all BeanPostProcessors (for example: not eligible for auto-proxying)
2022-02-18 16:54:30.429  INFO trungnd2 --- [           main] trationDelegate$BeanPostProcessorChecker : Bean 'parameterNamesModule' of type [com.fasterxml.jackson.module.paramnames.ParameterNamesModule] is not eligible for getting processed by all BeanPostProcessors (for example: not eligible for auto-proxying)
2022-02-18 16:54:30.432  INFO trungnd2 --- [           main] trationDelegate$BeanPostProcessorChecker : Bean 'org.springframework.boot.autoconfigure.jackson.JacksonAutoConfiguration' of type [org.springframework.boot.autoconfigure.jackson.JacksonAutoConfiguration] is not eligible for getting processed by all BeanPostProcessors (for example: not eligible for auto-proxying)
2022-02-18 16:54:30.445  INFO trungnd2 --- [           main] trationDelegate$BeanPostProcessorChecker : Bean 'jsonComponentModule' of type [org.springframework.boot.jackson.JsonComponentModule] is not eligible for getting processed by all BeanPostProcessors (for example: not eligible for auto-proxying)
2022-02-18 16:54:30.448  INFO trungnd2 --- [           main] trationDelegate$BeanPostProcessorChecker : Bean 'jacksonObjectMapperBuilder' of type [org.springframework.http.converter.json.Jackson2ObjectMapperBuilder] is not eligible for getting processed by all BeanPostProcessors (for example: not eligible for auto-proxying)
2022-02-18 16:54:30.456  INFO trungnd2 --- [           main] trationDelegate$BeanPostProcessorChecker : Bean 'spring.data.rest-org.springframework.boot.autoconfigure.data.rest.RepositoryRestProperties' of type [org.springframework.boot.autoconfigure.data.rest.RepositoryRestProperties] is not eligible for getting processed by all BeanPostProcessors (for example: not eligible for auto-proxying)
2022-02-18 16:54:30.456  INFO trungnd2 --- [           main] trationDelegate$BeanPostProcessorChecker : Bean 'springBootRepositoryRestConfigurer' of type [org.springframework.boot.autoconfigure.data.rest.SpringBootRepositoryRestConfigurer] is not eligible for getting processed by all BeanPostProcessors (for example: not eligible for auto-proxying)
2022-02-18 16:54:30.458  INFO trungnd2 --- [           main] trationDelegate$BeanPostProcessorChecker : Bean 'configurerDelegate' of type [org.springframework.data.rest.webmvc.config.RepositoryRestConfigurerDelegate] is not eligible for getting processed by all BeanPostProcessors (for example: not eligible for auto-proxying)
2022-02-18 16:54:30.467  INFO trungnd2 --- [           main] trationDelegate$BeanPostProcessorChecker : Bean 'org.springframework.boot.autoconfigure.http.HttpMessageConvertersAutoConfiguration$StringHttpMessageConverterConfiguration' of type [org.springframework.boot.autoconfigure.http.HttpMessageConvertersAutoConfiguration$StringHttpMessageConverterConfiguration] is not eligible for getting processed by all BeanPostProcessors (for example: not eligible for auto-proxying)
2022-02-18 16:54:30.475  INFO trungnd2 --- [           main] trationDelegate$BeanPostProcessorChecker : Bean 'stringHttpMessageConverter' of type [org.springframework.http.converter.StringHttpMessageConverter] is not eligible for getting processed by all BeanPostProcessors (for example: not eligible for auto-proxying)
2022-02-18 16:54:30.476  INFO trungnd2 --- [           main] trationDelegate$BeanPostProcessorChecker : Bean 'org.springframework.boot.autoconfigure.http.JacksonHttpMessageConvertersConfiguration$MappingJackson2HttpMessageConverterConfiguration' of type [org.springframework.boot.autoconfigure.http.JacksonHttpMessageConvertersConfiguration$MappingJackson2HttpMessageConverterConfiguration] is not eligible for getting processed by all BeanPostProcessors (for example: not eligible for auto-proxying)
2022-02-18 16:54:30.478  INFO trungnd2 --- [           main] trationDelegate$BeanPostProcessorChecker : Bean 'beanConfig' of type [vn.insee.config.BeanConfig$$EnhancerBySpringCGLIB$$ad2d3da7] is not eligible for getting processed by all BeanPostProcessors (for example: not eligible for auto-proxying)
2022-02-18 16:54:30.496  INFO trungnd2 --- [           main] trationDelegate$BeanPostProcessorChecker : Bean 'objectMapper' of type [com.fasterxml.jackson.databind.ObjectMapper] is not eligible for getting processed by all BeanPostProcessors (for example: not eligible for auto-proxying)
2022-02-18 16:54:30.504  INFO trungnd2 --- [           main] trationDelegate$BeanPostProcessorChecker : Bean 'mappingJackson2HttpMessageConverter' of type [org.springframework.http.converter.json.MappingJackson2HttpMessageConverter] is not eligible for getting processed by all BeanPostProcessors (for example: not eligible for auto-proxying)
2022-02-18 16:54:30.506  INFO trungnd2 --- [           main] trationDelegate$BeanPostProcessorChecker : Bean 'org.springframework.data.rest.webmvc.config.RepositoryRestMvcConfiguration' of type [org.springframework.data.rest.webmvc.config.RepositoryRestMvcConfiguration] is not eligible for getting processed by all BeanPostProcessors (for example: not eligible for auto-proxying)
2022-02-18 16:54:30.835  INFO trungnd2 --- [           main] o.s.b.w.e.t.TomcatWebServer              : Tomcat initialized with port(s): 7955 (http)
2022-02-18 16:54:30.845  INFO trungnd2 --- [           main] o.a.c.h.Http11NioProtocol                : Initializing ProtocolHandler ["http-nio-7955"]
2022-02-18 16:54:30.846  INFO trungnd2 --- [           main] o.a.c.c.StandardService                  : Starting service [Tomcat]
2022-02-18 16:54:30.847  INFO trungnd2 --- [           main] o.a.c.c.StandardEngine                   : Starting Servlet engine: [Apache Tomcat/9.0.41]
2022-02-18 16:54:30.955  INFO trungnd2 --- [           main] o.a.c.c.C.[.[.[/]                        : Initializing Spring embedded WebApplicationContext
2022-02-18 16:54:30.955  INFO trungnd2 --- [           main] w.s.c.ServletWebServerApplicationContext : Root WebApplicationContext: initialization completed in 1831 ms
2022-02-18 16:54:31.014  WARN trungnd2 --- [           main] JpaBaseConfiguration$JpaWebConfiguration : spring.jpa.open-in-view is enabled by default. Therefore, database queries may be performed during view rendering. Explicitly configure spring.jpa.open-in-view to disable this warning
2022-02-18 16:54:31.162  INFO trungnd2 --- [           main] c.z.h.HikariDataSource                   : HikariPool-1 - Starting...
2022-02-18 16:54:31.511  INFO trungnd2 --- [           main] c.z.h.HikariDataSource                   : HikariPool-1 - Start completed.
2022-02-18 16:54:31.586  INFO trungnd2 --- [           main] o.h.j.i.u.LogHelper                      : HHH000204: Processing PersistenceUnitInfo [name: default]
2022-02-18 16:54:31.642  INFO trungnd2 --- [           main] o.h.Version                              : HHH000412: Hibernate ORM core version 5.4.25.Final
2022-02-18 16:54:31.801  INFO trungnd2 --- [           main] o.h.a.c.Version                          : HCANN000001: Hibernate Commons Annotations {5.1.2.Final}
2022-02-18 16:54:31.939  INFO trungnd2 --- [           main] o.h.d.Dialect                            : HHH000400: Using dialect: org.hibernate.dialect.PostgreSQL9Dialect
2022-02-18 16:54:32.419  INFO trungnd2 --- [           main] Hibernate Types                          : is proudly powered by:

>>>>>>>>>>>>>>>>>>>>>>>>>>>>>>>>>>>>>>>>>>>>>>>>>>>>>>>>>>>>>>>>
 _    _                           _     _
| |  | |                         (_)   | |
| |__| |_   _ _ __   ___ _ __ ___ _ ___| |_ ___ _ __   ___ ___
|  __  | | | | '_ \ / _ \ '__/ __| / __| __/ _ \ '_ \ / __/ _ \
| |  | | |_| | |_) |  __/ |  \__ \ \__ \ ||  __/ | | | (_|  __/
|_|  |_|\__, | .__/ \___|_|  |___/_|___/\__\___|_| |_|\___\___|
         __/ | |
        |___/|_|

At Hypersistence, we only build amazing tools, like Hibernate Types, Flexy Pool, or Hypersistence Optimizer.
What if there was a tool that couuld automatically detect JPA and Hibernate performance issues?
Hypersistence Optimizer is that tool!
For more details, go to: 

https://vladmihalcea.com/hypersistence-optimizer/
<<<<<<<<<<<<<<<<<<<<<<<<<<<<<<<<<<<<<<<<<<<<<<<<<<<<<<<<<<<<<<<<

2022-02-18 16:54:33.082 ERROR trungnd2 --- [           main] o.h.m.i.MetadataContext                  : HHH015007: Illegal argument on static metamodel field injection : vn.insee.jpa.entity.UserEntity_#sessions; expected type :  org.hibernate.metamodel.model.domain.internal.SingularAttributeImpl; encountered type : javax.persistence.metamodel.ListAttribute
2022-02-18 16:54:33.083 ERROR trungnd2 --- [           main] o.h.m.i.MetadataContext                  : HHH015007: Illegal argument on static metamodel field injection : vn.insee.jpa.entity.UserEntity_#products; expected type :  org.hibernate.metamodel.model.domain.internal.SingularAttributeImpl; encountered type : javax.persistence.metamodel.ListAttribute
2022-02-18 16:54:33.084 ERROR trungnd2 --- [           main] o.h.m.i.MetadataContext                  : HHH015007: Illegal argument on static metamodel field injection : vn.insee.jpa.entity.BroadcastEntity_#userIds; expected type :  org.hibernate.metamodel.model.domain.internal.SingularAttributeImpl; encountered type : javax.persistence.metamodel.ListAttribute
2022-02-18 16:54:33.084 ERROR trungnd2 --- [           main] o.h.m.i.MetadataContext                  : HHH015007: Illegal argument on static metamodel field injection : vn.insee.jpa.entity.BroadcastEntity_#clickers; expected type :  org.hibernate.metamodel.model.domain.internal.SingularAttributeImpl; encountered type : javax.persistence.metamodel.ListAttribute
2022-02-18 16:54:33.085 ERROR trungnd2 --- [           main] o.h.m.i.MetadataContext                  : HHH015007: Illegal argument on static metamodel field injection : vn.insee.jpa.entity.BroadcastEntity_#cityIds; expected type :  org.hibernate.metamodel.model.domain.internal.SingularAttributeImpl; encountered type : javax.persistence.metamodel.ListAttribute
2022-02-18 16:54:33.085 ERROR trungnd2 --- [           main] o.h.m.i.MetadataContext                  : HHH015007: Illegal argument on static metamodel field injection : vn.insee.jpa.entity.BroadcastEntity_#districtIds; expected type :  org.hibernate.metamodel.model.domain.internal.SingularAttributeImpl; encountered type : javax.persistence.metamodel.ListAttribute
2022-02-18 16:54:33.086 ERROR trungnd2 --- [           main] o.h.m.i.MetadataContext                  : HHH015007: Illegal argument on static metamodel field injection : vn.insee.jpa.entity.FormEntity_#gifts; expected type :  org.hibernate.metamodel.model.domain.internal.SingularAttributeImpl; encountered type : javax.persistence.metamodel.ListAttribute
2022-02-18 16:54:33.087 ERROR trungnd2 --- [           main] o.h.m.i.MetadataContext                  : HHH015007: Illegal argument on static metamodel field injection : vn.insee.jpa.entity.PromotionEntity_#cements; expected type :  org.hibernate.metamodel.model.domain.internal.SingularAttributeImpl; encountered type : javax.persistence.metamodel.ListAttribute
2022-02-18 16:54:33.088 ERROR trungnd2 --- [           main] o.h.m.i.MetadataContext                  : HHH015007: Illegal argument on static metamodel field injection : vn.insee.jpa.entity.PromotionEntity_#districtIds; expected type :  org.hibernate.metamodel.model.domain.internal.SingularAttributeImpl; encountered type : javax.persistence.metamodel.ListAttribute
2022-02-18 16:54:33.088 ERROR trungnd2 --- [           main] o.h.m.i.MetadataContext                  : HHH015007: Illegal argument on static metamodel field injection : vn.insee.jpa.entity.PromotionEntity_#cityIds; expected type :  org.hibernate.metamodel.model.domain.internal.SingularAttributeImpl; encountered type : javax.persistence.metamodel.ListAttribute
2022-02-18 16:54:33.089 ERROR trungnd2 --- [           main] o.h.m.i.MetadataContext                  : HHH015007: Illegal argument on static metamodel field injection : vn.insee.jpa.entity.PostEntity_#cityIds; expected type :  org.hibernate.metamodel.model.domain.internal.SingularAttributeImpl; encountered type : javax.persistence.metamodel.ListAttribute
2022-02-18 16:54:33.089 ERROR trungnd2 --- [           main] o.h.m.i.MetadataContext                  : HHH015007: Illegal argument on static metamodel field injection : vn.insee.jpa.entity.PostEntity_#districtIds; expected type :  org.hibernate.metamodel.model.domain.internal.SingularAttributeImpl; encountered type : javax.persistence.metamodel.ListAttribute
2022-02-18 16:54:33.096  INFO trungnd2 --- [           main] o.h.e.t.j.p.i.JtaPlatformInitiator       : HHH000490: Using JtaPlatform implementation: [org.hibernate.engine.transaction.jta.platform.internal.NoJtaPlatform]
2022-02-18 16:54:33.105  INFO trungnd2 --- [           main] j.LocalContainerEntityManagerFactoryBean : Initialized JPA EntityManagerFactory for persistence unit 'default'
2022-02-18 16:54:34.758  INFO trungnd2 --- [           main] o.s.s.c.ThreadPoolTaskExecutor           : Initializing ExecutorService 'applicationTaskExecutor'
2022-02-18 16:54:34.972  INFO trungnd2 --- [           main] j.s.t.ScheduledThreadPoolJobRunrExecutor : ThreadManager of type 'ScheduledThreadPool' started
2022-02-18 16:54:34.973  INFO trungnd2 --- [pool-2-thread-1] o.j.s.BackgroundJobServer                : JobRunr BackgroundJobServer (f4f47649-0d4b-4abc-b5ae-02d62feea9f4) and 64 BackgroundJobPerformers started successfully
2022-02-18 16:54:34.975  INFO trungnd2 --- [pool-2-thread-1] o.j.s.ServerZooKeeper                    : Server f4f47649-0d4b-4abc-b5ae-02d62feea9f4 is master (this BackgroundJobServer)
2022-02-18 16:54:35.021  INFO trungnd2 --- [           main] o.j.d.JobRunrDashboardWebServer          : JobRunr Dashboard started at http://localhost:8000/dashboard
2022-02-18 16:54:35.226  INFO trungnd2 --- [           main] o.s.s.c.ThreadPoolTaskScheduler          : Initializing ExecutorService 'taskScheduler'
2022-02-18 16:54:35.260  INFO trungnd2 --- [           main] o.a.c.h.Http11NioProtocol                : Starting ProtocolHandler ["http-nio-7955"]
2022-02-18 16:54:35.273  INFO trungnd2 --- [           main] o.s.b.w.e.t.TomcatWebServer              : Tomcat started on port(s): 7955 (http) with context path ''
2022-02-18 16:54:35.294  INFO trungnd2 --- [           main] v.i.a.r.Main                             : Started Main in 6.669 seconds (JVM running for 7.842)
2022-02-18 16:56:24.413  INFO trungnd2 --- [nio-7955-exec-1] o.a.c.c.C.[.[.[/]                        : Initializing Spring DispatcherServlet 'dispatcherServlet'
2022-02-18 16:56:24.413  INFO trungnd2 --- [nio-7955-exec-1] o.s.w.s.DispatcherServlet                : Initializing Servlet 'dispatcherServlet'
2022-02-18 16:56:24.418  INFO trungnd2 --- [nio-7955-exec-1] o.s.w.s.DispatcherServlet                : Completed initialization in 3 ms
2022-02-18 17:14:18.980  INFO trungnd2 --- [extShutdownHook] o.s.s.c.ThreadPoolTaskScheduler          : Shutting down ExecutorService 'taskScheduler'
2022-02-18 17:14:18.983  INFO trungnd2 --- [extShutdownHook] o.j.d.JobRunrDashboardWebServer          : JobRunr dashboard stopped
2022-02-18 17:14:18.988  INFO trungnd2 --- [extShutdownHook] o.j.s.BackgroundJobServer                : BackgroundJobServer and BackgroundJobPerformers stopped
2022-02-18 17:14:18.988  INFO trungnd2 --- [extShutdownHook] o.s.s.c.ThreadPoolTaskExecutor           : Shutting down ExecutorService 'applicationTaskExecutor'
2022-02-18 17:14:18.996  INFO trungnd2 --- [extShutdownHook] j.LocalContainerEntityManagerFactoryBean : Closing JPA EntityManagerFactory for persistence unit 'default'
2022-02-18 17:14:18.997  INFO trungnd2 --- [extShutdownHook] c.z.h.HikariDataSource                   : HikariPool-1 - Shutdown initiated...
2022-02-18 17:14:19.009  INFO trungnd2 --- [extShutdownHook] c.z.h.HikariDataSource                   : HikariPool-1 - Shutdown completed.
2022-02-18 17:14:25.300  INFO trungnd2 --- [           main] v.i.a.r.Main                             : Starting Main using Java 11.0.13 on trungnd2 with PID 58081 (/home/trungnd2/Documents/new/_insee/AdminServer/target/classes started by trungnd2 in /home/trungnd2/Documents/new/_insee)
2022-02-18 17:14:25.310  INFO trungnd2 --- [           main] v.i.a.r.Main                             : The following profiles are active: local
2022-02-18 17:14:25.866  INFO trungnd2 --- [           main] .s.d.r.c.RepositoryConfigurationDelegate : Bootstrapping Spring Data JPA repositories in DEFAULT mode.
2022-02-18 17:14:25.956  INFO trungnd2 --- [           main] .s.d.r.c.RepositoryConfigurationDelegate : Finished Spring Data repository scanning in 84 ms. Found 10 JPA repository interfaces.
2022-02-18 17:14:26.641  INFO trungnd2 --- [           main] trationDelegate$BeanPostProcessorChecker : Bean 'org.springframework.hateoas.config.HateoasConfiguration' of type [org.springframework.hateoas.config.HateoasConfiguration] is not eligible for getting processed by all BeanPostProcessors (for example: not eligible for auto-proxying)
2022-02-18 17:14:26.645  INFO trungnd2 --- [           main] trationDelegate$BeanPostProcessorChecker : Bean 'relProviderPluginRegistry' of type [org.springframework.plugin.core.support.PluginRegistryFactoryBean] is not eligible for getting processed by all BeanPostProcessors (for example: not eligible for auto-proxying)
2022-02-18 17:14:26.655  INFO trungnd2 --- [           main] trationDelegate$BeanPostProcessorChecker : Bean 'relProviderPluginRegistry' of type [org.springframework.plugin.core.OrderAwarePluginRegistry] is not eligible for getting processed by all BeanPostProcessors (for example: not eligible for auto-proxying)
2022-02-18 17:14:26.661  INFO trungnd2 --- [           main] trationDelegate$BeanPostProcessorChecker : Bean '_relProvider' of type [org.springframework.hateoas.server.core.DelegatingLinkRelationProvider] is not eligible for getting processed by all BeanPostProcessors (for example: not eligible for auto-proxying)
2022-02-18 17:14:26.673  INFO trungnd2 --- [           main] trationDelegate$BeanPostProcessorChecker : Bean 'messageResolver' of type [org.springframework.hateoas.mediatype.MessageSourceResolver] is not eligible for getting processed by all BeanPostProcessors (for example: not eligible for auto-proxying)
2022-02-18 17:14:26.677  INFO trungnd2 --- [           main] trationDelegate$BeanPostProcessorChecker : Bean 'org.springframework.data.web.config.SpringDataJacksonConfiguration' of type [org.springframework.data.web.config.SpringDataJacksonConfiguration] is not eligible for getting processed by all BeanPostProcessors (for example: not eligible for auto-proxying)
2022-02-18 17:14:26.682  INFO trungnd2 --- [           main] trationDelegate$BeanPostProcessorChecker : Bean 'jacksonGeoModule' of type [org.springframework.data.geo.GeoModule] is not eligible for getting processed by all BeanPostProcessors (for example: not eligible for auto-proxying)
2022-02-18 17:14:26.702  INFO trungnd2 --- [           main] trationDelegate$BeanPostProcessorChecker : Bean 'org.springframework.boot.autoconfigure.data.rest.RepositoryRestMvcAutoConfiguration' of type [org.springframework.boot.autoconfigure.data.rest.RepositoryRestMvcAutoConfiguration] is not eligible for getting processed by all BeanPostProcessors (for example: not eligible for auto-proxying)
2022-02-18 17:14:26.706  INFO trungnd2 --- [           main] trationDelegate$BeanPostProcessorChecker : Bean 'org.springframework.boot.autoconfigure.jackson.JacksonAutoConfiguration$JacksonObjectMapperBuilderConfiguration' of type [org.springframework.boot.autoconfigure.jackson.JacksonAutoConfiguration$JacksonObjectMapperBuilderConfiguration] is not eligible for getting processed by all BeanPostProcessors (for example: not eligible for auto-proxying)
2022-02-18 17:14:26.709  INFO trungnd2 --- [           main] trationDelegate$BeanPostProcessorChecker : Bean 'org.springframework.boot.autoconfigure.jackson.JacksonAutoConfiguration$Jackson2ObjectMapperBuilderCustomizerConfiguration' of type [org.springframework.boot.autoconfigure.jackson.JacksonAutoConfiguration$Jackson2ObjectMapperBuilderCustomizerConfiguration] is not eligible for getting processed by all BeanPostProcessors (for example: not eligible for auto-proxying)
2022-02-18 17:14:26.729  INFO trungnd2 --- [           main] trationDelegate$BeanPostProcessorChecker : Bean 'spring.jackson-org.springframework.boot.autoconfigure.jackson.JacksonProperties' of type [org.springframework.boot.autoconfigure.jackson.JacksonProperties] is not eligible for getting processed by all BeanPostProcessors (for example: not eligible for auto-proxying)
2022-02-18 17:14:26.731  INFO trungnd2 --- [           main] trationDelegate$BeanPostProcessorChecker : Bean 'standardJacksonObjectMapperBuilderCustomizer' of type [org.springframework.boot.autoconfigure.jackson.JacksonAutoConfiguration$Jackson2ObjectMapperBuilderCustomizerConfiguration$StandardJackson2ObjectMapperBuilderCustomizer] is not eligible for getting processed by all BeanPostProcessors (for example: not eligible for auto-proxying)
2022-02-18 17:14:26.734  INFO trungnd2 --- [           main] trationDelegate$BeanPostProcessorChecker : Bean 'org.springframework.boot.autoconfigure.jackson.JacksonAutoConfiguration$ParameterNamesModuleConfiguration' of type [org.springframework.boot.autoconfigure.jackson.JacksonAutoConfiguration$ParameterNamesModuleConfiguration] is not eligible for getting processed by all BeanPostProcessors (for example: not eligible for auto-proxying)
2022-02-18 17:14:26.737  INFO trungnd2 --- [           main] trationDelegate$BeanPostProcessorChecker : Bean 'parameterNamesModule' of type [com.fasterxml.jackson.module.paramnames.ParameterNamesModule] is not eligible for getting processed by all BeanPostProcessors (for example: not eligible for auto-proxying)
2022-02-18 17:14:26.740  INFO trungnd2 --- [           main] trationDelegate$BeanPostProcessorChecker : Bean 'org.springframework.boot.autoconfigure.jackson.JacksonAutoConfiguration' of type [org.springframework.boot.autoconfigure.jackson.JacksonAutoConfiguration] is not eligible for getting processed by all BeanPostProcessors (for example: not eligible for auto-proxying)
2022-02-18 17:14:26.758  INFO trungnd2 --- [           main] trationDelegate$BeanPostProcessorChecker : Bean 'jsonComponentModule' of type [org.springframework.boot.jackson.JsonComponentModule] is not eligible for getting processed by all BeanPostProcessors (for example: not eligible for auto-proxying)
2022-02-18 17:14:26.761  INFO trungnd2 --- [           main] trationDelegate$BeanPostProcessorChecker : Bean 'jacksonObjectMapperBuilder' of type [org.springframework.http.converter.json.Jackson2ObjectMapperBuilder] is not eligible for getting processed by all BeanPostProcessors (for example: not eligible for auto-proxying)
2022-02-18 17:14:26.771  INFO trungnd2 --- [           main] trationDelegate$BeanPostProcessorChecker : Bean 'spring.data.rest-org.springframework.boot.autoconfigure.data.rest.RepositoryRestProperties' of type [org.springframework.boot.autoconfigure.data.rest.RepositoryRestProperties] is not eligible for getting processed by all BeanPostProcessors (for example: not eligible for auto-proxying)
2022-02-18 17:14:26.772  INFO trungnd2 --- [           main] trationDelegate$BeanPostProcessorChecker : Bean 'springBootRepositoryRestConfigurer' of type [org.springframework.boot.autoconfigure.data.rest.SpringBootRepositoryRestConfigurer] is not eligible for getting processed by all BeanPostProcessors (for example: not eligible for auto-proxying)
2022-02-18 17:14:26.775  INFO trungnd2 --- [           main] trationDelegate$BeanPostProcessorChecker : Bean 'configurerDelegate' of type [org.springframework.data.rest.webmvc.config.RepositoryRestConfigurerDelegate] is not eligible for getting processed by all BeanPostProcessors (for example: not eligible for auto-proxying)
2022-02-18 17:14:26.784  INFO trungnd2 --- [           main] trationDelegate$BeanPostProcessorChecker : Bean 'org.springframework.boot.autoconfigure.http.HttpMessageConvertersAutoConfiguration$StringHttpMessageConverterConfiguration' of type [org.springframework.boot.autoconfigure.http.HttpMessageConvertersAutoConfiguration$StringHttpMessageConverterConfiguration] is not eligible for getting processed by all BeanPostProcessors (for example: not eligible for auto-proxying)
2022-02-18 17:14:26.793  INFO trungnd2 --- [           main] trationDelegate$BeanPostProcessorChecker : Bean 'stringHttpMessageConverter' of type [org.springframework.http.converter.StringHttpMessageConverter] is not eligible for getting processed by all BeanPostProcessors (for example: not eligible for auto-proxying)
2022-02-18 17:14:26.795  INFO trungnd2 --- [           main] trationDelegate$BeanPostProcessorChecker : Bean 'org.springframework.boot.autoconfigure.http.JacksonHttpMessageConvertersConfiguration$MappingJackson2HttpMessageConverterConfiguration' of type [org.springframework.boot.autoconfigure.http.JacksonHttpMessageConvertersConfiguration$MappingJackson2HttpMessageConverterConfiguration] is not eligible for getting processed by all BeanPostProcessors (for example: not eligible for auto-proxying)
2022-02-18 17:14:26.798  INFO trungnd2 --- [           main] trationDelegate$BeanPostProcessorChecker : Bean 'beanConfig' of type [vn.insee.config.BeanConfig$$EnhancerBySpringCGLIB$$8551d6e5] is not eligible for getting processed by all BeanPostProcessors (for example: not eligible for auto-proxying)
2022-02-18 17:14:26.822  INFO trungnd2 --- [           main] trationDelegate$BeanPostProcessorChecker : Bean 'objectMapper' of type [com.fasterxml.jackson.databind.ObjectMapper] is not eligible for getting processed by all BeanPostProcessors (for example: not eligible for auto-proxying)
2022-02-18 17:14:26.834  INFO trungnd2 --- [           main] trationDelegate$BeanPostProcessorChecker : Bean 'mappingJackson2HttpMessageConverter' of type [org.springframework.http.converter.json.MappingJackson2HttpMessageConverter] is not eligible for getting processed by all BeanPostProcessors (for example: not eligible for auto-proxying)
2022-02-18 17:14:26.836  INFO trungnd2 --- [           main] trationDelegate$BeanPostProcessorChecker : Bean 'org.springframework.data.rest.webmvc.config.RepositoryRestMvcConfiguration' of type [org.springframework.data.rest.webmvc.config.RepositoryRestMvcConfiguration] is not eligible for getting processed by all BeanPostProcessors (for example: not eligible for auto-proxying)
2022-02-18 17:14:27.221  INFO trungnd2 --- [           main] o.s.b.w.e.t.TomcatWebServer              : Tomcat initialized with port(s): 7955 (http)
2022-02-18 17:14:27.231  INFO trungnd2 --- [           main] o.a.c.h.Http11NioProtocol                : Initializing ProtocolHandler ["http-nio-7955"]
2022-02-18 17:14:27.232  INFO trungnd2 --- [           main] o.a.c.c.StandardService                  : Starting service [Tomcat]
2022-02-18 17:14:27.232  INFO trungnd2 --- [           main] o.a.c.c.StandardEngine                   : Starting Servlet engine: [Apache Tomcat/9.0.41]
2022-02-18 17:14:27.335  INFO trungnd2 --- [           main] o.a.c.c.C.[.[.[/]                        : Initializing Spring embedded WebApplicationContext
2022-02-18 17:14:27.336  INFO trungnd2 --- [           main] w.s.c.ServletWebServerApplicationContext : Root WebApplicationContext: initialization completed in 1981 ms
2022-02-18 17:14:27.396  WARN trungnd2 --- [           main] JpaBaseConfiguration$JpaWebConfiguration : spring.jpa.open-in-view is enabled by default. Therefore, database queries may be performed during view rendering. Explicitly configure spring.jpa.open-in-view to disable this warning
2022-02-18 17:14:27.562  INFO trungnd2 --- [           main] c.z.h.HikariDataSource                   : HikariPool-1 - Starting...
2022-02-18 17:14:27.878  INFO trungnd2 --- [           main] c.z.h.HikariDataSource                   : HikariPool-1 - Start completed.
2022-02-18 17:14:27.983  INFO trungnd2 --- [           main] o.h.j.i.u.LogHelper                      : HHH000204: Processing PersistenceUnitInfo [name: default]
2022-02-18 17:14:28.039  INFO trungnd2 --- [           main] o.h.Version                              : HHH000412: Hibernate ORM core version 5.4.25.Final
2022-02-18 17:14:28.152  INFO trungnd2 --- [           main] o.h.a.c.Version                          : HCANN000001: Hibernate Commons Annotations {5.1.2.Final}
2022-02-18 17:14:28.241  INFO trungnd2 --- [           main] o.h.d.Dialect                            : HHH000400: Using dialect: org.hibernate.dialect.PostgreSQL9Dialect
2022-02-18 17:14:28.507  INFO trungnd2 --- [           main] Hibernate Types                          : is proudly powered by:

>>>>>>>>>>>>>>>>>>>>>>>>>>>>>>>>>>>>>>>>>>>>>>>>>>>>>>>>>>>>>>>>
 _    _                           _     _
| |  | |                         (_)   | |
| |__| |_   _ _ __   ___ _ __ ___ _ ___| |_ ___ _ __   ___ ___
|  __  | | | | '_ \ / _ \ '__/ __| / __| __/ _ \ '_ \ / __/ _ \
| |  | | |_| | |_) |  __/ |  \__ \ \__ \ ||  __/ | | | (_|  __/
|_|  |_|\__, | .__/ \___|_|  |___/_|___/\__\___|_| |_|\___\___|
         __/ | |
        |___/|_|

At Hypersistence, we only build amazing tools, like Hibernate Types, Flexy Pool, or Hypersistence Optimizer.
What if there was a tool that couuld automatically detect JPA and Hibernate performance issues?
Hypersistence Optimizer is that tool!
For more details, go to: 

https://vladmihalcea.com/hypersistence-optimizer/
<<<<<<<<<<<<<<<<<<<<<<<<<<<<<<<<<<<<<<<<<<<<<<<<<<<<<<<<<<<<<<<<

2022-02-18 17:14:29.140 ERROR trungnd2 --- [           main] o.h.m.i.MetadataContext                  : HHH015007: Illegal argument on static metamodel field injection : vn.insee.jpa.entity.UserEntity_#products; expected type :  org.hibernate.metamodel.model.domain.internal.SingularAttributeImpl; encountered type : javax.persistence.metamodel.ListAttribute
2022-02-18 17:14:29.141 ERROR trungnd2 --- [           main] o.h.m.i.MetadataContext                  : HHH015007: Illegal argument on static metamodel field injection : vn.insee.jpa.entity.UserEntity_#sessions; expected type :  org.hibernate.metamodel.model.domain.internal.SingularAttributeImpl; encountered type : javax.persistence.metamodel.ListAttribute
2022-02-18 17:14:29.141 ERROR trungnd2 --- [           main] o.h.m.i.MetadataContext                  : HHH015007: Illegal argument on static metamodel field injection : vn.insee.jpa.entity.BroadcastEntity_#cityIds; expected type :  org.hibernate.metamodel.model.domain.internal.SingularAttributeImpl; encountered type : javax.persistence.metamodel.ListAttribute
2022-02-18 17:14:29.142 ERROR trungnd2 --- [           main] o.h.m.i.MetadataContext                  : HHH015007: Illegal argument on static metamodel field injection : vn.insee.jpa.entity.BroadcastEntity_#clickers; expected type :  org.hibernate.metamodel.model.domain.internal.SingularAttributeImpl; encountered type : javax.persistence.metamodel.ListAttribute
2022-02-18 17:14:29.142 ERROR trungnd2 --- [           main] o.h.m.i.MetadataContext                  : HHH015007: Illegal argument on static metamodel field injection : vn.insee.jpa.entity.BroadcastEntity_#districtIds; expected type :  org.hibernate.metamodel.model.domain.internal.SingularAttributeImpl; encountered type : javax.persistence.metamodel.ListAttribute
2022-02-18 17:14:29.142 ERROR trungnd2 --- [           main] o.h.m.i.MetadataContext                  : HHH015007: Illegal argument on static metamodel field injection : vn.insee.jpa.entity.BroadcastEntity_#userIds; expected type :  org.hibernate.metamodel.model.domain.internal.SingularAttributeImpl; encountered type : javax.persistence.metamodel.ListAttribute
2022-02-18 17:14:29.143 ERROR trungnd2 --- [           main] o.h.m.i.MetadataContext                  : HHH015007: Illegal argument on static metamodel field injection : vn.insee.jpa.entity.FormEntity_#gifts; expected type :  org.hibernate.metamodel.model.domain.internal.SingularAttributeImpl; encountered type : javax.persistence.metamodel.ListAttribute
2022-02-18 17:14:29.144 ERROR trungnd2 --- [           main] o.h.m.i.MetadataContext                  : HHH015007: Illegal argument on static metamodel field injection : vn.insee.jpa.entity.PromotionEntity_#cements; expected type :  org.hibernate.metamodel.model.domain.internal.SingularAttributeImpl; encountered type : javax.persistence.metamodel.ListAttribute
2022-02-18 17:14:29.144 ERROR trungnd2 --- [           main] o.h.m.i.MetadataContext                  : HHH015007: Illegal argument on static metamodel field injection : vn.insee.jpa.entity.PromotionEntity_#districtIds; expected type :  org.hibernate.metamodel.model.domain.internal.SingularAttributeImpl; encountered type : javax.persistence.metamodel.ListAttribute
2022-02-18 17:14:29.144 ERROR trungnd2 --- [           main] o.h.m.i.MetadataContext                  : HHH015007: Illegal argument on static metamodel field injection : vn.insee.jpa.entity.PromotionEntity_#cityIds; expected type :  org.hibernate.metamodel.model.domain.internal.SingularAttributeImpl; encountered type : javax.persistence.metamodel.ListAttribute
2022-02-18 17:14:29.145 ERROR trungnd2 --- [           main] o.h.m.i.MetadataContext                  : HHH015007: Illegal argument on static metamodel field injection : vn.insee.jpa.entity.PostEntity_#cityIds; expected type :  org.hibernate.metamodel.model.domain.internal.SingularAttributeImpl; encountered type : javax.persistence.metamodel.ListAttribute
2022-02-18 17:14:29.146 ERROR trungnd2 --- [           main] o.h.m.i.MetadataContext                  : HHH015007: Illegal argument on static metamodel field injection : vn.insee.jpa.entity.PostEntity_#districtIds; expected type :  org.hibernate.metamodel.model.domain.internal.SingularAttributeImpl; encountered type : javax.persistence.metamodel.ListAttribute
2022-02-18 17:14:29.150  INFO trungnd2 --- [           main] o.h.e.t.j.p.i.JtaPlatformInitiator       : HHH000490: Using JtaPlatform implementation: [org.hibernate.engine.transaction.jta.platform.internal.NoJtaPlatform]
2022-02-18 17:14:29.157  INFO trungnd2 --- [           main] j.LocalContainerEntityManagerFactoryBean : Initialized JPA EntityManagerFactory for persistence unit 'default'
2022-02-18 17:14:30.673  INFO trungnd2 --- [           main] o.s.s.c.ThreadPoolTaskExecutor           : Initializing ExecutorService 'applicationTaskExecutor'
2022-02-18 17:14:30.844  INFO trungnd2 --- [           main] j.s.t.ScheduledThreadPoolJobRunrExecutor : ThreadManager of type 'ScheduledThreadPool' started
2022-02-18 17:14:30.846  INFO trungnd2 --- [pool-2-thread-1] o.j.s.BackgroundJobServer                : JobRunr BackgroundJobServer (c1c2c5b3-310f-4617-b73d-cb6e7841249e) and 64 BackgroundJobPerformers started successfully
2022-02-18 17:14:30.847  INFO trungnd2 --- [pool-2-thread-1] o.j.s.ServerZooKeeper                    : Server c1c2c5b3-310f-4617-b73d-cb6e7841249e is master (this BackgroundJobServer)
2022-02-18 17:14:30.899  INFO trungnd2 --- [           main] o.j.d.JobRunrDashboardWebServer          : JobRunr Dashboard started at http://localhost:8000/dashboard
2022-02-18 17:14:31.109  INFO trungnd2 --- [           main] o.s.s.c.ThreadPoolTaskScheduler          : Initializing ExecutorService 'taskScheduler'
2022-02-18 17:14:31.131  INFO trungnd2 --- [           main] o.a.c.h.Http11NioProtocol                : Starting ProtocolHandler ["http-nio-7955"]
2022-02-18 17:14:31.144  INFO trungnd2 --- [           main] o.s.b.w.e.t.TomcatWebServer              : Tomcat started on port(s): 7955 (http) with context path ''
2022-02-18 17:14:31.158  INFO trungnd2 --- [           main] v.i.a.r.Main                             : Started Main in 6.318 seconds (JVM running for 7.423)
2022-02-18 17:16:24.049  INFO trungnd2 --- [nio-7955-exec-1] o.a.c.c.C.[.[.[/]                        : Initializing Spring DispatcherServlet 'dispatcherServlet'
2022-02-18 17:16:24.049  INFO trungnd2 --- [nio-7955-exec-1] o.s.w.s.DispatcherServlet                : Initializing Servlet 'dispatcherServlet'
2022-02-18 17:16:24.051  INFO trungnd2 --- [nio-7955-exec-1] o.s.w.s.DispatcherServlet                : Completed initialization in 2 ms
2022-02-18 17:16:24.300 ERROR trungnd2 --- [nio-7955-exec-1] v.i.a.r.c.FormController                 : ModelMapper mapping errors:

1) Failed to instantiate instance of destination vn.insee.admin.retailer.controller.dto.metric.FormPromotionMetricDTO. Ensure that vn.insee.admin.retailer.controller.dto.metric.FormPromotionMetricDTO has a non-private no-argument constructor.

1 error
2022-02-18 17:17:12.559  INFO trungnd2 --- [extShutdownHook] o.s.s.c.ThreadPoolTaskScheduler          : Shutting down ExecutorService 'taskScheduler'
2022-02-18 17:17:12.562  INFO trungnd2 --- [extShutdownHook] o.j.d.JobRunrDashboardWebServer          : JobRunr dashboard stopped
2022-02-18 17:17:12.564  INFO trungnd2 --- [extShutdownHook] o.j.s.BackgroundJobServer                : BackgroundJobServer and BackgroundJobPerformers stopped
2022-02-18 17:17:12.565  INFO trungnd2 --- [extShutdownHook] o.s.s.c.ThreadPoolTaskExecutor           : Shutting down ExecutorService 'applicationTaskExecutor'
2022-02-18 17:17:12.576  INFO trungnd2 --- [extShutdownHook] j.LocalContainerEntityManagerFactoryBean : Closing JPA EntityManagerFactory for persistence unit 'default'
2022-02-18 17:17:12.578  INFO trungnd2 --- [extShutdownHook] c.z.h.HikariDataSource                   : HikariPool-1 - Shutdown initiated...
2022-02-18 17:17:12.617  INFO trungnd2 --- [extShutdownHook] c.z.h.HikariDataSource                   : HikariPool-1 - Shutdown completed.
2022-02-18 17:17:18.720  INFO trungnd2 --- [           main] v.i.a.r.Main                             : Starting Main using Java 11.0.13 on trungnd2 with PID 58850 (/home/trungnd2/Documents/new/_insee/AdminServer/target/classes started by trungnd2 in /home/trungnd2/Documents/new/_insee)
2022-02-18 17:17:18.732  INFO trungnd2 --- [           main] v.i.a.r.Main                             : The following profiles are active: local
2022-02-18 17:17:19.582  INFO trungnd2 --- [           main] .s.d.r.c.RepositoryConfigurationDelegate : Bootstrapping Spring Data JPA repositories in DEFAULT mode.
2022-02-18 17:17:19.701  INFO trungnd2 --- [           main] .s.d.r.c.RepositoryConfigurationDelegate : Finished Spring Data repository scanning in 112 ms. Found 10 JPA repository interfaces.
2022-02-18 17:17:20.533  INFO trungnd2 --- [           main] trationDelegate$BeanPostProcessorChecker : Bean 'org.springframework.hateoas.config.HateoasConfiguration' of type [org.springframework.hateoas.config.HateoasConfiguration] is not eligible for getting processed by all BeanPostProcessors (for example: not eligible for auto-proxying)
2022-02-18 17:17:20.538  INFO trungnd2 --- [           main] trationDelegate$BeanPostProcessorChecker : Bean 'relProviderPluginRegistry' of type [org.springframework.plugin.core.support.PluginRegistryFactoryBean] is not eligible for getting processed by all BeanPostProcessors (for example: not eligible for auto-proxying)
2022-02-18 17:17:20.549  INFO trungnd2 --- [           main] trationDelegate$BeanPostProcessorChecker : Bean 'relProviderPluginRegistry' of type [org.springframework.plugin.core.OrderAwarePluginRegistry] is not eligible for getting processed by all BeanPostProcessors (for example: not eligible for auto-proxying)
2022-02-18 17:17:20.556  INFO trungnd2 --- [           main] trationDelegate$BeanPostProcessorChecker : Bean '_relProvider' of type [org.springframework.hateoas.server.core.DelegatingLinkRelationProvider] is not eligible for getting processed by all BeanPostProcessors (for example: not eligible for auto-proxying)
2022-02-18 17:17:20.568  INFO trungnd2 --- [           main] trationDelegate$BeanPostProcessorChecker : Bean 'messageResolver' of type [org.springframework.hateoas.mediatype.MessageSourceResolver] is not eligible for getting processed by all BeanPostProcessors (for example: not eligible for auto-proxying)
2022-02-18 17:17:20.571  INFO trungnd2 --- [           main] trationDelegate$BeanPostProcessorChecker : Bean 'org.springframework.data.web.config.SpringDataJacksonConfiguration' of type [org.springframework.data.web.config.SpringDataJacksonConfiguration] is not eligible for getting processed by all BeanPostProcessors (for example: not eligible for auto-proxying)
2022-02-18 17:17:20.576  INFO trungnd2 --- [           main] trationDelegate$BeanPostProcessorChecker : Bean 'jacksonGeoModule' of type [org.springframework.data.geo.GeoModule] is not eligible for getting processed by all BeanPostProcessors (for example: not eligible for auto-proxying)
2022-02-18 17:17:20.595  INFO trungnd2 --- [           main] trationDelegate$BeanPostProcessorChecker : Bean 'org.springframework.boot.autoconfigure.data.rest.RepositoryRestMvcAutoConfiguration' of type [org.springframework.boot.autoconfigure.data.rest.RepositoryRestMvcAutoConfiguration] is not eligible for getting processed by all BeanPostProcessors (for example: not eligible for auto-proxying)
2022-02-18 17:17:20.599  INFO trungnd2 --- [           main] trationDelegate$BeanPostProcessorChecker : Bean 'org.springframework.boot.autoconfigure.jackson.JacksonAutoConfiguration$JacksonObjectMapperBuilderConfiguration' of type [org.springframework.boot.autoconfigure.jackson.JacksonAutoConfiguration$JacksonObjectMapperBuilderConfiguration] is not eligible for getting processed by all BeanPostProcessors (for example: not eligible for auto-proxying)
2022-02-18 17:17:20.602  INFO trungnd2 --- [           main] trationDelegate$BeanPostProcessorChecker : Bean 'org.springframework.boot.autoconfigure.jackson.JacksonAutoConfiguration$Jackson2ObjectMapperBuilderCustomizerConfiguration' of type [org.springframework.boot.autoconfigure.jackson.JacksonAutoConfiguration$Jackson2ObjectMapperBuilderCustomizerConfiguration] is not eligible for getting processed by all BeanPostProcessors (for example: not eligible for auto-proxying)
2022-02-18 17:17:20.622  INFO trungnd2 --- [           main] trationDelegate$BeanPostProcessorChecker : Bean 'spring.jackson-org.springframework.boot.autoconfigure.jackson.JacksonProperties' of type [org.springframework.boot.autoconfigure.jackson.JacksonProperties] is not eligible for getting processed by all BeanPostProcessors (for example: not eligible for auto-proxying)
2022-02-18 17:17:20.624  INFO trungnd2 --- [           main] trationDelegate$BeanPostProcessorChecker : Bean 'standardJacksonObjectMapperBuilderCustomizer' of type [org.springframework.boot.autoconfigure.jackson.JacksonAutoConfiguration$Jackson2ObjectMapperBuilderCustomizerConfiguration$StandardJackson2ObjectMapperBuilderCustomizer] is not eligible for getting processed by all BeanPostProcessors (for example: not eligible for auto-proxying)
2022-02-18 17:17:20.628  INFO trungnd2 --- [           main] trationDelegate$BeanPostProcessorChecker : Bean 'org.springframework.boot.autoconfigure.jackson.JacksonAutoConfiguration$ParameterNamesModuleConfiguration' of type [org.springframework.boot.autoconfigure.jackson.JacksonAutoConfiguration$ParameterNamesModuleConfiguration] is not eligible for getting processed by all BeanPostProcessors (for example: not eligible for auto-proxying)
2022-02-18 17:17:20.631  INFO trungnd2 --- [           main] trationDelegate$BeanPostProcessorChecker : Bean 'parameterNamesModule' of type [com.fasterxml.jackson.module.paramnames.ParameterNamesModule] is not eligible for getting processed by all BeanPostProcessors (for example: not eligible for auto-proxying)
2022-02-18 17:17:20.634  INFO trungnd2 --- [           main] trationDelegate$BeanPostProcessorChecker : Bean 'org.springframework.boot.autoconfigure.jackson.JacksonAutoConfiguration' of type [org.springframework.boot.autoconfigure.jackson.JacksonAutoConfiguration] is not eligible for getting processed by all BeanPostProcessors (for example: not eligible for auto-proxying)
2022-02-18 17:17:20.651  INFO trungnd2 --- [           main] trationDelegate$BeanPostProcessorChecker : Bean 'jsonComponentModule' of type [org.springframework.boot.jackson.JsonComponentModule] is not eligible for getting processed by all BeanPostProcessors (for example: not eligible for auto-proxying)
2022-02-18 17:17:20.655  INFO trungnd2 --- [           main] trationDelegate$BeanPostProcessorChecker : Bean 'jacksonObjectMapperBuilder' of type [org.springframework.http.converter.json.Jackson2ObjectMapperBuilder] is not eligible for getting processed by all BeanPostProcessors (for example: not eligible for auto-proxying)
2022-02-18 17:17:20.666  INFO trungnd2 --- [           main] trationDelegate$BeanPostProcessorChecker : Bean 'spring.data.rest-org.springframework.boot.autoconfigure.data.rest.RepositoryRestProperties' of type [org.springframework.boot.autoconfigure.data.rest.RepositoryRestProperties] is not eligible for getting processed by all BeanPostProcessors (for example: not eligible for auto-proxying)
2022-02-18 17:17:20.667  INFO trungnd2 --- [           main] trationDelegate$BeanPostProcessorChecker : Bean 'springBootRepositoryRestConfigurer' of type [org.springframework.boot.autoconfigure.data.rest.SpringBootRepositoryRestConfigurer] is not eligible for getting processed by all BeanPostProcessors (for example: not eligible for auto-proxying)
2022-02-18 17:17:20.669  INFO trungnd2 --- [           main] trationDelegate$BeanPostProcessorChecker : Bean 'configurerDelegate' of type [org.springframework.data.rest.webmvc.config.RepositoryRestConfigurerDelegate] is not eligible for getting processed by all BeanPostProcessors (for example: not eligible for auto-proxying)
2022-02-18 17:17:20.681  INFO trungnd2 --- [           main] trationDelegate$BeanPostProcessorChecker : Bean 'org.springframework.boot.autoconfigure.http.HttpMessageConvertersAutoConfiguration$StringHttpMessageConverterConfiguration' of type [org.springframework.boot.autoconfigure.http.HttpMessageConvertersAutoConfiguration$StringHttpMessageConverterConfiguration] is not eligible for getting processed by all BeanPostProcessors (for example: not eligible for auto-proxying)
2022-02-18 17:17:20.691  INFO trungnd2 --- [           main] trationDelegate$BeanPostProcessorChecker : Bean 'stringHttpMessageConverter' of type [org.springframework.http.converter.StringHttpMessageConverter] is not eligible for getting processed by all BeanPostProcessors (for example: not eligible for auto-proxying)
2022-02-18 17:17:20.694  INFO trungnd2 --- [           main] trationDelegate$BeanPostProcessorChecker : Bean 'org.springframework.boot.autoconfigure.http.JacksonHttpMessageConvertersConfiguration$MappingJackson2HttpMessageConverterConfiguration' of type [org.springframework.boot.autoconfigure.http.JacksonHttpMessageConvertersConfiguration$MappingJackson2HttpMessageConverterConfiguration] is not eligible for getting processed by all BeanPostProcessors (for example: not eligible for auto-proxying)
2022-02-18 17:17:20.697  INFO trungnd2 --- [           main] trationDelegate$BeanPostProcessorChecker : Bean 'beanConfig' of type [vn.insee.config.BeanConfig$$EnhancerBySpringCGLIB$$c1a3a08f] is not eligible for getting processed by all BeanPostProcessors (for example: not eligible for auto-proxying)
2022-02-18 17:17:20.724  INFO trungnd2 --- [           main] trationDelegate$BeanPostProcessorChecker : Bean 'objectMapper' of type [com.fasterxml.jackson.databind.ObjectMapper] is not eligible for getting processed by all BeanPostProcessors (for example: not eligible for auto-proxying)
2022-02-18 17:17:20.737  INFO trungnd2 --- [           main] trationDelegate$BeanPostProcessorChecker : Bean 'mappingJackson2HttpMessageConverter' of type [org.springframework.http.converter.json.MappingJackson2HttpMessageConverter] is not eligible for getting processed by all BeanPostProcessors (for example: not eligible for auto-proxying)
2022-02-18 17:17:20.741  INFO trungnd2 --- [           main] trationDelegate$BeanPostProcessorChecker : Bean 'org.springframework.data.rest.webmvc.config.RepositoryRestMvcConfiguration' of type [org.springframework.data.rest.webmvc.config.RepositoryRestMvcConfiguration] is not eligible for getting processed by all BeanPostProcessors (for example: not eligible for auto-proxying)
2022-02-18 17:17:21.233  INFO trungnd2 --- [           main] o.s.b.w.e.t.TomcatWebServer              : Tomcat initialized with port(s): 7955 (http)
2022-02-18 17:17:21.248  INFO trungnd2 --- [           main] o.a.c.h.Http11NioProtocol                : Initializing ProtocolHandler ["http-nio-7955"]
2022-02-18 17:17:21.249  INFO trungnd2 --- [           main] o.a.c.c.StandardService                  : Starting service [Tomcat]
2022-02-18 17:17:21.251  INFO trungnd2 --- [           main] o.a.c.c.StandardEngine                   : Starting Servlet engine: [Apache Tomcat/9.0.41]
2022-02-18 17:17:21.362  INFO trungnd2 --- [           main] o.a.c.c.C.[.[.[/]                        : Initializing Spring embedded WebApplicationContext
2022-02-18 17:17:21.363  INFO trungnd2 --- [           main] w.s.c.ServletWebServerApplicationContext : Root WebApplicationContext: initialization completed in 2550 ms
2022-02-18 17:17:21.434  WARN trungnd2 --- [           main] JpaBaseConfiguration$JpaWebConfiguration : spring.jpa.open-in-view is enabled by default. Therefore, database queries may be performed during view rendering. Explicitly configure spring.jpa.open-in-view to disable this warning
2022-02-18 17:17:21.678  INFO trungnd2 --- [           main] c.z.h.HikariDataSource                   : HikariPool-1 - Starting...
2022-02-18 17:17:22.102  INFO trungnd2 --- [           main] c.z.h.HikariDataSource                   : HikariPool-1 - Start completed.
2022-02-18 17:17:22.192  INFO trungnd2 --- [           main] o.h.j.i.u.LogHelper                      : HHH000204: Processing PersistenceUnitInfo [name: default]
2022-02-18 17:17:22.273  INFO trungnd2 --- [           main] o.h.Version                              : HHH000412: Hibernate ORM core version 5.4.25.Final
2022-02-18 17:17:22.437  INFO trungnd2 --- [           main] o.h.a.c.Version                          : HCANN000001: Hibernate Commons Annotations {5.1.2.Final}
2022-02-18 17:17:22.613  INFO trungnd2 --- [           main] o.h.d.Dialect                            : HHH000400: Using dialect: org.hibernate.dialect.PostgreSQL9Dialect
2022-02-18 17:17:23.032  INFO trungnd2 --- [           main] Hibernate Types                          : is proudly powered by:

>>>>>>>>>>>>>>>>>>>>>>>>>>>>>>>>>>>>>>>>>>>>>>>>>>>>>>>>>>>>>>>>
 _    _                           _     _
| |  | |                         (_)   | |
| |__| |_   _ _ __   ___ _ __ ___ _ ___| |_ ___ _ __   ___ ___
|  __  | | | | '_ \ / _ \ '__/ __| / __| __/ _ \ '_ \ / __/ _ \
| |  | | |_| | |_) |  __/ |  \__ \ \__ \ ||  __/ | | | (_|  __/
|_|  |_|\__, | .__/ \___|_|  |___/_|___/\__\___|_| |_|\___\___|
         __/ | |
        |___/|_|

At Hypersistence, we only build amazing tools, like Hibernate Types, Flexy Pool, or Hypersistence Optimizer.
What if there was a tool that couuld automatically detect JPA and Hibernate performance issues?
Hypersistence Optimizer is that tool!
For more details, go to: 

https://vladmihalcea.com/hypersistence-optimizer/
<<<<<<<<<<<<<<<<<<<<<<<<<<<<<<<<<<<<<<<<<<<<<<<<<<<<<<<<<<<<<<<<

2022-02-18 17:17:23.835 ERROR trungnd2 --- [           main] o.h.m.i.MetadataContext                  : HHH015007: Illegal argument on static metamodel field injection : vn.insee.jpa.entity.UserEntity_#sessions; expected type :  org.hibernate.metamodel.model.domain.internal.SingularAttributeImpl; encountered type : javax.persistence.metamodel.ListAttribute
2022-02-18 17:17:23.836 ERROR trungnd2 --- [           main] o.h.m.i.MetadataContext                  : HHH015007: Illegal argument on static metamodel field injection : vn.insee.jpa.entity.UserEntity_#products; expected type :  org.hibernate.metamodel.model.domain.internal.SingularAttributeImpl; encountered type : javax.persistence.metamodel.ListAttribute
2022-02-18 17:17:23.837 ERROR trungnd2 --- [           main] o.h.m.i.MetadataContext                  : HHH015007: Illegal argument on static metamodel field injection : vn.insee.jpa.entity.BroadcastEntity_#districtIds; expected type :  org.hibernate.metamodel.model.domain.internal.SingularAttributeImpl; encountered type : javax.persistence.metamodel.ListAttribute
2022-02-18 17:17:23.837 ERROR trungnd2 --- [           main] o.h.m.i.MetadataContext                  : HHH015007: Illegal argument on static metamodel field injection : vn.insee.jpa.entity.BroadcastEntity_#userIds; expected type :  org.hibernate.metamodel.model.domain.internal.SingularAttributeImpl; encountered type : javax.persistence.metamodel.ListAttribute
2022-02-18 17:17:23.838 ERROR trungnd2 --- [           main] o.h.m.i.MetadataContext                  : HHH015007: Illegal argument on static metamodel field injection : vn.insee.jpa.entity.BroadcastEntity_#cityIds; expected type :  org.hibernate.metamodel.model.domain.internal.SingularAttributeImpl; encountered type : javax.persistence.metamodel.ListAttribute
2022-02-18 17:17:23.838 ERROR trungnd2 --- [           main] o.h.m.i.MetadataContext                  : HHH015007: Illegal argument on static metamodel field injection : vn.insee.jpa.entity.BroadcastEntity_#clickers; expected type :  org.hibernate.metamodel.model.domain.internal.SingularAttributeImpl; encountered type : javax.persistence.metamodel.ListAttribute
2022-02-18 17:17:23.839 ERROR trungnd2 --- [           main] o.h.m.i.MetadataContext                  : HHH015007: Illegal argument on static metamodel field injection : vn.insee.jpa.entity.FormEntity_#gifts; expected type :  org.hibernate.metamodel.model.domain.internal.SingularAttributeImpl; encountered type : javax.persistence.metamodel.ListAttribute
2022-02-18 17:17:23.840 ERROR trungnd2 --- [           main] o.h.m.i.MetadataContext                  : HHH015007: Illegal argument on static metamodel field injection : vn.insee.jpa.entity.PromotionEntity_#cityIds; expected type :  org.hibernate.metamodel.model.domain.internal.SingularAttributeImpl; encountered type : javax.persistence.metamodel.ListAttribute
2022-02-18 17:17:23.841 ERROR trungnd2 --- [           main] o.h.m.i.MetadataContext                  : HHH015007: Illegal argument on static metamodel field injection : vn.insee.jpa.entity.PromotionEntity_#districtIds; expected type :  org.hibernate.metamodel.model.domain.internal.SingularAttributeImpl; encountered type : javax.persistence.metamodel.ListAttribute
2022-02-18 17:17:23.841 ERROR trungnd2 --- [           main] o.h.m.i.MetadataContext                  : HHH015007: Illegal argument on static metamodel field injection : vn.insee.jpa.entity.PromotionEntity_#cements; expected type :  org.hibernate.metamodel.model.domain.internal.SingularAttributeImpl; encountered type : javax.persistence.metamodel.ListAttribute
2022-02-18 17:17:23.842 ERROR trungnd2 --- [           main] o.h.m.i.MetadataContext                  : HHH015007: Illegal argument on static metamodel field injection : vn.insee.jpa.entity.PostEntity_#cityIds; expected type :  org.hibernate.metamodel.model.domain.internal.SingularAttributeImpl; encountered type : javax.persistence.metamodel.ListAttribute
2022-02-18 17:17:23.842 ERROR trungnd2 --- [           main] o.h.m.i.MetadataContext                  : HHH015007: Illegal argument on static metamodel field injection : vn.insee.jpa.entity.PostEntity_#districtIds; expected type :  org.hibernate.metamodel.model.domain.internal.SingularAttributeImpl; encountered type : javax.persistence.metamodel.ListAttribute
2022-02-18 17:17:23.849  INFO trungnd2 --- [           main] o.h.e.t.j.p.i.JtaPlatformInitiator       : HHH000490: Using JtaPlatform implementation: [org.hibernate.engine.transaction.jta.platform.internal.NoJtaPlatform]
2022-02-18 17:17:23.859  INFO trungnd2 --- [           main] j.LocalContainerEntityManagerFactoryBean : Initialized JPA EntityManagerFactory for persistence unit 'default'
2022-02-18 17:17:26.499  INFO trungnd2 --- [           main] o.s.s.c.ThreadPoolTaskExecutor           : Initializing ExecutorService 'applicationTaskExecutor'
2022-02-18 17:17:26.804  INFO trungnd2 --- [           main] j.s.t.ScheduledThreadPoolJobRunrExecutor : ThreadManager of type 'ScheduledThreadPool' started
2022-02-18 17:17:26.805  INFO trungnd2 --- [pool-2-thread-1] o.j.s.BackgroundJobServer                : JobRunr BackgroundJobServer (b4ae1831-0968-4d82-b192-516db5c4b432) and 64 BackgroundJobPerformers started successfully
2022-02-18 17:17:26.807  INFO trungnd2 --- [pool-2-thread-1] o.j.s.ServerZooKeeper                    : Server b4ae1831-0968-4d82-b192-516db5c4b432 is master (this BackgroundJobServer)
2022-02-18 17:17:26.869  INFO trungnd2 --- [           main] o.j.d.JobRunrDashboardWebServer          : JobRunr Dashboard started at http://localhost:8000/dashboard
2022-02-18 17:17:27.226  INFO trungnd2 --- [           main] o.s.s.c.ThreadPoolTaskScheduler          : Initializing ExecutorService 'taskScheduler'
2022-02-18 17:17:27.271  INFO trungnd2 --- [           main] o.a.c.h.Http11NioProtocol                : Starting ProtocolHandler ["http-nio-7955"]
2022-02-18 17:17:27.291  INFO trungnd2 --- [           main] o.s.b.w.e.t.TomcatWebServer              : Tomcat started on port(s): 7955 (http) with context path ''
2022-02-18 17:17:27.315  INFO trungnd2 --- [           main] v.i.a.r.Main                             : Started Main in 9.228 seconds (JVM running for 10.929)
2022-02-18 17:17:29.211  INFO trungnd2 --- [nio-7955-exec-1] o.a.c.c.C.[.[.[/]                        : Initializing Spring DispatcherServlet 'dispatcherServlet'
2022-02-18 17:17:29.211  INFO trungnd2 --- [nio-7955-exec-1] o.s.w.s.DispatcherServlet                : Initializing Servlet 'dispatcherServlet'
2022-02-18 17:17:29.212  INFO trungnd2 --- [nio-7955-exec-1] o.s.w.s.DispatcherServlet                : Completed initialization in 1 ms
2022-02-18 17:25:09.229  INFO trungnd2 --- [extShutdownHook] o.s.s.c.ThreadPoolTaskScheduler          : Shutting down ExecutorService 'taskScheduler'
2022-02-18 17:25:09.232  INFO trungnd2 --- [extShutdownHook] o.j.d.JobRunrDashboardWebServer          : JobRunr dashboard stopped
2022-02-18 17:25:09.237  INFO trungnd2 --- [extShutdownHook] o.j.s.BackgroundJobServer                : BackgroundJobServer and BackgroundJobPerformers stopped
2022-02-18 17:25:09.238  INFO trungnd2 --- [extShutdownHook] o.s.s.c.ThreadPoolTaskExecutor           : Shutting down ExecutorService 'applicationTaskExecutor'
2022-02-18 17:25:09.250  INFO trungnd2 --- [extShutdownHook] j.LocalContainerEntityManagerFactoryBean : Closing JPA EntityManagerFactory for persistence unit 'default'
2022-02-18 17:25:09.252  INFO trungnd2 --- [extShutdownHook] c.z.h.HikariDataSource                   : HikariPool-1 - Shutdown initiated...
2022-02-18 17:25:09.277  INFO trungnd2 --- [extShutdownHook] c.z.h.HikariDataSource                   : HikariPool-1 - Shutdown completed.
