2022-01-06 20:44:53.226  INFO trungnd2-System-Product-Name --- [           main] v.i.r.Main                               : Starting Main using Java 11.0.13 on trungnd2-System-Product-Name with PID 10829 (/home/trungnd2/Documents/project/update/insee/RetailerServer/target/classes started by trungnd2 in /home/trungnd2/Documents/project/update/insee)
2022-01-06 20:44:53.236  INFO trungnd2-System-Product-Name --- [           main] v.i.r.Main                               : The following profiles are active: local
2022-01-06 20:44:53.725  INFO trungnd2-System-Product-Name --- [           main] .s.d.r.c.RepositoryConfigurationDelegate : Bootstrapping Spring Data JPA repositories in DEFAULT mode.
2022-01-06 20:44:53.813  INFO trungnd2-System-Product-Name --- [           main] .s.d.r.c.RepositoryConfigurationDelegate : Finished Spring Data repository scanning in 81 ms. Found 16 JPA repository interfaces.
2022-01-06 20:44:54.257  INFO trungnd2-System-Product-Name --- [           main] trationDelegate$BeanPostProcessorChecker : Bean 'org.springframework.hateoas.config.HateoasConfiguration' of type [org.springframework.hateoas.config.HateoasConfiguration] is not eligible for getting processed by all BeanPostProcessors (for example: not eligible for auto-proxying)
2022-01-06 20:44:54.261  INFO trungnd2-System-Product-Name --- [           main] trationDelegate$BeanPostProcessorChecker : Bean 'relProviderPluginRegistry' of type [org.springframework.plugin.core.support.PluginRegistryFactoryBean] is not eligible for getting processed by all BeanPostProcessors (for example: not eligible for auto-proxying)
2022-01-06 20:44:54.267  INFO trungnd2-System-Product-Name --- [           main] trationDelegate$BeanPostProcessorChecker : Bean 'relProviderPluginRegistry' of type [org.springframework.plugin.core.OrderAwarePluginRegistry] is not eligible for getting processed by all BeanPostProcessors (for example: not eligible for auto-proxying)
2022-01-06 20:44:54.270  INFO trungnd2-System-Product-Name --- [           main] trationDelegate$BeanPostProcessorChecker : Bean '_relProvider' of type [org.springframework.hateoas.server.core.DelegatingLinkRelationProvider] is not eligible for getting processed by all BeanPostProcessors (for example: not eligible for auto-proxying)
2022-01-06 20:44:54.275  INFO trungnd2-System-Product-Name --- [           main] trationDelegate$BeanPostProcessorChecker : Bean 'messageResolver' of type [org.springframework.hateoas.mediatype.MessageSourceResolver] is not eligible for getting processed by all BeanPostProcessors (for example: not eligible for auto-proxying)
2022-01-06 20:44:54.276  INFO trungnd2-System-Product-Name --- [           main] trationDelegate$BeanPostProcessorChecker : Bean 'org.springframework.data.web.config.SpringDataJacksonConfiguration' of type [org.springframework.data.web.config.SpringDataJacksonConfiguration] is not eligible for getting processed by all BeanPostProcessors (for example: not eligible for auto-proxying)
2022-01-06 20:44:54.280  INFO trungnd2-System-Product-Name --- [           main] trationDelegate$BeanPostProcessorChecker : Bean 'jacksonGeoModule' of type [org.springframework.data.geo.GeoModule] is not eligible for getting processed by all BeanPostProcessors (for example: not eligible for auto-proxying)
2022-01-06 20:44:54.290  INFO trungnd2-System-Product-Name --- [           main] trationDelegate$BeanPostProcessorChecker : Bean 'org.springframework.boot.autoconfigure.data.rest.RepositoryRestMvcAutoConfiguration' of type [org.springframework.boot.autoconfigure.data.rest.RepositoryRestMvcAutoConfiguration] is not eligible for getting processed by all BeanPostProcessors (for example: not eligible for auto-proxying)
2022-01-06 20:44:54.291  INFO trungnd2-System-Product-Name --- [           main] trationDelegate$BeanPostProcessorChecker : Bean 'org.springframework.boot.autoconfigure.jackson.JacksonAutoConfiguration$JacksonObjectMapperBuilderConfiguration' of type [org.springframework.boot.autoconfigure.jackson.JacksonAutoConfiguration$JacksonObjectMapperBuilderConfiguration] is not eligible for getting processed by all BeanPostProcessors (for example: not eligible for auto-proxying)
2022-01-06 20:44:54.292  INFO trungnd2-System-Product-Name --- [           main] trationDelegate$BeanPostProcessorChecker : Bean 'org.springframework.boot.autoconfigure.jackson.JacksonAutoConfiguration$Jackson2ObjectMapperBuilderCustomizerConfiguration' of type [org.springframework.boot.autoconfigure.jackson.JacksonAutoConfiguration$Jackson2ObjectMapperBuilderCustomizerConfiguration] is not eligible for getting processed by all BeanPostProcessors (for example: not eligible for auto-proxying)
2022-01-06 20:44:54.303  INFO trungnd2-System-Product-Name --- [           main] trationDelegate$BeanPostProcessorChecker : Bean 'spring.jackson-org.springframework.boot.autoconfigure.jackson.JacksonProperties' of type [org.springframework.boot.autoconfigure.jackson.JacksonProperties] is not eligible for getting processed by all BeanPostProcessors (for example: not eligible for auto-proxying)
2022-01-06 20:44:54.304  INFO trungnd2-System-Product-Name --- [           main] trationDelegate$BeanPostProcessorChecker : Bean 'standardJacksonObjectMapperBuilderCustomizer' of type [org.springframework.boot.autoconfigure.jackson.JacksonAutoConfiguration$Jackson2ObjectMapperBuilderCustomizerConfiguration$StandardJackson2ObjectMapperBuilderCustomizer] is not eligible for getting processed by all BeanPostProcessors (for example: not eligible for auto-proxying)
2022-01-06 20:44:54.306  INFO trungnd2-System-Product-Name --- [           main] trationDelegate$BeanPostProcessorChecker : Bean 'org.springframework.boot.autoconfigure.jackson.JacksonAutoConfiguration$ParameterNamesModuleConfiguration' of type [org.springframework.boot.autoconfigure.jackson.JacksonAutoConfiguration$ParameterNamesModuleConfiguration] is not eligible for getting processed by all BeanPostProcessors (for example: not eligible for auto-proxying)
2022-01-06 20:44:54.307  INFO trungnd2-System-Product-Name --- [           main] trationDelegate$BeanPostProcessorChecker : Bean 'parameterNamesModule' of type [com.fasterxml.jackson.module.paramnames.ParameterNamesModule] is not eligible for getting processed by all BeanPostProcessors (for example: not eligible for auto-proxying)
2022-01-06 20:44:54.308  INFO trungnd2-System-Product-Name --- [           main] trationDelegate$BeanPostProcessorChecker : Bean 'org.springframework.boot.autoconfigure.jackson.JacksonAutoConfiguration' of type [org.springframework.boot.autoconfigure.jackson.JacksonAutoConfiguration] is not eligible for getting processed by all BeanPostProcessors (for example: not eligible for auto-proxying)
2022-01-06 20:44:54.313  INFO trungnd2-System-Product-Name --- [           main] trationDelegate$BeanPostProcessorChecker : Bean 'jsonComponentModule' of type [org.springframework.boot.jackson.JsonComponentModule] is not eligible for getting processed by all BeanPostProcessors (for example: not eligible for auto-proxying)
2022-01-06 20:44:54.315  INFO trungnd2-System-Product-Name --- [           main] trationDelegate$BeanPostProcessorChecker : Bean 'jacksonObjectMapperBuilder' of type [org.springframework.http.converter.json.Jackson2ObjectMapperBuilder] is not eligible for getting processed by all BeanPostProcessors (for example: not eligible for auto-proxying)
2022-01-06 20:44:54.321  INFO trungnd2-System-Product-Name --- [           main] trationDelegate$BeanPostProcessorChecker : Bean 'spring.data.rest-org.springframework.boot.autoconfigure.data.rest.RepositoryRestProperties' of type [org.springframework.boot.autoconfigure.data.rest.RepositoryRestProperties] is not eligible for getting processed by all BeanPostProcessors (for example: not eligible for auto-proxying)
2022-01-06 20:44:54.321  INFO trungnd2-System-Product-Name --- [           main] trationDelegate$BeanPostProcessorChecker : Bean 'springBootRepositoryRestConfigurer' of type [org.springframework.boot.autoconfigure.data.rest.SpringBootRepositoryRestConfigurer] is not eligible for getting processed by all BeanPostProcessors (for example: not eligible for auto-proxying)
2022-01-06 20:44:54.322  INFO trungnd2-System-Product-Name --- [           main] trationDelegate$BeanPostProcessorChecker : Bean 'configurerDelegate' of type [org.springframework.data.rest.webmvc.config.RepositoryRestConfigurerDelegate] is not eligible for getting processed by all BeanPostProcessors (for example: not eligible for auto-proxying)
2022-01-06 20:44:54.326  INFO trungnd2-System-Product-Name --- [           main] trationDelegate$BeanPostProcessorChecker : Bean 'org.springframework.boot.autoconfigure.http.HttpMessageConvertersAutoConfiguration$StringHttpMessageConverterConfiguration' of type [org.springframework.boot.autoconfigure.http.HttpMessageConvertersAutoConfiguration$StringHttpMessageConverterConfiguration] is not eligible for getting processed by all BeanPostProcessors (for example: not eligible for auto-proxying)
2022-01-06 20:44:54.330  INFO trungnd2-System-Product-Name --- [           main] trationDelegate$BeanPostProcessorChecker : Bean 'stringHttpMessageConverter' of type [org.springframework.http.converter.StringHttpMessageConverter] is not eligible for getting processed by all BeanPostProcessors (for example: not eligible for auto-proxying)
2022-01-06 20:44:54.331  INFO trungnd2-System-Product-Name --- [           main] trationDelegate$BeanPostProcessorChecker : Bean 'org.springframework.boot.autoconfigure.http.JacksonHttpMessageConvertersConfiguration$MappingJackson2HttpMessageConverterConfiguration' of type [org.springframework.boot.autoconfigure.http.JacksonHttpMessageConvertersConfiguration$MappingJackson2HttpMessageConverterConfiguration] is not eligible for getting processed by all BeanPostProcessors (for example: not eligible for auto-proxying)
2022-01-06 20:44:54.332  INFO trungnd2-System-Product-Name --- [           main] trationDelegate$BeanPostProcessorChecker : Bean 'org.springframework.boot.autoconfigure.jackson.JacksonAutoConfiguration$JacksonObjectMapperConfiguration' of type [org.springframework.boot.autoconfigure.jackson.JacksonAutoConfiguration$JacksonObjectMapperConfiguration] is not eligible for getting processed by all BeanPostProcessors (for example: not eligible for auto-proxying)
2022-01-06 20:44:54.335  INFO trungnd2-System-Product-Name --- [           main] trationDelegate$BeanPostProcessorChecker : Bean 'jacksonObjectMapperBuilder' of type [org.springframework.http.converter.json.Jackson2ObjectMapperBuilder] is not eligible for getting processed by all BeanPostProcessors (for example: not eligible for auto-proxying)
2022-01-06 20:44:54.353  INFO trungnd2-System-Product-Name --- [           main] trationDelegate$BeanPostProcessorChecker : Bean 'jacksonObjectMapper' of type [com.fasterxml.jackson.databind.ObjectMapper] is not eligible for getting processed by all BeanPostProcessors (for example: not eligible for auto-proxying)
2022-01-06 20:44:54.358  INFO trungnd2-System-Product-Name --- [           main] trationDelegate$BeanPostProcessorChecker : Bean 'mappingJackson2HttpMessageConverter' of type [org.springframework.http.converter.json.MappingJackson2HttpMessageConverter] is not eligible for getting processed by all BeanPostProcessors (for example: not eligible for auto-proxying)
2022-01-06 20:44:54.359  INFO trungnd2-System-Product-Name --- [           main] trationDelegate$BeanPostProcessorChecker : Bean 'org.springframework.data.rest.webmvc.config.RepositoryRestMvcConfiguration' of type [org.springframework.data.rest.webmvc.config.RepositoryRestMvcConfiguration] is not eligible for getting processed by all BeanPostProcessors (for example: not eligible for auto-proxying)
2022-01-06 20:44:54.575  INFO trungnd2-System-Product-Name --- [           main] o.s.b.w.e.t.TomcatWebServer              : Tomcat initialized with port(s): 8080 (http)
2022-01-06 20:44:54.583  INFO trungnd2-System-Product-Name --- [           main] o.a.c.h.Http11NioProtocol                : Initializing ProtocolHandler ["http-nio-8080"]
2022-01-06 20:44:54.583  INFO trungnd2-System-Product-Name --- [           main] o.a.c.c.StandardService                  : Starting service [Tomcat]
2022-01-06 20:44:54.584  INFO trungnd2-System-Product-Name --- [           main] o.a.c.c.StandardEngine                   : Starting Servlet engine: [Apache Tomcat/9.0.41]
2022-01-06 20:44:54.672  INFO trungnd2-System-Product-Name --- [           main] o.a.c.c.C.[.[.[/]                        : Initializing Spring embedded WebApplicationContext
2022-01-06 20:44:54.672  INFO trungnd2-System-Product-Name --- [           main] w.s.c.ServletWebServerApplicationContext : Root WebApplicationContext: initialization completed in 1395 ms
2022-01-06 20:44:54.715  WARN trungnd2-System-Product-Name --- [           main] JpaBaseConfiguration$JpaWebConfiguration : spring.jpa.open-in-view is enabled by default. Therefore, database queries may be performed during view rendering. Explicitly configure spring.jpa.open-in-view to disable this warning
2022-01-06 20:44:54.795  INFO trungnd2-System-Product-Name --- [           main] c.z.h.HikariDataSource                   : HikariPool-1 - Starting...
2022-01-06 20:44:55.209  INFO trungnd2-System-Product-Name --- [           main] c.z.h.HikariDataSource                   : HikariPool-1 - Start completed.
2022-01-06 20:44:55.260  INFO trungnd2-System-Product-Name --- [           main] o.h.j.i.u.LogHelper                      : HHH000204: Processing PersistenceUnitInfo [name: default]
2022-01-06 20:44:55.297  INFO trungnd2-System-Product-Name --- [           main] o.h.Version                              : HHH000412: Hibernate ORM core version 5.4.25.Final
2022-01-06 20:44:55.396  INFO trungnd2-System-Product-Name --- [           main] o.h.a.c.Version                          : HCANN000001: Hibernate Commons Annotations {5.1.2.Final}
2022-01-06 20:44:55.481  INFO trungnd2-System-Product-Name --- [           main] o.h.d.Dialect                            : HHH000400: Using dialect: org.hibernate.dialect.PostgreSQL9Dialect
2022-01-06 20:44:55.682  INFO trungnd2-System-Product-Name --- [           main] Hibernate Types                          : is proudly powered by:

>>>>>>>>>>>>>>>>>>>>>>>>>>>>>>>>>>>>>>>>>>>>>>>>>>>>>>>>>>>>>>>>
 _    _                           _     _
| |  | |                         (_)   | |
| |__| |_   _ _ __   ___ _ __ ___ _ ___| |_ ___ _ __   ___ ___
|  __  | | | | '_ \ / _ \ '__/ __| / __| __/ _ \ '_ \ / __/ _ \
| |  | | |_| | |_) |  __/ |  \__ \ \__ \ ||  __/ | | | (_|  __/
|_|  |_|\__, | .__/ \___|_|  |___/_|___/\__\___|_| |_|\___\___|
         __/ | |
        |___/|_|

At Hypersistence, we only build amazing tools, like Hibernate Types, Flexy Pool, or Hypersistence Optimizer.
What if there was a tool that couuld automatically detect JPA and Hibernate performance issues?
Hypersistence Optimizer is that tool!
For more details, go to: 

https://vladmihalcea.com/hypersistence-optimizer/
<<<<<<<<<<<<<<<<<<<<<<<<<<<<<<<<<<<<<<<<<<<<<<<<<<<<<<<<<<<<<<<<

2022-01-06 20:44:56.077 ERROR trungnd2-System-Product-Name --- [           main] o.h.m.i.MetadataContext                  : HHH015007: Illegal argument on static metamodel field injection : vn.insee.jpa.entity.UserEntity_#lstSession; expected type :  org.hibernate.metamodel.model.domain.internal.SingularAttributeImpl; encountered type : javax.persistence.metamodel.ListAttribute
2022-01-06 20:44:56.079 ERROR trungnd2-System-Product-Name --- [           main] o.h.m.i.MetadataContext                  : HHH015007: Illegal argument on static metamodel field injection : vn.insee.jpa.entity.RetailerEntity_#products; expected type :  org.hibernate.metamodel.model.domain.internal.SingularAttributeImpl; encountered type : javax.persistence.metamodel.ListAttribute
2022-01-06 20:44:56.080 ERROR trungnd2-System-Product-Name --- [           main] o.h.m.i.MetadataContext                  : HHH015007: Illegal argument on static metamodel field injection : vn.insee.jpa.entity.SubmitConstructionEntity_#images; expected type :  org.hibernate.metamodel.model.domain.internal.SingularAttributeImpl; encountered type : javax.persistence.metamodel.ListAttribute
2022-01-06 20:44:56.080 ERROR trungnd2-System-Product-Name --- [           main] o.h.m.i.MetadataContext                  : HHH015007: Illegal argument on static metamodel field injection : vn.insee.jpa.entity.PromotionEntity_#location; expected type :  org.hibernate.metamodel.model.domain.internal.SingularAttributeImpl; encountered type : javax.persistence.metamodel.ListAttribute
2022-01-06 20:44:56.080 ERROR trungnd2-System-Product-Name --- [           main] o.h.m.i.MetadataContext                  : HHH015007: Illegal argument on static metamodel field injection : vn.insee.jpa.entity.PromotionEntity_#ruleAcceptedCement; expected type :  org.hibernate.metamodel.model.domain.internal.SingularAttributeImpl; encountered type : javax.persistence.metamodel.ListAttribute
2022-01-06 20:44:56.081 ERROR trungnd2-System-Product-Name --- [           main] o.h.m.i.MetadataContext                  : HHH015007: Illegal argument on static metamodel field injection : vn.insee.jpa.entity.ConstructionEntity_#imageIds; expected type :  org.hibernate.metamodel.model.domain.internal.SingularAttributeImpl; encountered type : javax.persistence.metamodel.ListAttribute
2022-01-06 20:44:56.081 ERROR trungnd2-System-Product-Name --- [           main] o.h.m.i.MetadataContext                  : HHH015007: Illegal argument on static metamodel field injection : vn.insee.jpa.entity.ConstructionEntity_#billIds; expected type :  org.hibernate.metamodel.model.domain.internal.SingularAttributeImpl; encountered type : javax.persistence.metamodel.ListAttribute
2022-01-06 20:44:56.086  INFO trungnd2-System-Product-Name --- [           main] o.h.e.t.j.p.i.JtaPlatformInitiator       : HHH000490: Using JtaPlatform implementation: [org.hibernate.engine.transaction.jta.platform.internal.NoJtaPlatform]
2022-01-06 20:44:56.092  INFO trungnd2-System-Product-Name --- [           main] j.LocalContainerEntityManagerFactoryBean : Initialized JPA EntityManagerFactory for persistence unit 'default'
2022-01-06 20:44:57.175  WARN trungnd2-System-Product-Name --- [           main] ConfigServletWebServerApplicationContext : Exception encountered during context initialization - cancelling refresh attempt: org.springframework.beans.factory.UnsatisfiedDependencyException: Error creating bean with name 'securityConfig': Unsatisfied dependency expressed through field 'unauthenticatedEntryPoint'; nested exception is org.springframework.beans.factory.NoSuchBeanDefinitionException: No qualifying bean of type 'org.springframework.security.web.AuthenticationEntryPoint' available: expected at least 1 bean which qualifies as autowire candidate. Dependency annotations: {@org.springframework.beans.factory.annotation.Autowired(required=true)}
2022-01-06 20:44:57.178  INFO trungnd2-System-Product-Name --- [           main] j.LocalContainerEntityManagerFactoryBean : Closing JPA EntityManagerFactory for persistence unit 'default'
2022-01-06 20:44:57.179  INFO trungnd2-System-Product-Name --- [           main] c.z.h.HikariDataSource                   : HikariPool-1 - Shutdown initiated...
2022-01-06 20:44:57.209  INFO trungnd2-System-Product-Name --- [           main] c.z.h.HikariDataSource                   : HikariPool-1 - Shutdown completed.
2022-01-06 20:44:57.210  INFO trungnd2-System-Product-Name --- [           main] o.a.c.c.StandardService                  : Stopping service [Tomcat]
2022-01-06 20:44:57.220  INFO trungnd2-System-Product-Name --- [           main] ConditionEvaluationReportLoggingListener : 

Error starting ApplicationContext. To display the conditions report re-run your application with 'debug' enabled.
2022-01-06 20:44:57.234 ERROR trungnd2-System-Product-Name --- [           main] o.s.b.d.LoggingFailureAnalysisReporter   : 

***************************
APPLICATION FAILED TO START
***************************

Description:

Field unauthenticatedEntryPoint in vn.insee.retailer.config.SecurityConfig required a bean of type 'org.springframework.security.web.AuthenticationEntryPoint' that could not be found.

The injection point has the following annotations:
	- @org.springframework.beans.factory.annotation.Autowired(required=true)


Action:

Consider defining a bean of type 'org.springframework.security.web.AuthenticationEntryPoint' in your configuration.

2022-01-06 20:47:29.437  INFO trungnd2-System-Product-Name --- [           main] v.i.r.Main                               : Starting Main using Java 11.0.13 on trungnd2-System-Product-Name with PID 11275 (/home/trungnd2/Documents/project/update/insee/RetailerServer/target/classes started by trungnd2 in /home/trungnd2/Documents/project/update/insee)
2022-01-06 20:47:29.444  INFO trungnd2-System-Product-Name --- [           main] v.i.r.Main                               : The following profiles are active: local
2022-01-06 20:47:30.061  INFO trungnd2-System-Product-Name --- [           main] .s.d.r.c.RepositoryConfigurationDelegate : Bootstrapping Spring Data JPA repositories in DEFAULT mode.
2022-01-06 20:47:30.135  INFO trungnd2-System-Product-Name --- [           main] .s.d.r.c.RepositoryConfigurationDelegate : Finished Spring Data repository scanning in 68 ms. Found 16 JPA repository interfaces.
2022-01-06 20:47:30.544  INFO trungnd2-System-Product-Name --- [           main] trationDelegate$BeanPostProcessorChecker : Bean 'org.springframework.hateoas.config.HateoasConfiguration' of type [org.springframework.hateoas.config.HateoasConfiguration] is not eligible for getting processed by all BeanPostProcessors (for example: not eligible for auto-proxying)
2022-01-06 20:47:30.547  INFO trungnd2-System-Product-Name --- [           main] trationDelegate$BeanPostProcessorChecker : Bean 'relProviderPluginRegistry' of type [org.springframework.plugin.core.support.PluginRegistryFactoryBean] is not eligible for getting processed by all BeanPostProcessors (for example: not eligible for auto-proxying)
2022-01-06 20:47:30.551  INFO trungnd2-System-Product-Name --- [           main] trationDelegate$BeanPostProcessorChecker : Bean 'relProviderPluginRegistry' of type [org.springframework.plugin.core.OrderAwarePluginRegistry] is not eligible for getting processed by all BeanPostProcessors (for example: not eligible for auto-proxying)
2022-01-06 20:47:30.554  INFO trungnd2-System-Product-Name --- [           main] trationDelegate$BeanPostProcessorChecker : Bean '_relProvider' of type [org.springframework.hateoas.server.core.DelegatingLinkRelationProvider] is not eligible for getting processed by all BeanPostProcessors (for example: not eligible for auto-proxying)
2022-01-06 20:47:30.559  INFO trungnd2-System-Product-Name --- [           main] trationDelegate$BeanPostProcessorChecker : Bean 'messageResolver' of type [org.springframework.hateoas.mediatype.MessageSourceResolver] is not eligible for getting processed by all BeanPostProcessors (for example: not eligible for auto-proxying)
2022-01-06 20:47:30.560  INFO trungnd2-System-Product-Name --- [           main] trationDelegate$BeanPostProcessorChecker : Bean 'org.springframework.data.web.config.SpringDataJacksonConfiguration' of type [org.springframework.data.web.config.SpringDataJacksonConfiguration] is not eligible for getting processed by all BeanPostProcessors (for example: not eligible for auto-proxying)
2022-01-06 20:47:30.563  INFO trungnd2-System-Product-Name --- [           main] trationDelegate$BeanPostProcessorChecker : Bean 'jacksonGeoModule' of type [org.springframework.data.geo.GeoModule] is not eligible for getting processed by all BeanPostProcessors (for example: not eligible for auto-proxying)
2022-01-06 20:47:30.572  INFO trungnd2-System-Product-Name --- [           main] trationDelegate$BeanPostProcessorChecker : Bean 'org.springframework.boot.autoconfigure.data.rest.RepositoryRestMvcAutoConfiguration' of type [org.springframework.boot.autoconfigure.data.rest.RepositoryRestMvcAutoConfiguration] is not eligible for getting processed by all BeanPostProcessors (for example: not eligible for auto-proxying)
2022-01-06 20:47:30.574  INFO trungnd2-System-Product-Name --- [           main] trationDelegate$BeanPostProcessorChecker : Bean 'org.springframework.boot.autoconfigure.jackson.JacksonAutoConfiguration$JacksonObjectMapperBuilderConfiguration' of type [org.springframework.boot.autoconfigure.jackson.JacksonAutoConfiguration$JacksonObjectMapperBuilderConfiguration] is not eligible for getting processed by all BeanPostProcessors (for example: not eligible for auto-proxying)
2022-01-06 20:47:30.576  INFO trungnd2-System-Product-Name --- [           main] trationDelegate$BeanPostProcessorChecker : Bean 'org.springframework.boot.autoconfigure.jackson.JacksonAutoConfiguration$Jackson2ObjectMapperBuilderCustomizerConfiguration' of type [org.springframework.boot.autoconfigure.jackson.JacksonAutoConfiguration$Jackson2ObjectMapperBuilderCustomizerConfiguration] is not eligible for getting processed by all BeanPostProcessors (for example: not eligible for auto-proxying)
2022-01-06 20:47:30.589  INFO trungnd2-System-Product-Name --- [           main] trationDelegate$BeanPostProcessorChecker : Bean 'spring.jackson-org.springframework.boot.autoconfigure.jackson.JacksonProperties' of type [org.springframework.boot.autoconfigure.jackson.JacksonProperties] is not eligible for getting processed by all BeanPostProcessors (for example: not eligible for auto-proxying)
2022-01-06 20:47:30.590  INFO trungnd2-System-Product-Name --- [           main] trationDelegate$BeanPostProcessorChecker : Bean 'standardJacksonObjectMapperBuilderCustomizer' of type [org.springframework.boot.autoconfigure.jackson.JacksonAutoConfiguration$Jackson2ObjectMapperBuilderCustomizerConfiguration$StandardJackson2ObjectMapperBuilderCustomizer] is not eligible for getting processed by all BeanPostProcessors (for example: not eligible for auto-proxying)
2022-01-06 20:47:30.592  INFO trungnd2-System-Product-Name --- [           main] trationDelegate$BeanPostProcessorChecker : Bean 'org.springframework.boot.autoconfigure.jackson.JacksonAutoConfiguration$ParameterNamesModuleConfiguration' of type [org.springframework.boot.autoconfigure.jackson.JacksonAutoConfiguration$ParameterNamesModuleConfiguration] is not eligible for getting processed by all BeanPostProcessors (for example: not eligible for auto-proxying)
2022-01-06 20:47:30.594  INFO trungnd2-System-Product-Name --- [           main] trationDelegate$BeanPostProcessorChecker : Bean 'parameterNamesModule' of type [com.fasterxml.jackson.module.paramnames.ParameterNamesModule] is not eligible for getting processed by all BeanPostProcessors (for example: not eligible for auto-proxying)
2022-01-06 20:47:30.595  INFO trungnd2-System-Product-Name --- [           main] trationDelegate$BeanPostProcessorChecker : Bean 'org.springframework.boot.autoconfigure.jackson.JacksonAutoConfiguration' of type [org.springframework.boot.autoconfigure.jackson.JacksonAutoConfiguration] is not eligible for getting processed by all BeanPostProcessors (for example: not eligible for auto-proxying)
2022-01-06 20:47:30.601  INFO trungnd2-System-Product-Name --- [           main] trationDelegate$BeanPostProcessorChecker : Bean 'jsonComponentModule' of type [org.springframework.boot.jackson.JsonComponentModule] is not eligible for getting processed by all BeanPostProcessors (for example: not eligible for auto-proxying)
2022-01-06 20:47:30.603  INFO trungnd2-System-Product-Name --- [           main] trationDelegate$BeanPostProcessorChecker : Bean 'jacksonObjectMapperBuilder' of type [org.springframework.http.converter.json.Jackson2ObjectMapperBuilder] is not eligible for getting processed by all BeanPostProcessors (for example: not eligible for auto-proxying)
2022-01-06 20:47:30.610  INFO trungnd2-System-Product-Name --- [           main] trationDelegate$BeanPostProcessorChecker : Bean 'spring.data.rest-org.springframework.boot.autoconfigure.data.rest.RepositoryRestProperties' of type [org.springframework.boot.autoconfigure.data.rest.RepositoryRestProperties] is not eligible for getting processed by all BeanPostProcessors (for example: not eligible for auto-proxying)
2022-01-06 20:47:30.610  INFO trungnd2-System-Product-Name --- [           main] trationDelegate$BeanPostProcessorChecker : Bean 'springBootRepositoryRestConfigurer' of type [org.springframework.boot.autoconfigure.data.rest.SpringBootRepositoryRestConfigurer] is not eligible for getting processed by all BeanPostProcessors (for example: not eligible for auto-proxying)
2022-01-06 20:47:30.611  INFO trungnd2-System-Product-Name --- [           main] trationDelegate$BeanPostProcessorChecker : Bean 'configurerDelegate' of type [org.springframework.data.rest.webmvc.config.RepositoryRestConfigurerDelegate] is not eligible for getting processed by all BeanPostProcessors (for example: not eligible for auto-proxying)
2022-01-06 20:47:30.616  INFO trungnd2-System-Product-Name --- [           main] trationDelegate$BeanPostProcessorChecker : Bean 'org.springframework.boot.autoconfigure.http.HttpMessageConvertersAutoConfiguration$StringHttpMessageConverterConfiguration' of type [org.springframework.boot.autoconfigure.http.HttpMessageConvertersAutoConfiguration$StringHttpMessageConverterConfiguration] is not eligible for getting processed by all BeanPostProcessors (for example: not eligible for auto-proxying)
2022-01-06 20:47:30.621  INFO trungnd2-System-Product-Name --- [           main] trationDelegate$BeanPostProcessorChecker : Bean 'stringHttpMessageConverter' of type [org.springframework.http.converter.StringHttpMessageConverter] is not eligible for getting processed by all BeanPostProcessors (for example: not eligible for auto-proxying)
2022-01-06 20:47:30.623  INFO trungnd2-System-Product-Name --- [           main] trationDelegate$BeanPostProcessorChecker : Bean 'org.springframework.boot.autoconfigure.http.JacksonHttpMessageConvertersConfiguration$MappingJackson2HttpMessageConverterConfiguration' of type [org.springframework.boot.autoconfigure.http.JacksonHttpMessageConvertersConfiguration$MappingJackson2HttpMessageConverterConfiguration] is not eligible for getting processed by all BeanPostProcessors (for example: not eligible for auto-proxying)
2022-01-06 20:47:30.624  INFO trungnd2-System-Product-Name --- [           main] trationDelegate$BeanPostProcessorChecker : Bean 'org.springframework.boot.autoconfigure.jackson.JacksonAutoConfiguration$JacksonObjectMapperConfiguration' of type [org.springframework.boot.autoconfigure.jackson.JacksonAutoConfiguration$JacksonObjectMapperConfiguration] is not eligible for getting processed by all BeanPostProcessors (for example: not eligible for auto-proxying)
2022-01-06 20:47:30.627  INFO trungnd2-System-Product-Name --- [           main] trationDelegate$BeanPostProcessorChecker : Bean 'jacksonObjectMapperBuilder' of type [org.springframework.http.converter.json.Jackson2ObjectMapperBuilder] is not eligible for getting processed by all BeanPostProcessors (for example: not eligible for auto-proxying)
2022-01-06 20:47:30.635  INFO trungnd2-System-Product-Name --- [           main] trationDelegate$BeanPostProcessorChecker : Bean 'jacksonObjectMapper' of type [com.fasterxml.jackson.databind.ObjectMapper] is not eligible for getting processed by all BeanPostProcessors (for example: not eligible for auto-proxying)
2022-01-06 20:47:30.640  INFO trungnd2-System-Product-Name --- [           main] trationDelegate$BeanPostProcessorChecker : Bean 'mappingJackson2HttpMessageConverter' of type [org.springframework.http.converter.json.MappingJackson2HttpMessageConverter] is not eligible for getting processed by all BeanPostProcessors (for example: not eligible for auto-proxying)
2022-01-06 20:47:30.641  INFO trungnd2-System-Product-Name --- [           main] trationDelegate$BeanPostProcessorChecker : Bean 'org.springframework.data.rest.webmvc.config.RepositoryRestMvcConfiguration' of type [org.springframework.data.rest.webmvc.config.RepositoryRestMvcConfiguration] is not eligible for getting processed by all BeanPostProcessors (for example: not eligible for auto-proxying)
2022-01-06 20:47:30.841  INFO trungnd2-System-Product-Name --- [           main] o.s.b.w.e.t.TomcatWebServer              : Tomcat initialized with port(s): 8080 (http)
2022-01-06 20:47:30.851  INFO trungnd2-System-Product-Name --- [           main] o.a.c.h.Http11NioProtocol                : Initializing ProtocolHandler ["http-nio-8080"]
2022-01-06 20:47:30.851  INFO trungnd2-System-Product-Name --- [           main] o.a.c.c.StandardService                  : Starting service [Tomcat]
2022-01-06 20:47:30.851  INFO trungnd2-System-Product-Name --- [           main] o.a.c.c.StandardEngine                   : Starting Servlet engine: [Apache Tomcat/9.0.41]
2022-01-06 20:47:30.935  INFO trungnd2-System-Product-Name --- [           main] o.a.c.c.C.[.[.[/]                        : Initializing Spring embedded WebApplicationContext
2022-01-06 20:47:30.936  INFO trungnd2-System-Product-Name --- [           main] w.s.c.ServletWebServerApplicationContext : Root WebApplicationContext: initialization completed in 1456 ms
2022-01-06 20:47:30.987  WARN trungnd2-System-Product-Name --- [           main] JpaBaseConfiguration$JpaWebConfiguration : spring.jpa.open-in-view is enabled by default. Therefore, database queries may be performed during view rendering. Explicitly configure spring.jpa.open-in-view to disable this warning
2022-01-06 20:47:31.070  INFO trungnd2-System-Product-Name --- [           main] c.z.h.HikariDataSource                   : HikariPool-1 - Starting...
2022-01-06 20:47:31.276  INFO trungnd2-System-Product-Name --- [           main] c.z.h.HikariDataSource                   : HikariPool-1 - Start completed.
2022-01-06 20:47:31.321  INFO trungnd2-System-Product-Name --- [           main] o.h.j.i.u.LogHelper                      : HHH000204: Processing PersistenceUnitInfo [name: default]
2022-01-06 20:47:31.361  INFO trungnd2-System-Product-Name --- [           main] o.h.Version                              : HHH000412: Hibernate ORM core version 5.4.25.Final
2022-01-06 20:47:31.458  INFO trungnd2-System-Product-Name --- [           main] o.h.a.c.Version                          : HCANN000001: Hibernate Commons Annotations {5.1.2.Final}
2022-01-06 20:47:31.542  INFO trungnd2-System-Product-Name --- [           main] o.h.d.Dialect                            : HHH000400: Using dialect: org.hibernate.dialect.PostgreSQL9Dialect
2022-01-06 20:47:31.763  INFO trungnd2-System-Product-Name --- [           main] Hibernate Types                          : is proudly powered by:

>>>>>>>>>>>>>>>>>>>>>>>>>>>>>>>>>>>>>>>>>>>>>>>>>>>>>>>>>>>>>>>>
 _    _                           _     _
| |  | |                         (_)   | |
| |__| |_   _ _ __   ___ _ __ ___ _ ___| |_ ___ _ __   ___ ___
|  __  | | | | '_ \ / _ \ '__/ __| / __| __/ _ \ '_ \ / __/ _ \
| |  | | |_| | |_) |  __/ |  \__ \ \__ \ ||  __/ | | | (_|  __/
|_|  |_|\__, | .__/ \___|_|  |___/_|___/\__\___|_| |_|\___\___|
         __/ | |
        |___/|_|

At Hypersistence, we only build amazing tools, like Hibernate Types, Flexy Pool, or Hypersistence Optimizer.
What if there was a tool that couuld automatically detect JPA and Hibernate performance issues?
Hypersistence Optimizer is that tool!
For more details, go to: 

https://vladmihalcea.com/hypersistence-optimizer/
<<<<<<<<<<<<<<<<<<<<<<<<<<<<<<<<<<<<<<<<<<<<<<<<<<<<<<<<<<<<<<<<

2022-01-06 20:47:32.157 ERROR trungnd2-System-Product-Name --- [           main] o.h.m.i.MetadataContext                  : HHH015007: Illegal argument on static metamodel field injection : vn.insee.jpa.entity.UserEntity_#lstSession; expected type :  org.hibernate.metamodel.model.domain.internal.SingularAttributeImpl; encountered type : javax.persistence.metamodel.ListAttribute
2022-01-06 20:47:32.158 ERROR trungnd2-System-Product-Name --- [           main] o.h.m.i.MetadataContext                  : HHH015007: Illegal argument on static metamodel field injection : vn.insee.jpa.entity.RetailerEntity_#products; expected type :  org.hibernate.metamodel.model.domain.internal.SingularAttributeImpl; encountered type : javax.persistence.metamodel.ListAttribute
2022-01-06 20:47:32.158 ERROR trungnd2-System-Product-Name --- [           main] o.h.m.i.MetadataContext                  : HHH015007: Illegal argument on static metamodel field injection : vn.insee.jpa.entity.SubmitConstructionEntity_#images; expected type :  org.hibernate.metamodel.model.domain.internal.SingularAttributeImpl; encountered type : javax.persistence.metamodel.ListAttribute
2022-01-06 20:47:32.159 ERROR trungnd2-System-Product-Name --- [           main] o.h.m.i.MetadataContext                  : HHH015007: Illegal argument on static metamodel field injection : vn.insee.jpa.entity.PromotionEntity_#ruleAcceptedCement; expected type :  org.hibernate.metamodel.model.domain.internal.SingularAttributeImpl; encountered type : javax.persistence.metamodel.ListAttribute
2022-01-06 20:47:32.159 ERROR trungnd2-System-Product-Name --- [           main] o.h.m.i.MetadataContext                  : HHH015007: Illegal argument on static metamodel field injection : vn.insee.jpa.entity.PromotionEntity_#location; expected type :  org.hibernate.metamodel.model.domain.internal.SingularAttributeImpl; encountered type : javax.persistence.metamodel.ListAttribute
2022-01-06 20:47:32.160 ERROR trungnd2-System-Product-Name --- [           main] o.h.m.i.MetadataContext                  : HHH015007: Illegal argument on static metamodel field injection : vn.insee.jpa.entity.ConstructionEntity_#imageIds; expected type :  org.hibernate.metamodel.model.domain.internal.SingularAttributeImpl; encountered type : javax.persistence.metamodel.ListAttribute
2022-01-06 20:47:32.160 ERROR trungnd2-System-Product-Name --- [           main] o.h.m.i.MetadataContext                  : HHH015007: Illegal argument on static metamodel field injection : vn.insee.jpa.entity.ConstructionEntity_#billIds; expected type :  org.hibernate.metamodel.model.domain.internal.SingularAttributeImpl; encountered type : javax.persistence.metamodel.ListAttribute
2022-01-06 20:47:32.164  INFO trungnd2-System-Product-Name --- [           main] o.h.e.t.j.p.i.JtaPlatformInitiator       : HHH000490: Using JtaPlatform implementation: [org.hibernate.engine.transaction.jta.platform.internal.NoJtaPlatform]
2022-01-06 20:47:32.170  INFO trungnd2-System-Product-Name --- [           main] j.LocalContainerEntityManagerFactoryBean : Initialized JPA EntityManagerFactory for persistence unit 'default'
2022-01-06 20:47:33.430  WARN trungnd2-System-Product-Name --- [           main] ConfigServletWebServerApplicationContext : Exception encountered during context initialization - cancelling refresh attempt: org.springframework.beans.factory.UnsatisfiedDependencyException: Error creating bean with name 'securityConfig': Unsatisfied dependency expressed through field 'unauthenticatedEntryPoint'; nested exception is org.springframework.beans.factory.NoSuchBeanDefinitionException: No qualifying bean of type 'org.springframework.security.web.AuthenticationEntryPoint' available: expected at least 1 bean which qualifies as autowire candidate. Dependency annotations: {@org.springframework.beans.factory.annotation.Autowired(required=true)}
2022-01-06 20:47:33.433  INFO trungnd2-System-Product-Name --- [           main] j.LocalContainerEntityManagerFactoryBean : Closing JPA EntityManagerFactory for persistence unit 'default'
2022-01-06 20:47:33.434  INFO trungnd2-System-Product-Name --- [           main] c.z.h.HikariDataSource                   : HikariPool-1 - Shutdown initiated...
2022-01-06 20:47:33.443  INFO trungnd2-System-Product-Name --- [           main] c.z.h.HikariDataSource                   : HikariPool-1 - Shutdown completed.
2022-01-06 20:47:33.445  INFO trungnd2-System-Product-Name --- [           main] o.a.c.c.StandardService                  : Stopping service [Tomcat]
2022-01-06 20:47:33.452  INFO trungnd2-System-Product-Name --- [           main] ConditionEvaluationReportLoggingListener : 

Error starting ApplicationContext. To display the conditions report re-run your application with 'debug' enabled.
2022-01-06 20:47:33.464 ERROR trungnd2-System-Product-Name --- [           main] o.s.b.d.LoggingFailureAnalysisReporter   : 

***************************
APPLICATION FAILED TO START
***************************

Description:

Field unauthenticatedEntryPoint in vn.insee.retailer.config.SecurityConfig required a bean of type 'org.springframework.security.web.AuthenticationEntryPoint' that could not be found.

The injection point has the following annotations:
	- @org.springframework.beans.factory.annotation.Autowired(required=true)


Action:

Consider defining a bean of type 'org.springframework.security.web.AuthenticationEntryPoint' in your configuration.

2022-01-06 20:51:25.622  INFO trungnd2-System-Product-Name --- [           main] v.i.r.Main                               : Starting Main using Java 11.0.13 on trungnd2-System-Product-Name with PID 11667 (/home/trungnd2/Documents/project/update/insee/RetailerServer/target/classes started by trungnd2 in /home/trungnd2/Documents/project/update/insee)
2022-01-06 20:51:25.633  INFO trungnd2-System-Product-Name --- [           main] v.i.r.Main                               : The following profiles are active: local
2022-01-06 20:51:26.056  INFO trungnd2-System-Product-Name --- [           main] .s.d.r.c.RepositoryConfigurationDelegate : Bootstrapping Spring Data JPA repositories in DEFAULT mode.
2022-01-06 20:51:26.122  INFO trungnd2-System-Product-Name --- [           main] .s.d.r.c.RepositoryConfigurationDelegate : Finished Spring Data repository scanning in 60 ms. Found 16 JPA repository interfaces.
2022-01-06 20:51:26.503  INFO trungnd2-System-Product-Name --- [           main] trationDelegate$BeanPostProcessorChecker : Bean 'org.springframework.hateoas.config.HateoasConfiguration' of type [org.springframework.hateoas.config.HateoasConfiguration] is not eligible for getting processed by all BeanPostProcessors (for example: not eligible for auto-proxying)
2022-01-06 20:51:26.506  INFO trungnd2-System-Product-Name --- [           main] trationDelegate$BeanPostProcessorChecker : Bean 'relProviderPluginRegistry' of type [org.springframework.plugin.core.support.PluginRegistryFactoryBean] is not eligible for getting processed by all BeanPostProcessors (for example: not eligible for auto-proxying)
2022-01-06 20:51:26.511  INFO trungnd2-System-Product-Name --- [           main] trationDelegate$BeanPostProcessorChecker : Bean 'relProviderPluginRegistry' of type [org.springframework.plugin.core.OrderAwarePluginRegistry] is not eligible for getting processed by all BeanPostProcessors (for example: not eligible for auto-proxying)
2022-01-06 20:51:26.514  INFO trungnd2-System-Product-Name --- [           main] trationDelegate$BeanPostProcessorChecker : Bean '_relProvider' of type [org.springframework.hateoas.server.core.DelegatingLinkRelationProvider] is not eligible for getting processed by all BeanPostProcessors (for example: not eligible for auto-proxying)
2022-01-06 20:51:26.518  INFO trungnd2-System-Product-Name --- [           main] trationDelegate$BeanPostProcessorChecker : Bean 'messageResolver' of type [org.springframework.hateoas.mediatype.MessageSourceResolver] is not eligible for getting processed by all BeanPostProcessors (for example: not eligible for auto-proxying)
2022-01-06 20:51:26.519  INFO trungnd2-System-Product-Name --- [           main] trationDelegate$BeanPostProcessorChecker : Bean 'org.springframework.data.web.config.SpringDataJacksonConfiguration' of type [org.springframework.data.web.config.SpringDataJacksonConfiguration] is not eligible for getting processed by all BeanPostProcessors (for example: not eligible for auto-proxying)
2022-01-06 20:51:26.522  INFO trungnd2-System-Product-Name --- [           main] trationDelegate$BeanPostProcessorChecker : Bean 'jacksonGeoModule' of type [org.springframework.data.geo.GeoModule] is not eligible for getting processed by all BeanPostProcessors (for example: not eligible for auto-proxying)
2022-01-06 20:51:26.531  INFO trungnd2-System-Product-Name --- [           main] trationDelegate$BeanPostProcessorChecker : Bean 'org.springframework.boot.autoconfigure.data.rest.RepositoryRestMvcAutoConfiguration' of type [org.springframework.boot.autoconfigure.data.rest.RepositoryRestMvcAutoConfiguration] is not eligible for getting processed by all BeanPostProcessors (for example: not eligible for auto-proxying)
2022-01-06 20:51:26.533  INFO trungnd2-System-Product-Name --- [           main] trationDelegate$BeanPostProcessorChecker : Bean 'org.springframework.boot.autoconfigure.jackson.JacksonAutoConfiguration$JacksonObjectMapperBuilderConfiguration' of type [org.springframework.boot.autoconfigure.jackson.JacksonAutoConfiguration$JacksonObjectMapperBuilderConfiguration] is not eligible for getting processed by all BeanPostProcessors (for example: not eligible for auto-proxying)
2022-01-06 20:51:26.534  INFO trungnd2-System-Product-Name --- [           main] trationDelegate$BeanPostProcessorChecker : Bean 'org.springframework.boot.autoconfigure.jackson.JacksonAutoConfiguration$Jackson2ObjectMapperBuilderCustomizerConfiguration' of type [org.springframework.boot.autoconfigure.jackson.JacksonAutoConfiguration$Jackson2ObjectMapperBuilderCustomizerConfiguration] is not eligible for getting processed by all BeanPostProcessors (for example: not eligible for auto-proxying)
2022-01-06 20:51:26.544  INFO trungnd2-System-Product-Name --- [           main] trationDelegate$BeanPostProcessorChecker : Bean 'spring.jackson-org.springframework.boot.autoconfigure.jackson.JacksonProperties' of type [org.springframework.boot.autoconfigure.jackson.JacksonProperties] is not eligible for getting processed by all BeanPostProcessors (for example: not eligible for auto-proxying)
2022-01-06 20:51:26.545  INFO trungnd2-System-Product-Name --- [           main] trationDelegate$BeanPostProcessorChecker : Bean 'standardJacksonObjectMapperBuilderCustomizer' of type [org.springframework.boot.autoconfigure.jackson.JacksonAutoConfiguration$Jackson2ObjectMapperBuilderCustomizerConfiguration$StandardJackson2ObjectMapperBuilderCustomizer] is not eligible for getting processed by all BeanPostProcessors (for example: not eligible for auto-proxying)
2022-01-06 20:51:26.547  INFO trungnd2-System-Product-Name --- [           main] trationDelegate$BeanPostProcessorChecker : Bean 'org.springframework.boot.autoconfigure.jackson.JacksonAutoConfiguration$ParameterNamesModuleConfiguration' of type [org.springframework.boot.autoconfigure.jackson.JacksonAutoConfiguration$ParameterNamesModuleConfiguration] is not eligible for getting processed by all BeanPostProcessors (for example: not eligible for auto-proxying)
2022-01-06 20:51:26.548  INFO trungnd2-System-Product-Name --- [           main] trationDelegate$BeanPostProcessorChecker : Bean 'parameterNamesModule' of type [com.fasterxml.jackson.module.paramnames.ParameterNamesModule] is not eligible for getting processed by all BeanPostProcessors (for example: not eligible for auto-proxying)
2022-01-06 20:51:26.549  INFO trungnd2-System-Product-Name --- [           main] trationDelegate$BeanPostProcessorChecker : Bean 'org.springframework.boot.autoconfigure.jackson.JacksonAutoConfiguration' of type [org.springframework.boot.autoconfigure.jackson.JacksonAutoConfiguration] is not eligible for getting processed by all BeanPostProcessors (for example: not eligible for auto-proxying)
2022-01-06 20:51:26.554  INFO trungnd2-System-Product-Name --- [           main] trationDelegate$BeanPostProcessorChecker : Bean 'jsonComponentModule' of type [org.springframework.boot.jackson.JsonComponentModule] is not eligible for getting processed by all BeanPostProcessors (for example: not eligible for auto-proxying)
2022-01-06 20:51:26.555  INFO trungnd2-System-Product-Name --- [           main] trationDelegate$BeanPostProcessorChecker : Bean 'jacksonObjectMapperBuilder' of type [org.springframework.http.converter.json.Jackson2ObjectMapperBuilder] is not eligible for getting processed by all BeanPostProcessors (for example: not eligible for auto-proxying)
2022-01-06 20:51:26.560  INFO trungnd2-System-Product-Name --- [           main] trationDelegate$BeanPostProcessorChecker : Bean 'spring.data.rest-org.springframework.boot.autoconfigure.data.rest.RepositoryRestProperties' of type [org.springframework.boot.autoconfigure.data.rest.RepositoryRestProperties] is not eligible for getting processed by all BeanPostProcessors (for example: not eligible for auto-proxying)
2022-01-06 20:51:26.561  INFO trungnd2-System-Product-Name --- [           main] trationDelegate$BeanPostProcessorChecker : Bean 'springBootRepositoryRestConfigurer' of type [org.springframework.boot.autoconfigure.data.rest.SpringBootRepositoryRestConfigurer] is not eligible for getting processed by all BeanPostProcessors (for example: not eligible for auto-proxying)
2022-01-06 20:51:26.562  INFO trungnd2-System-Product-Name --- [           main] trationDelegate$BeanPostProcessorChecker : Bean 'configurerDelegate' of type [org.springframework.data.rest.webmvc.config.RepositoryRestConfigurerDelegate] is not eligible for getting processed by all BeanPostProcessors (for example: not eligible for auto-proxying)
2022-01-06 20:51:26.566  INFO trungnd2-System-Product-Name --- [           main] trationDelegate$BeanPostProcessorChecker : Bean 'org.springframework.boot.autoconfigure.http.HttpMessageConvertersAutoConfiguration$StringHttpMessageConverterConfiguration' of type [org.springframework.boot.autoconfigure.http.HttpMessageConvertersAutoConfiguration$StringHttpMessageConverterConfiguration] is not eligible for getting processed by all BeanPostProcessors (for example: not eligible for auto-proxying)
2022-01-06 20:51:26.570  INFO trungnd2-System-Product-Name --- [           main] trationDelegate$BeanPostProcessorChecker : Bean 'stringHttpMessageConverter' of type [org.springframework.http.converter.StringHttpMessageConverter] is not eligible for getting processed by all BeanPostProcessors (for example: not eligible for auto-proxying)
2022-01-06 20:51:26.571  INFO trungnd2-System-Product-Name --- [           main] trationDelegate$BeanPostProcessorChecker : Bean 'org.springframework.boot.autoconfigure.http.JacksonHttpMessageConvertersConfiguration$MappingJackson2HttpMessageConverterConfiguration' of type [org.springframework.boot.autoconfigure.http.JacksonHttpMessageConvertersConfiguration$MappingJackson2HttpMessageConverterConfiguration] is not eligible for getting processed by all BeanPostProcessors (for example: not eligible for auto-proxying)
2022-01-06 20:51:26.572  INFO trungnd2-System-Product-Name --- [           main] trationDelegate$BeanPostProcessorChecker : Bean 'org.springframework.boot.autoconfigure.jackson.JacksonAutoConfiguration$JacksonObjectMapperConfiguration' of type [org.springframework.boot.autoconfigure.jackson.JacksonAutoConfiguration$JacksonObjectMapperConfiguration] is not eligible for getting processed by all BeanPostProcessors (for example: not eligible for auto-proxying)
2022-01-06 20:51:26.575  INFO trungnd2-System-Product-Name --- [           main] trationDelegate$BeanPostProcessorChecker : Bean 'jacksonObjectMapperBuilder' of type [org.springframework.http.converter.json.Jackson2ObjectMapperBuilder] is not eligible for getting processed by all BeanPostProcessors (for example: not eligible for auto-proxying)
2022-01-06 20:51:26.583  INFO trungnd2-System-Product-Name --- [           main] trationDelegate$BeanPostProcessorChecker : Bean 'jacksonObjectMapper' of type [com.fasterxml.jackson.databind.ObjectMapper] is not eligible for getting processed by all BeanPostProcessors (for example: not eligible for auto-proxying)
2022-01-06 20:51:26.587  INFO trungnd2-System-Product-Name --- [           main] trationDelegate$BeanPostProcessorChecker : Bean 'mappingJackson2HttpMessageConverter' of type [org.springframework.http.converter.json.MappingJackson2HttpMessageConverter] is not eligible for getting processed by all BeanPostProcessors (for example: not eligible for auto-proxying)
2022-01-06 20:51:26.588  INFO trungnd2-System-Product-Name --- [           main] trationDelegate$BeanPostProcessorChecker : Bean 'org.springframework.data.rest.webmvc.config.RepositoryRestMvcConfiguration' of type [org.springframework.data.rest.webmvc.config.RepositoryRestMvcConfiguration] is not eligible for getting processed by all BeanPostProcessors (for example: not eligible for auto-proxying)
2022-01-06 20:51:26.796  INFO trungnd2-System-Product-Name --- [           main] o.s.b.w.e.t.TomcatWebServer              : Tomcat initialized with port(s): 8080 (http)
2022-01-06 20:51:26.803  INFO trungnd2-System-Product-Name --- [           main] o.a.c.h.Http11NioProtocol                : Initializing ProtocolHandler ["http-nio-8080"]
2022-01-06 20:51:26.804  INFO trungnd2-System-Product-Name --- [           main] o.a.c.c.StandardService                  : Starting service [Tomcat]
2022-01-06 20:51:26.804  INFO trungnd2-System-Product-Name --- [           main] o.a.c.c.StandardEngine                   : Starting Servlet engine: [Apache Tomcat/9.0.41]
2022-01-06 20:51:26.878  INFO trungnd2-System-Product-Name --- [           main] o.a.c.c.C.[.[.[/]                        : Initializing Spring embedded WebApplicationContext
2022-01-06 20:51:26.878  INFO trungnd2-System-Product-Name --- [           main] w.s.c.ServletWebServerApplicationContext : Root WebApplicationContext: initialization completed in 1206 ms
2022-01-06 20:51:26.925  WARN trungnd2-System-Product-Name --- [           main] JpaBaseConfiguration$JpaWebConfiguration : spring.jpa.open-in-view is enabled by default. Therefore, database queries may be performed during view rendering. Explicitly configure spring.jpa.open-in-view to disable this warning
2022-01-06 20:51:27.034  INFO trungnd2-System-Product-Name --- [           main] c.z.h.HikariDataSource                   : HikariPool-1 - Starting...
2022-01-06 20:51:27.265  INFO trungnd2-System-Product-Name --- [           main] c.z.h.HikariDataSource                   : HikariPool-1 - Start completed.
2022-01-06 20:51:27.315  INFO trungnd2-System-Product-Name --- [           main] o.h.j.i.u.LogHelper                      : HHH000204: Processing PersistenceUnitInfo [name: default]
2022-01-06 20:51:27.353  INFO trungnd2-System-Product-Name --- [           main] o.h.Version                              : HHH000412: Hibernate ORM core version 5.4.25.Final
2022-01-06 20:51:27.451  INFO trungnd2-System-Product-Name --- [           main] o.h.a.c.Version                          : HCANN000001: Hibernate Commons Annotations {5.1.2.Final}
2022-01-06 20:51:27.528  INFO trungnd2-System-Product-Name --- [           main] o.h.d.Dialect                            : HHH000400: Using dialect: org.hibernate.dialect.PostgreSQL9Dialect
2022-01-06 20:51:27.743  INFO trungnd2-System-Product-Name --- [           main] Hibernate Types                          : is proudly powered by:

>>>>>>>>>>>>>>>>>>>>>>>>>>>>>>>>>>>>>>>>>>>>>>>>>>>>>>>>>>>>>>>>
 _    _                           _     _
| |  | |                         (_)   | |
| |__| |_   _ _ __   ___ _ __ ___ _ ___| |_ ___ _ __   ___ ___
|  __  | | | | '_ \ / _ \ '__/ __| / __| __/ _ \ '_ \ / __/ _ \
| |  | | |_| | |_) |  __/ |  \__ \ \__ \ ||  __/ | | | (_|  __/
|_|  |_|\__, | .__/ \___|_|  |___/_|___/\__\___|_| |_|\___\___|
         __/ | |
        |___/|_|

At Hypersistence, we only build amazing tools, like Hibernate Types, Flexy Pool, or Hypersistence Optimizer.
What if there was a tool that couuld automatically detect JPA and Hibernate performance issues?
Hypersistence Optimizer is that tool!
For more details, go to: 

https://vladmihalcea.com/hypersistence-optimizer/
<<<<<<<<<<<<<<<<<<<<<<<<<<<<<<<<<<<<<<<<<<<<<<<<<<<<<<<<<<<<<<<<

2022-01-06 20:51:28.177 ERROR trungnd2-System-Product-Name --- [           main] o.h.m.i.MetadataContext                  : HHH015007: Illegal argument on static metamodel field injection : vn.insee.jpa.entity.UserEntity_#lstSession; expected type :  org.hibernate.metamodel.model.domain.internal.SingularAttributeImpl; encountered type : javax.persistence.metamodel.ListAttribute
2022-01-06 20:51:28.178 ERROR trungnd2-System-Product-Name --- [           main] o.h.m.i.MetadataContext                  : HHH015007: Illegal argument on static metamodel field injection : vn.insee.jpa.entity.RetailerEntity_#products; expected type :  org.hibernate.metamodel.model.domain.internal.SingularAttributeImpl; encountered type : javax.persistence.metamodel.ListAttribute
2022-01-06 20:51:28.179 ERROR trungnd2-System-Product-Name --- [           main] o.h.m.i.MetadataContext                  : HHH015007: Illegal argument on static metamodel field injection : vn.insee.jpa.entity.SubmitConstructionEntity_#images; expected type :  org.hibernate.metamodel.model.domain.internal.SingularAttributeImpl; encountered type : javax.persistence.metamodel.ListAttribute
2022-01-06 20:51:28.179 ERROR trungnd2-System-Product-Name --- [           main] o.h.m.i.MetadataContext                  : HHH015007: Illegal argument on static metamodel field injection : vn.insee.jpa.entity.PromotionEntity_#ruleAcceptedCement; expected type :  org.hibernate.metamodel.model.domain.internal.SingularAttributeImpl; encountered type : javax.persistence.metamodel.ListAttribute
2022-01-06 20:51:28.180 ERROR trungnd2-System-Product-Name --- [           main] o.h.m.i.MetadataContext                  : HHH015007: Illegal argument on static metamodel field injection : vn.insee.jpa.entity.PromotionEntity_#location; expected type :  org.hibernate.metamodel.model.domain.internal.SingularAttributeImpl; encountered type : javax.persistence.metamodel.ListAttribute
2022-01-06 20:51:28.180 ERROR trungnd2-System-Product-Name --- [           main] o.h.m.i.MetadataContext                  : HHH015007: Illegal argument on static metamodel field injection : vn.insee.jpa.entity.ConstructionEntity_#imageIds; expected type :  org.hibernate.metamodel.model.domain.internal.SingularAttributeImpl; encountered type : javax.persistence.metamodel.ListAttribute
2022-01-06 20:51:28.180 ERROR trungnd2-System-Product-Name --- [           main] o.h.m.i.MetadataContext                  : HHH015007: Illegal argument on static metamodel field injection : vn.insee.jpa.entity.ConstructionEntity_#billIds; expected type :  org.hibernate.metamodel.model.domain.internal.SingularAttributeImpl; encountered type : javax.persistence.metamodel.ListAttribute
2022-01-06 20:51:28.185  INFO trungnd2-System-Product-Name --- [           main] o.h.e.t.j.p.i.JtaPlatformInitiator       : HHH000490: Using JtaPlatform implementation: [org.hibernate.engine.transaction.jta.platform.internal.NoJtaPlatform]
2022-01-06 20:51:28.192  INFO trungnd2-System-Product-Name --- [           main] j.LocalContainerEntityManagerFactoryBean : Initialized JPA EntityManagerFactory for persistence unit 'default'
2022-01-06 20:51:29.302  WARN trungnd2-System-Product-Name --- [           main] ConfigServletWebServerApplicationContext : Exception encountered during context initialization - cancelling refresh attempt: org.springframework.beans.factory.UnsatisfiedDependencyException: Error creating bean with name 'securityConfig': Unsatisfied dependency expressed through field 'unauthenticatedEntryPoint'; nested exception is org.springframework.beans.factory.NoSuchBeanDefinitionException: No qualifying bean of type 'org.springframework.security.web.AuthenticationEntryPoint' available: expected at least 1 bean which qualifies as autowire candidate. Dependency annotations: {@org.springframework.beans.factory.annotation.Autowired(required=true)}
2022-01-06 20:51:29.305  INFO trungnd2-System-Product-Name --- [           main] j.LocalContainerEntityManagerFactoryBean : Closing JPA EntityManagerFactory for persistence unit 'default'
2022-01-06 20:51:29.306  INFO trungnd2-System-Product-Name --- [           main] c.z.h.HikariDataSource                   : HikariPool-1 - Shutdown initiated...
2022-01-06 20:51:29.325  INFO trungnd2-System-Product-Name --- [           main] c.z.h.HikariDataSource                   : HikariPool-1 - Shutdown completed.
2022-01-06 20:51:29.326  INFO trungnd2-System-Product-Name --- [           main] o.a.c.c.StandardService                  : Stopping service [Tomcat]
2022-01-06 20:51:29.332  INFO trungnd2-System-Product-Name --- [           main] ConditionEvaluationReportLoggingListener : 

Error starting ApplicationContext. To display the conditions report re-run your application with 'debug' enabled.
2022-01-06 20:51:29.344 ERROR trungnd2-System-Product-Name --- [           main] o.s.b.d.LoggingFailureAnalysisReporter   : 

***************************
APPLICATION FAILED TO START
***************************

Description:

Field unauthenticatedEntryPoint in vn.insee.retailer.config.SecurityConfig required a bean of type 'org.springframework.security.web.AuthenticationEntryPoint' that could not be found.

The injection point has the following annotations:
	- @org.springframework.beans.factory.annotation.Autowired(required=true)


Action:

Consider defining a bean of type 'org.springframework.security.web.AuthenticationEntryPoint' in your configuration.

